Copyright 1986-2016 Xilinx, Inc. All Rights Reserved.
------------------------------------------------------------------------------------------------
| Tool Version : Vivado v.2016.4 (lin64) Build 1756540 Mon Jan 23 19:11:19 MST 2017
| Date         : Fri Mar 31 15:31:44 2017
| Host         : gkmikros-K56CB running 64-bit Ubuntu 16.04.2 LTS
| Command      : report_control_sets -verbose -file lab3_simple_wrapper_control_sets_placed.rpt
| Design       : lab3_simple_wrapper
| Device       : xc7z020
------------------------------------------------------------------------------------------------

Control Set Information

Table of Contents
-----------------
1. Summary
2. Flip-Flop Distribution
3. Detailed Control Set Information

1. Summary
----------

+----------------------------------------------------------+-------+
|                          Status                          | Count |
+----------------------------------------------------------+-------+
| Number of unique control sets                            |    64 |
| Unused register locations in slices containing registers |   151 |
+----------------------------------------------------------+-------+


2. Flip-Flop Distribution
-------------------------

+--------------+-----------------------+------------------------+-----------------+--------------+
| Clock Enable | Synchronous Set/Reset | Asynchronous Set/Reset | Total Registers | Total Slices |
+--------------+-----------------------+------------------------+-----------------+--------------+
| No           | No                    | No                     |             195 |           69 |
| No           | No                    | Yes                    |               9 |            3 |
| No           | Yes                   | No                     |             151 |           46 |
| Yes          | No                    | No                     |             478 |          103 |
| Yes          | No                    | Yes                    |               0 |            0 |
| Yes          | Yes                   | No                     |             264 |           66 |
+--------------+-----------------------+------------------------+-----------------+--------------+


3. Detailed Control Set Information
-----------------------------------

+---------------------------------------------------------------------------------------------+------------------------------------------------------------------------------------------------------------------------------------------------------------------+---------------------------------------------------------------------------------------------------------------------------------------------+------------------+----------------+
|                                         Clock Signal                                        |                                                                           Enable Signal                                                                          |                                                               Set/Reset Signal                                                              | Slice Load Count | Bel Load Count |
+---------------------------------------------------------------------------------------------+------------------------------------------------------------------------------------------------------------------------------------------------------------------+---------------------------------------------------------------------------------------------------------------------------------------------+------------------+----------------+
|  lab3_simple_i/Gray_counter_ip_0/inst/Gray_counter_ip_v1_0_S00_AXI_inst/U1/clk_en_reg03_out |                                                                                                                                                                  | lab3_simple_i/Gray_counter_ip_0/inst/Gray_counter_ip_v1_0_S00_AXI_inst/U1/reset_reg_reg_i_2_n_0                                             |                1 |              1 |
|  lab3_simple_i/Gray_counter_ip_0/inst/Gray_counter_ip_v1_0_S00_AXI_inst/U1/delay_reg_reg/G0 |                                                                                                                                                                  |                                                                                                                                             |                1 |              1 |
|  lab3_simple_i/processing_system7_0/inst/FCLK_CLK0                                          | lab3_simple_i/ps7_0_axi_periph/s00_couplers/auto_pc/inst/gen_axilite.gen_b2s_conv.axilite_b2s/WR.b_channel_0/bid_fifo_0/bresp_push                               |                                                                                                                                             |                1 |              2 |
|  lab3_simple_i/processing_system7_0/inst/FCLK_CLK0                                          |                                                                                                                                                                  | lab3_simple_i/sw_8bit/U0/AXI_LITE_IPIF_I/I_SLAVE_ATTACHMENT/clear                                                                           |                1 |              4 |
|  lab3_simple_i/processing_system7_0/inst/FCLK_CLK0                                          | lab3_simple_i/ps7_0_axi_periph/s00_couplers/auto_pc/inst/gen_axilite.gen_b2s_conv.axilite_b2s/RD.ar_channel_0/ar_cmd_fsm_0/axlen_cnt_reg[3][0]                   | lab3_simple_i/ps7_0_axi_periph/s00_couplers/auto_pc/inst/gen_axilite.gen_b2s_conv.axilite_b2s/RD.ar_channel_0/ar_cmd_fsm_0/axlen_cnt_reg[7] |                1 |              4 |
|  lab3_simple_i/processing_system7_0/inst/FCLK_CLK0                                          |                                                                                                                                                                  | lab3_simple_i/btns_5bit/U0/AXI_LITE_IPIF_I/I_SLAVE_ATTACHMENT/clear                                                                         |                1 |              4 |
|  lab3_simple_i/processing_system7_0/inst/FCLK_CLK0                                          | lab3_simple_i/ps7_0_axi_periph/s00_couplers/auto_pc/inst/gen_axilite.gen_b2s_conv.axilite_b2s/WR.aw_channel_0/aw_cmd_fsm_0/E[0]                                  | lab3_simple_i/ps7_0_axi_periph/s00_couplers/auto_pc/inst/gen_axilite.gen_b2s_conv.axilite_b2s/WR.aw_channel_0/aw_cmd_fsm_0/axlen_cnt_reg[7] |                2 |              4 |
|  lab3_simple_i/processing_system7_0/inst/FCLK_CLK0                                          |                                                                                                                                                                  | lab3_simple_i/ps7_0_axi_periph/s00_couplers/auto_pc/inst/gen_axilite.gen_b2s_conv.axilite_b2s/SI_REG/ar_pipe/m_valid_i_reg_0                |                2 |              4 |
|  lab3_simple_i/processing_system7_0/inst/FCLK_CLK0                                          |                                                                                                                                                                  | lab3_simple_i/ps7_0_axi_periph/s00_couplers/auto_pc/inst/gen_axilite.gen_b2s_conv.axilite_b2s/SI_REG/aw_pipe/s_ready_i_reg_0                |                3 |              4 |
|  lab3_simple_i/processing_system7_0/inst/FCLK_CLK0                                          | lab3_simple_i/btns_5bit/U0/AXI_LITE_IPIF_I/I_SLAVE_ATTACHMENT/bus2ip_addr_i[8]_i_1_n_0                                                                           | lab3_simple_i/btns_5bit/U0/AXI_LITE_IPIF_I/I_SLAVE_ATTACHMENT/SR                                                                            |                1 |              4 |
|  lab3_simple_i/processing_system7_0/inst/FCLK_CLK0                                          | lab3_simple_i/sw_8bit/U0/AXI_LITE_IPIF_I/I_SLAVE_ATTACHMENT/bus2ip_addr_i[8]_i_1_n_0                                                                             | lab3_simple_i/sw_8bit/U0/AXI_LITE_IPIF_I/I_SLAVE_ATTACHMENT/SR                                                                              |                1 |              4 |
|  lab3_simple_i/processing_system7_0/inst/FCLK_CLK0                                          |                                                                                                                                                                  | lab3_simple_i/rst_ps7_0_100M/U0/EXT_LPF/lpf_int                                                                                             |                1 |              5 |
|  lab3_simple_i/processing_system7_0/inst/FCLK_CLK0                                          |                                                                                                                                                                  | lab3_simple_i/btns_5bit/U0/AXI_LITE_IPIF_I/I_SLAVE_ATTACHMENT/I_DECODER/Not_Dual.READ_REG_GEN[0].GPIO_DBus_i_reg[27]                        |                2 |              5 |
|  lab3_simple_i/processing_system7_0/inst/FCLK_CLK0                                          | lab3_simple_i/btns_5bit/U0/AXI_LITE_IPIF_I/I_SLAVE_ATTACHMENT/s_axi_rdata_i[4]_i_1_n_0                                                                           | lab3_simple_i/btns_5bit/U0/AXI_LITE_IPIF_I/I_SLAVE_ATTACHMENT/SR                                                                            |                1 |              5 |
|  lab3_simple_i/processing_system7_0/inst/FCLK_CLK0                                          | lab3_simple_i/btns_5bit/U0/AXI_LITE_IPIF_I/I_SLAVE_ATTACHMENT/I_DECODER/Not_Dual.gpio_OE_reg[0][0]                                                               | lab3_simple_i/btns_5bit/U0/AXI_LITE_IPIF_I/I_SLAVE_ATTACHMENT/SR                                                                            |                2 |              5 |
|  lab3_simple_i/processing_system7_0/inst/FCLK_CLK0                                          | lab3_simple_i/rst_ps7_0_100M/U0/SEQ/seq_cnt_en                                                                                                                   | lab3_simple_i/rst_ps7_0_100M/U0/SEQ/SEQ_COUNTER/clear                                                                                       |                1 |              6 |
|  lab3_simple_i/processing_system7_0/inst/FCLK_CLK0                                          | lab3_simple_i/Gray_counter_ip_0/inst/Gray_counter_ip_v1_0_S00_AXI_inst/slv_reg1[23]_i_1_n_0                                                                      | lab3_simple_i/Gray_counter_ip_0/inst/Gray_counter_ip_v1_0_S00_AXI_inst/U1/SR[0]                                                             |                1 |              8 |
|  lab3_simple_i/processing_system7_0/inst/FCLK_CLK0                                          | lab3_simple_i/Gray_counter_ip_0/inst/Gray_counter_ip_v1_0_S00_AXI_inst/slv_reg1[31]_i_1_n_0                                                                      | lab3_simple_i/Gray_counter_ip_0/inst/Gray_counter_ip_v1_0_S00_AXI_inst/U1/SR[0]                                                             |                1 |              8 |
|  lab3_simple_i/processing_system7_0/inst/FCLK_CLK0                                          | lab3_simple_i/sw_8bit/U0/AXI_LITE_IPIF_I/I_SLAVE_ATTACHMENT/I_DECODER/Not_Dual.gpio_OE_reg[0][0]                                                                 | lab3_simple_i/sw_8bit/U0/AXI_LITE_IPIF_I/I_SLAVE_ATTACHMENT/SR                                                                              |                3 |              8 |
|  lab3_simple_i/processing_system7_0/inst/FCLK_CLK0                                          | lab3_simple_i/Gray_counter_ip_0/inst/Gray_counter_ip_v1_0_S00_AXI_inst/slv_reg1[15]_i_1_n_0                                                                      | lab3_simple_i/Gray_counter_ip_0/inst/Gray_counter_ip_v1_0_S00_AXI_inst/U1/SR[0]                                                             |                1 |              8 |
|  lab3_simple_i/processing_system7_0/inst/FCLK_CLK0                                          | lab3_simple_i/Gray_counter_ip_0/inst/Gray_counter_ip_v1_0_S00_AXI_inst/slv_reg0[7]_i_1_n_0                                                                       | lab3_simple_i/Gray_counter_ip_0/inst/Gray_counter_ip_v1_0_S00_AXI_inst/U1/SR[0]                                                             |                2 |              8 |
|  lab3_simple_i/processing_system7_0/inst/FCLK_CLK0                                          | lab3_simple_i/Gray_counter_ip_0/inst/Gray_counter_ip_v1_0_S00_AXI_inst/slv_reg0[31]_i_1_n_0                                                                      | lab3_simple_i/Gray_counter_ip_0/inst/Gray_counter_ip_v1_0_S00_AXI_inst/U1/SR[0]                                                             |                1 |              8 |
|  lab3_simple_i/processing_system7_0/inst/FCLK_CLK0                                          | lab3_simple_i/Gray_counter_ip_0/inst/Gray_counter_ip_v1_0_S00_AXI_inst/slv_reg0[23]_i_1_n_0                                                                      | lab3_simple_i/Gray_counter_ip_0/inst/Gray_counter_ip_v1_0_S00_AXI_inst/U1/SR[0]                                                             |                2 |              8 |
|  lab3_simple_i/processing_system7_0/inst/FCLK_CLK0                                          | lab3_simple_i/Gray_counter_ip_0/inst/Gray_counter_ip_v1_0_S00_AXI_inst/slv_reg0[15]_i_1_n_0                                                                      | lab3_simple_i/Gray_counter_ip_0/inst/Gray_counter_ip_v1_0_S00_AXI_inst/U1/SR[0]                                                             |                2 |              8 |
|  lab3_simple_i/processing_system7_0/inst/FCLK_CLK0                                          | lab3_simple_i/Gray_counter_ip_0/inst/Gray_counter_ip_v1_0_S00_AXI_inst/slv_reg1[7]_i_1_n_0                                                                       | lab3_simple_i/Gray_counter_ip_0/inst/Gray_counter_ip_v1_0_S00_AXI_inst/U1/SR[0]                                                             |                2 |              8 |
|  lab3_simple_i/processing_system7_0/inst/FCLK_CLK0                                          | lab3_simple_i/sw_8bit/U0/AXI_LITE_IPIF_I/I_SLAVE_ATTACHMENT/s_axi_rdata_i[7]_i_1_n_0                                                                             | lab3_simple_i/sw_8bit/U0/AXI_LITE_IPIF_I/I_SLAVE_ATTACHMENT/SR                                                                              |                1 |              8 |
|  lab3_simple_i/processing_system7_0/inst/FCLK_CLK0                                          | lab3_simple_i/Gray_counter_ip_0/inst/Gray_counter_ip_v1_0_S00_AXI_inst/p_1_in[15]                                                                                | lab3_simple_i/Gray_counter_ip_0/inst/Gray_counter_ip_v1_0_S00_AXI_inst/U1/SR[0]                                                             |                1 |              8 |
|  lab3_simple_i/processing_system7_0/inst/FCLK_CLK0                                          | lab3_simple_i/Gray_counter_ip_0/inst/Gray_counter_ip_v1_0_S00_AXI_inst/p_1_in[7]                                                                                 | lab3_simple_i/Gray_counter_ip_0/inst/Gray_counter_ip_v1_0_S00_AXI_inst/U1/SR[0]                                                             |                1 |              8 |
|  lab3_simple_i/processing_system7_0/inst/FCLK_CLK0                                          | lab3_simple_i/Gray_counter_ip_0/inst/Gray_counter_ip_v1_0_S00_AXI_inst/p_1_in[23]                                                                                | lab3_simple_i/Gray_counter_ip_0/inst/Gray_counter_ip_v1_0_S00_AXI_inst/U1/SR[0]                                                             |                1 |              8 |
|  lab3_simple_i/processing_system7_0/inst/FCLK_CLK0                                          | lab3_simple_i/Gray_counter_ip_0/inst/Gray_counter_ip_v1_0_S00_AXI_inst/p_1_in[31]                                                                                | lab3_simple_i/Gray_counter_ip_0/inst/Gray_counter_ip_v1_0_S00_AXI_inst/U1/SR[0]                                                             |                2 |              8 |
|  lab3_simple_i/processing_system7_0/inst/FCLK_CLK0                                          | lab3_simple_i/ps7_0_axi_periph/s00_couplers/auto_pc/inst/gen_axilite.gen_b2s_conv.axilite_b2s/WR.b_channel_0/mhandshake_r                                        | lab3_simple_i/ps7_0_axi_periph/s00_couplers/auto_pc/inst/gen_axilite.gen_b2s_conv.axilite_b2s/WR.b_channel_0/bid_fifo_0/SR[0]               |                3 |              8 |
|  lab3_simple_i/processing_system7_0/inst/FCLK_CLK0                                          |                                                                                                                                                                  | lab3_simple_i/sw_8bit/U0/AXI_LITE_IPIF_I/I_SLAVE_ATTACHMENT/I_DECODER/Not_Dual.READ_REG_GEN[0].GPIO_DBus_i_reg[24]                          |                3 |              8 |
|  lab3_simple_i/processing_system7_0/inst/FCLK_CLK0                                          |                                                                                                                                                                  | lab3_simple_i/Gray_counter_ip_0/inst/Gray_counter_ip_v1_0_S00_AXI_inst/U1/reset_reg                                                         |                3 |              9 |
|  lab3_simple_i/processing_system7_0/inst/FCLK_CLK0                                          | lab3_simple_i/Gray_counter_ip_0/inst/Gray_counter_ip_v1_0_S00_AXI_inst/U1/progressive_debounceButton/counter_max[25]_i_1_n_0                                     |                                                                                                                                             |                5 |              9 |
|  lab3_simple_i/processing_system7_0/inst/FCLK_CLK0                                          |                                                                                                                                                                  | lab3_simple_i/Gray_counter_ip_0/inst/Gray_counter_ip_v1_0_S00_AXI_inst/U1/SR[0]                                                             |                6 |             11 |
|  lab3_simple_i/processing_system7_0/inst/FCLK_CLK0                                          | lab3_simple_i/Gray_counter_ip_0/inst/Gray_counter_ip_v1_0_S00_AXI_inst/U1/progressive_debounceButton/cnt[10]_i_2_n_0                                             | lab3_simple_i/Gray_counter_ip_0/inst/Gray_counter_ip_v1_0_S00_AXI_inst/U1/progressive_debounceButton/cnt[10]_i_1_n_0                        |                3 |             11 |
|  lab3_simple_i/processing_system7_0/inst/FCLK_CLK0                                          | lab3_simple_i/ps7_0_axi_periph/s00_couplers/auto_pc/inst/gen_axilite.gen_b2s_conv.axilite_b2s/WR.aw_channel_0/cmd_translator_0/incr_cmd_0/axaddr_incr[0]_i_1_n_0 |                                                                                                                                             |                3 |             12 |
|  lab3_simple_i/processing_system7_0/inst/FCLK_CLK0                                          | lab3_simple_i/ps7_0_axi_periph/s00_couplers/auto_pc/inst/gen_axilite.gen_b2s_conv.axilite_b2s/WR.aw_channel_0/aw_cmd_fsm_0/wrap_boundary_axaddr_r_reg[0][0]      |                                                                                                                                             |                6 |             12 |
|  lab3_simple_i/processing_system7_0/inst/FCLK_CLK0                                          | lab3_simple_i/ps7_0_axi_periph/s00_couplers/auto_pc/inst/gen_axilite.gen_b2s_conv.axilite_b2s/RD.ar_channel_0/ar_cmd_fsm_0/E[0]                                  |                                                                                                                                             |                4 |             12 |
|  lab3_simple_i/processing_system7_0/inst/FCLK_CLK0                                          | lab3_simple_i/ps7_0_axi_periph/s00_couplers/auto_pc/inst/gen_axilite.gen_b2s_conv.axilite_b2s/RD.ar_channel_0/ar_cmd_fsm_0/axaddr_incr_reg[11]                   |                                                                                                                                             |                3 |             12 |
|  lab3_simple_i/processing_system7_0/inst/FCLK_CLK0                                          |                                                                                                                                                                  | lab3_simple_i/ps7_0_axi_periph/xbar/inst/gen_sasd.crossbar_sasd_0/addr_arbiter_inst/SR[0]                                                   |                4 |             13 |
|  lab3_simple_i/processing_system7_0/inst/FCLK_CLK0                                          | lab3_simple_i/ps7_0_axi_periph/s00_couplers/auto_pc/inst/gen_axilite.gen_b2s_conv.axilite_b2s/RD.r_channel_0/r_push_r                                            |                                                                                                                                             |                4 |             13 |
|  lab3_simple_i/processing_system7_0/inst/FCLK_CLK0                                          | lab3_simple_i/ps7_0_axi_periph/s00_couplers/auto_pc/inst/gen_axilite.gen_b2s_conv.axilite_b2s/SI_REG/b_pipe/skid_buffer_reg[0]_0                                 |                                                                                                                                             |                2 |             14 |
|  lab3_simple_i/processing_system7_0/inst/FCLK_CLK0                                          | lab3_simple_i/ps7_0_axi_periph/s00_couplers/auto_pc/inst/gen_axilite.gen_b2s_conv.axilite_b2s/SI_REG/b_pipe/p_1_in                                               |                                                                                                                                             |                2 |             14 |
|  lab3_simple_i/processing_system7_0/inst/FCLK_CLK0                                          |                                                                                                                                                                  | lab3_simple_i/btns_5bit/U0/AXI_LITE_IPIF_I/I_SLAVE_ATTACHMENT/SR                                                                            |                6 |             16 |
|  lab3_simple_i/processing_system7_0/inst/FCLK_CLK0                                          | lab3_simple_i/ps7_0_axi_periph/s00_couplers/auto_pc/inst/gen_axilite.gen_b2s_conv.axilite_b2s/WR.aw_channel_0/aw_cmd_fsm_0/b_push                                |                                                                                                                                             |                3 |             16 |
|  lab3_simple_i/processing_system7_0/inst/FCLK_CLK0                                          | lab3_simple_i/Gray_counter_ip_0/inst/Gray_counter_ip_v1_0_S00_AXI_inst/U1/progressive_debounceButton/counter_max[25]_i_1_n_0                                     | lab3_simple_i/Gray_counter_ip_0/inst/Gray_counter_ip_v1_0_S00_AXI_inst/U1/progressive_debounceButton/counter_max[11]_i_1_n_0                |                4 |             18 |
|  lab3_simple_i/processing_system7_0/inst/FCLK_CLK0                                          | lab3_simple_i/ps7_0_axi_periph/xbar/inst/gen_sasd.crossbar_sasd_0/addr_arbiter_inst/p_0_in1_in                                                                   | lab3_simple_i/ps7_0_axi_periph/xbar/inst/gen_sasd.crossbar_sasd_0/addr_arbiter_inst/SR[0]                                                   |                6 |             19 |
|  lab3_simple_i/processing_system7_0/inst/FCLK_CLK0                                          |                                                                                                                                                                  | lab3_simple_i/sw_8bit/U0/AXI_LITE_IPIF_I/I_SLAVE_ATTACHMENT/SR                                                                              |                4 |             19 |
|  lab3_simple_i/processing_system7_0/inst/FCLK_CLK0                                          | lab3_simple_i/ps7_0_axi_periph/s00_couplers/auto_pc/inst/gen_axilite.gen_b2s_conv.axilite_b2s/WR.aw_channel_0/aw_cmd_fsm_0/E[0]                                  |                                                                                                                                             |                8 |             20 |
|  lab3_simple_i/processing_system7_0/inst/FCLK_CLK0                                          | lab3_simple_i/ps7_0_axi_periph/s00_couplers/auto_pc/inst/gen_axilite.gen_b2s_conv.axilite_b2s/RD.ar_channel_0/ar_cmd_fsm_0/axlen_cnt_reg[3][0]                   |                                                                                                                                             |                8 |             20 |
|  lab3_simple_i/processing_system7_0/inst/FCLK_CLK0                                          | lab3_simple_i/ps7_0_axi_periph/xbar/inst/gen_sasd.crossbar_sasd_0/reg_slice_r/aa_rready                                                                          |                                                                                                                                             |                6 |             32 |
|  lab3_simple_i/processing_system7_0/inst/FCLK_CLK0                                          | lab3_simple_i/Gray_counter_ip_0/inst/Gray_counter_ip_v1_0_S00_AXI_inst/slv_reg_rden__0                                                                           | lab3_simple_i/Gray_counter_ip_0/inst/Gray_counter_ip_v1_0_S00_AXI_inst/U1/SR[0]                                                             |               12 |             32 |
|  lab3_simple_i/processing_system7_0/inst/FCLK_CLK0                                          | lab3_simple_i/Gray_counter_ip_0/inst/Gray_counter_ip_v1_0_S00_AXI_inst/U1/progressive_debounceButton/counter[0]_i_2_n_0                                          | lab3_simple_i/Gray_counter_ip_0/inst/Gray_counter_ip_v1_0_S00_AXI_inst/U1/progressive_debounceButton/counter                                |                8 |             32 |
|  lab3_simple_i/processing_system7_0/inst/FCLK_CLK0                                          | lab3_simple_i/ps7_0_axi_periph/s00_couplers/auto_pc/inst/gen_axilite.gen_b2s_conv.axilite_b2s/RD.r_channel_0/rd_data_fifo_0/wr_en0                               |                                                                                                                                             |                9 |             34 |
|  lab3_simple_i/processing_system7_0/inst/FCLK_CLK0                                          | lab3_simple_i/ps7_0_axi_periph/xbar/inst/gen_sasd.crossbar_sasd_0/addr_arbiter_inst/E[0]                                                                         |                                                                                                                                             |                6 |             35 |
|  lab3_simple_i/processing_system7_0/inst/FCLK_CLK0                                          | lab3_simple_i/ps7_0_axi_periph/s00_couplers/auto_pc/inst/gen_axilite.gen_b2s_conv.axilite_b2s/SI_REG/r_pipe/p_1_in                                               |                                                                                                                                             |                7 |             47 |
|  lab3_simple_i/processing_system7_0/inst/FCLK_CLK0                                          | lab3_simple_i/ps7_0_axi_periph/s00_couplers/auto_pc/inst/gen_axilite.gen_b2s_conv.axilite_b2s/SI_REG/r_pipe/skid_buffer_reg[0]_0                                 |                                                                                                                                             |                6 |             47 |
|  lab3_simple_i/processing_system7_0/inst/FCLK_CLK0                                          | lab3_simple_i/ps7_0_axi_periph/s00_couplers/auto_pc/inst/gen_axilite.gen_b2s_conv.axilite_b2s/SI_REG/aw_pipe/s_axi_awready                                       |                                                                                                                                             |                9 |             48 |
|  lab3_simple_i/processing_system7_0/inst/FCLK_CLK0                                          | lab3_simple_i/ps7_0_axi_periph/s00_couplers/auto_pc/inst/gen_axilite.gen_b2s_conv.axilite_b2s/SI_REG/ar_pipe/s_axi_arready                                       |                                                                                                                                             |               10 |             48 |
|  lab3_simple_i/processing_system7_0/inst/FCLK_CLK0                                          | lab3_simple_i/ps7_0_axi_periph/s00_couplers/auto_pc/inst/gen_axilite.gen_b2s_conv.axilite_b2s/WR.aw_channel_0/aw_cmd_fsm_0/m_payload_i_reg[0][0]                 |                                                                                                                                             |                8 |             48 |
|  lab3_simple_i/processing_system7_0/inst/FCLK_CLK0                                          | lab3_simple_i/ps7_0_axi_periph/s00_couplers/auto_pc/inst/gen_axilite.gen_b2s_conv.axilite_b2s/RD.ar_channel_0/ar_cmd_fsm_0/m_payload_i_reg[0]_1[0]               |                                                                                                                                             |               10 |             48 |
|  lab3_simple_i/processing_system7_0/inst/FCLK_CLK0                                          |                                                                                                                                                                  | lab3_simple_i/ps7_0_axi_periph/s00_couplers/auto_pc/inst/gen_axilite.gen_b2s_conv.axilite_b2s/areset_d1                                     |               12 |             57 |
|  lab3_simple_i/processing_system7_0/inst/FCLK_CLK0                                          |                                                                                                                                                                  |                                                                                                                                             |               69 |            195 |
+---------------------------------------------------------------------------------------------+------------------------------------------------------------------------------------------------------------------------------------------------------------------+---------------------------------------------------------------------------------------------------------------------------------------------+------------------+----------------+


+--------+-----------------------+
| Fanout | Number of ControlSets |
+--------+-----------------------+
| 1      |                     2 |
| 2      |                     1 |
| 4      |                     8 |
| 5      |                     4 |
| 6      |                     1 |
| 8      |                    16 |
| 9      |                     2 |
| 11     |                     2 |
| 12     |                     4 |
| 13     |                     2 |
| 14     |                     2 |
| 16+    |                    20 |
+--------+-----------------------+


