
*** Running vivado
    with args -log lab3_simple_processing_system7_0_0.vds -m64 -product Vivado -mode batch -messageDb vivado.pb -notrace -source lab3_simple_processing_system7_0_0.tcl

awk: symbol lookup error: awk: undefined symbol: mpfr_z_sub

****** Vivado v2016.4 (64-bit)
  **** SW Build 1756540 on Mon Jan 23 19:11:19 MST 2017
  **** IP Build 1755317 on Mon Jan 23 20:30:07 MST 2017
    ** Copyright 1986-2016 Xilinx, Inc. All Rights Reserved.

source lab3_simple_processing_system7_0_0.tcl -notrace
awk: symbol lookup error: awk: undefined symbol: mpfr_z_sub
Starting RTL Elaboration : Time (s): cpu = 00:00:11 ; elapsed = 00:00:12 . Memory (MB): peak = 1109.559 ; gain = 179.086 ; free physical = 305 ; free virtual = 3985
INFO: [Synth 8-638] synthesizing module 'lab3_simple_processing_system7_0_0' [/home/gkmikros/Dropbox/CE435/Lab3/lab3_graycounter/lab3_graycounter.srcs/sources_1/bd/lab3_simple/ip/lab3_simple_processing_system7_0_0/synth/lab3_simple_processing_system7_0_0.v:60]
INFO: [Synth 8-638] synthesizing module 'processing_system7_v5_5_processing_system7' [/home/gkmikros/Dropbox/CE435/Lab3/lab3_graycounter/lab3_graycounter.srcs/sources_1/bd/lab3_simple/ip/lab3_simple_processing_system7_0_0/hdl/verilog/processing_system7_v5_5_processing_system7.v:161]
INFO: [Synth 8-638] synthesizing module 'BUFG' [/opt/Xilinx/Vivado/2016.4/scripts/rt/data/unisim_comp.v:607]
INFO: [Synth 8-256] done synthesizing module 'BUFG' (1#1) [/opt/Xilinx/Vivado/2016.4/scripts/rt/data/unisim_comp.v:607]
INFO: [Synth 8-638] synthesizing module 'BIBUF' [/opt/Xilinx/Vivado/2016.4/scripts/rt/data/unisim_comp.v:268]
INFO: [Synth 8-256] done synthesizing module 'BIBUF' (2#1) [/opt/Xilinx/Vivado/2016.4/scripts/rt/data/unisim_comp.v:268]
INFO: [Synth 8-638] synthesizing module 'PS7' [/opt/Xilinx/Vivado/2016.4/scripts/rt/data/unisim_comp.v:33182]
INFO: [Synth 8-256] done synthesizing module 'PS7' (3#1) [/opt/Xilinx/Vivado/2016.4/scripts/rt/data/unisim_comp.v:33182]
INFO: [Synth 8-256] done synthesizing module 'processing_system7_v5_5_processing_system7' (4#1) [/home/gkmikros/Dropbox/CE435/Lab3/lab3_graycounter/lab3_graycounter.srcs/sources_1/bd/lab3_simple/ip/lab3_simple_processing_system7_0_0/hdl/verilog/processing_system7_v5_5_processing_system7.v:161]
INFO: [Synth 8-256] done synthesizing module 'lab3_simple_processing_system7_0_0' (5#1) [/home/gkmikros/Dropbox/CE435/Lab3/lab3_graycounter/lab3_graycounter.srcs/sources_1/bd/lab3_simple/ip/lab3_simple_processing_system7_0_0/synth/lab3_simple_processing_system7_0_0.v:60]
Finished RTL Elaboration : Time (s): cpu = 00:00:12 ; elapsed = 00:00:14 . Memory (MB): peak = 1151.027 ; gain = 220.555 ; free physical = 229 ; free virtual = 3909
Finished RTL Optimization Phase 1 : Time (s): cpu = 00:00:12 ; elapsed = 00:00:14 . Memory (MB): peak = 1151.027 ; gain = 220.555 ; free physical = 220 ; free virtual = 3900
INFO: [Device 21-403] Loading part xc7z020clg484-1
Constraint Validation Runtime : Time (s): cpu = 00:00:00.03 ; elapsed = 00:00:00.11 . Memory (MB): peak = 1424.059 ; gain = 0.000 ; free physical = 108 ; free virtual = 3572
Finished Constraint Validation : Time (s): cpu = 00:00:24 ; elapsed = 00:00:27 . Memory (MB): peak = 1424.059 ; gain = 493.586 ; free physical = 121 ; free virtual = 3525
Finished Loading Part and Timing Information : Time (s): cpu = 00:00:24 ; elapsed = 00:00:27 . Memory (MB): peak = 1424.059 ; gain = 493.586 ; free physical = 121 ; free virtual = 3525
Finished applying 'set_property' XDC Constraints : Time (s): cpu = 00:00:24 ; elapsed = 00:00:27 . Memory (MB): peak = 1424.059 ; gain = 493.586 ; free physical = 120 ; free virtual = 3525
Finished RTL Optimization Phase 2 : Time (s): cpu = 00:00:25 ; elapsed = 00:00:28 . Memory (MB): peak = 1424.059 ; gain = 493.586 ; free physical = 118 ; free virtual = 3522
Finished Cross Boundary and Area Optimization : Time (s): cpu = 00:00:25 ; elapsed = 00:00:28 . Memory (MB): peak = 1440.074 ; gain = 509.602 ; free physical = 127 ; free virtual = 3513
Finished Applying XDC Timing Constraints : Time (s): cpu = 00:00:35 ; elapsed = 00:00:40 . Memory (MB): peak = 1623.074 ; gain = 692.602 ; free physical = 118 ; free virtual = 3281
Finished Timing Optimization : Time (s): cpu = 00:00:35 ; elapsed = 00:00:40 . Memory (MB): peak = 1643.082 ; gain = 712.609 ; free physical = 130 ; free virtual = 3252
Finished Technology Mapping : Time (s): cpu = 00:00:36 ; elapsed = 00:00:42 . Memory (MB): peak = 1651.090 ; gain = 720.617 ; free physical = 119 ; free virtual = 3242
Finished IO Insertion : Time (s): cpu = 00:00:38 ; elapsed = 00:00:43 . Memory (MB): peak = 1651.090 ; gain = 720.617 ; free physical = 115 ; free virtual = 3242
Finished Renaming Generated Instances : Time (s): cpu = 00:00:38 ; elapsed = 00:00:43 . Memory (MB): peak = 1651.090 ; gain = 720.617 ; free physical = 115 ; free virtual = 3242
Finished Rebuilding User Hierarchy : Time (s): cpu = 00:00:38 ; elapsed = 00:00:43 . Memory (MB): peak = 1651.090 ; gain = 720.617 ; free physical = 115 ; free virtual = 3242
Finished Renaming Generated Ports : Time (s): cpu = 00:00:38 ; elapsed = 00:00:43 . Memory (MB): peak = 1651.090 ; gain = 720.617 ; free physical = 115 ; free virtual = 3242
Finished Handling Custom Attributes : Time (s): cpu = 00:00:38 ; elapsed = 00:00:43 . Memory (MB): peak = 1651.090 ; gain = 720.617 ; free physical = 115 ; free virtual = 3242
Finished Renaming Generated Nets : Time (s): cpu = 00:00:38 ; elapsed = 00:00:44 . Memory (MB): peak = 1651.090 ; gain = 720.617 ; free physical = 115 ; free virtual = 3242

Report Cell Usage: 
+------+------+------+
|      |Cell  |Count |
+------+------+------+
|1     |BIBUF |   130|
|2     |BUFG  |     1|
|3     |LUT1  |   112|
|4     |PS7   |     1|
+------+------+------+
Finished Writing Synthesis Report : Time (s): cpu = 00:00:38 ; elapsed = 00:00:44 . Memory (MB): peak = 1651.090 ; gain = 720.617 ; free physical = 115 ; free virtual = 3242
synth_design: Time (s): cpu = 00:00:35 ; elapsed = 00:00:48 . Memory (MB): peak = 1664.090 ; gain = 640.113 ; free physical = 111 ; free virtual = 3239
write_verilog: Time (s): cpu = 00:00:00.07 ; elapsed = 00:00:12 . Memory (MB): peak = 1664.090 ; gain = 0.000 ; free physical = 151 ; free virtual = 3243
