Copyright 1986-2019 Xilinx, Inc. All Rights Reserved.
------------------------------------------------------------------------------------
| Tool Version : Vivado v.2019.1 (win64) Build 2552052 Fri May 24 14:49:42 MDT 2019
| Date         : Sun Apr 26 19:22:50 2020
| Host         : DESKTOP-KE3UBO5 running 64-bit major release  (build 9200)
| Command      : upgrade_ip
| Device       : xc7z020clg484-1
------------------------------------------------------------------------------------

Upgrade Log for IP 'lab3_simple_rst_ps7_0_100M_0'

1. Summary
----------

SUCCESS in the upgrade of lab3_simple_rst_ps7_0_100M_0 (xilinx.com:ip:proc_sys_reset:5.0) from (Rev. 10) to (Rev. 13)






Copyright 1986-2019 Xilinx, Inc. All Rights Reserved.
------------------------------------------------------------------------------------
| Tool Version : Vivado v.2019.1 (win64) Build 2552052 Fri May 24 14:49:42 MDT 2019
| Date         : Sun Apr 26 19:22:50 2020
| Host         : DESKTOP-KE3UBO5 running 64-bit major release  (build 9200)
| Command      : upgrade_ip
| Device       : xc7z020clg484-1
------------------------------------------------------------------------------------

Upgrade Log for IP 'lab3_simple_ps7_0_axi_periph_1_0'

1. Summary
----------

SUCCESS in the upgrade of lab3_simple_ps7_0_axi_periph_1_0 (xilinx.com:ip:axi_interconnect:2.1) from (Rev. 12) to (Rev. 20)






Copyright 1986-2019 Xilinx, Inc. All Rights Reserved.
------------------------------------------------------------------------------------
| Tool Version : Vivado v.2019.1 (win64) Build 2552052 Fri May 24 14:49:42 MDT 2019
| Date         : Sun Apr 26 19:22:50 2020
| Host         : DESKTOP-KE3UBO5 running 64-bit major release  (build 9200)
| Command      : upgrade_ip
| Device       : xc7z020clg484-1
------------------------------------------------------------------------------------

Upgrade Log for IP 'lab3_simple_processing_system7_0_0'

1. Summary
----------

SUCCESS in the upgrade of lab3_simple_processing_system7_0_0 (xilinx.com:ip:processing_system7:5.5) from (Rev. 3) to (Rev. 6)

2. Upgrade messages
-------------------

WARNING: upgrade cannot add parameter PCW_TRACE_INTERNAL_WIDTH with default value 32 : a parameter called PCW_TRACE_INTERNAL_WIDTH already exists in processing_system7_v5_5
WARNING: upgrade cannot add parameter PCW_USE_AXI_NONSECURE with default value 0 : a parameter called PCW_USE_AXI_NONSECURE already exists in processing_system7_v5_5
WARNING: upgrade cannot add parameter PCW_EN_PTP_ENET0 with default value 1 : a parameter called PCW_EN_PTP_ENET0 already exists in processing_system7_v5_5
WARNING: upgrade cannot add parameter PCW_EN_PTP_ENET0 with default value 1 : a parameter called PCW_EN_PTP_ENET0 already exists in processing_system7_v5_5
WARNING: upgrade cannot add parameter PCW_GP0_NUM_WRITE_THREADS with default value 4 : a parameter called PCW_GP0_NUM_WRITE_THREADS already exists in processing_system7_v5_5
WARNING: upgrade cannot add parameter PCW_GP0_NUM_READ_THREADS with default value 4 : a parameter called PCW_GP0_NUM_READ_THREADS already exists in processing_system7_v5_5
WARNING: upgrade cannot add parameter PCW_GP1_NUM_WRITE_THREADS with default value 4 : a parameter called PCW_GP1_NUM_WRITE_THREADS already exists in processing_system7_v5_5
WARNING: upgrade cannot add parameter PCW_GP1_NUM_READ_THREADS with default value 4 : a parameter called PCW_GP1_NUM_READ_THREADS already exists in processing_system7_v5_5
WARNING: upgrade cannot add parameter PCW_GP0_EN_MODIFIABLE_TXN with default value 0 : a parameter called PCW_GP0_EN_MODIFIABLE_TXN already exists in processing_system7_v5_5
WARNING: upgrade cannot add parameter PCW_GP1_EN_MODIFIABLE_TXN with default value 0 : a parameter called PCW_GP1_EN_MODIFIABLE_TXN already exists in processing_system7_v5_5






Copyright 1986-2016 Xilinx, Inc. All Rights Reserved.
------------------------------------------------------------------------------------
| Tool Version : Vivado v.2016.4 (lin64) Build 1756540 Mon Jan 23 19:11:19 MST 2017
| Date         : Wed May 10 19:04:18 2017
| Host         : gkmikros-K56CB running 64-bit Ubuntu 16.04.2 LTS
| Command      : upgrade_ip
| Device       : xc7z020clg484-1
------------------------------------------------------------------------------------

Upgrade Log for IP 'lab3_simple_super_multiplication_0_0'

1. Summary
----------

SUCCESS in the upgrade of lab3_simple_super_multiplication_0_0 (user.org:user:super_multiplication:1.0) from (Rev. 58) to (Rev. 59)






Copyright 1986-2016 Xilinx, Inc. All Rights Reserved.
------------------------------------------------------------------------------------
| Tool Version : Vivado v.2016.4 (lin64) Build 1756540 Mon Jan 23 19:11:19 MST 2017
| Date         : Wed May 10 18:53:26 2017
| Host         : gkmikros-K56CB running 64-bit Ubuntu 16.04.2 LTS
| Command      : upgrade_ip
| Device       : xc7z020clg484-1
------------------------------------------------------------------------------------

Upgrade Log for IP 'lab3_simple_super_multiplication_0_0'

1. Summary
----------

SUCCESS in the upgrade of lab3_simple_super_multiplication_0_0 (user.org:user:super_multiplication:1.0) from (Rev. 57) to (Rev. 58)






Copyright 1986-2016 Xilinx, Inc. All Rights Reserved.
------------------------------------------------------------------------------------
| Tool Version : Vivado v.2016.4 (lin64) Build 1756540 Mon Jan 23 19:11:19 MST 2017
| Date         : Wed May 10 18:43:34 2017
| Host         : gkmikros-K56CB running 64-bit Ubuntu 16.04.2 LTS
| Command      : upgrade_ip
| Device       : xc7z020clg484-1
------------------------------------------------------------------------------------

Upgrade Log for IP 'lab3_simple_super_multiplication_0_0'

1. Summary
----------

SUCCESS in the upgrade of lab3_simple_super_multiplication_0_0 (user.org:user:super_multiplication:1.0) from (Rev. 56) to (Rev. 57)






Copyright 1986-2016 Xilinx, Inc. All Rights Reserved.
------------------------------------------------------------------------------------
| Tool Version : Vivado v.2016.4 (lin64) Build 1756540 Mon Jan 23 19:11:19 MST 2017
| Date         : Wed May 10 18:22:02 2017
| Host         : gkmikros-K56CB running 64-bit Ubuntu 16.04.2 LTS
| Command      : upgrade_ip
| Device       : xc7z020clg484-1
------------------------------------------------------------------------------------

Upgrade Log for IP 'lab3_simple_super_multiplication_0_0'

1. Summary
----------

SUCCESS in the upgrade of lab3_simple_super_multiplication_0_0 (user.org:user:super_multiplication:1.0) from (Rev. 55) to (Rev. 56)






Copyright 1986-2016 Xilinx, Inc. All Rights Reserved.
------------------------------------------------------------------------------------
| Tool Version : Vivado v.2016.4 (lin64) Build 1756540 Mon Jan 23 19:11:19 MST 2017
| Date         : Wed May 10 17:46:23 2017
| Host         : gkmikros-K56CB running 64-bit Ubuntu 16.04.2 LTS
| Command      : upgrade_ip
| Device       : xc7z020clg484-1
------------------------------------------------------------------------------------

Upgrade Log for IP 'lab3_simple_super_multiplication_0_0'

1. Summary
----------

SUCCESS in the upgrade of lab3_simple_super_multiplication_0_0 (user.org:user:super_multiplication:1.0) from (Rev. 54) to (Rev. 55)






Copyright 1986-2016 Xilinx, Inc. All Rights Reserved.
------------------------------------------------------------------------------------
| Tool Version : Vivado v.2016.4 (lin64) Build 1756540 Mon Jan 23 19:11:19 MST 2017
| Date         : Wed May 10 17:29:15 2017
| Host         : gkmikros-K56CB running 64-bit Ubuntu 16.04.2 LTS
| Command      : upgrade_ip
| Device       : xc7z020clg484-1
------------------------------------------------------------------------------------

Upgrade Log for IP 'lab3_simple_super_multiplication_0_0'

1. Summary
----------

SUCCESS in the upgrade of lab3_simple_super_multiplication_0_0 (user.org:user:super_multiplication:1.0) from (Rev. 53) to (Rev. 54)






Copyright 1986-2016 Xilinx, Inc. All Rights Reserved.
------------------------------------------------------------------------------------
| Tool Version : Vivado v.2016.4 (lin64) Build 1756540 Mon Jan 23 19:11:19 MST 2017
| Date         : Wed May 10 15:45:06 2017
| Host         : gkmikros-K56CB running 64-bit Ubuntu 16.04.2 LTS
| Command      : upgrade_ip
| Device       : xc7z020clg484-1
------------------------------------------------------------------------------------

Upgrade Log for IP 'lab3_simple_super_multiplication_0_0'

1. Summary
----------

SUCCESS in the upgrade of lab3_simple_super_multiplication_0_0 (user.org:user:super_multiplication:1.0) from (Rev. 52) to (Rev. 53)






Copyright 1986-2016 Xilinx, Inc. All Rights Reserved.
------------------------------------------------------------------------------------
| Tool Version : Vivado v.2016.4 (lin64) Build 1756540 Mon Jan 23 19:11:19 MST 2017
| Date         : Wed May 10 15:37:19 2017
| Host         : gkmikros-K56CB running 64-bit Ubuntu 16.04.2 LTS
| Command      : upgrade_ip
| Device       : xc7z020clg484-1
------------------------------------------------------------------------------------

Upgrade Log for IP 'lab3_simple_super_multiplication_0_0'

1. Summary
----------

SUCCESS in the upgrade of lab3_simple_super_multiplication_0_0 (user.org:user:super_multiplication:1.0) from (Rev. 51) to (Rev. 52)






Copyright 1986-2016 Xilinx, Inc. All Rights Reserved.
------------------------------------------------------------------------------------
| Tool Version : Vivado v.2016.4 (lin64) Build 1756540 Mon Jan 23 19:11:19 MST 2017
| Date         : Wed May 10 12:36:56 2017
| Host         : gkmikros-K56CB running 64-bit Ubuntu 16.04.2 LTS
| Command      : upgrade_ip
| Device       : xc7z020clg484-1
------------------------------------------------------------------------------------

Upgrade Log for IP 'lab3_simple_super_multiplication_0_0'

1. Summary
----------

SUCCESS in the upgrade of lab3_simple_super_multiplication_0_0 (user.org:user:super_multiplication:1.0) from (Rev. 50) to (Rev. 51)






Copyright 1986-2016 Xilinx, Inc. All Rights Reserved.
------------------------------------------------------------------------------------
| Tool Version : Vivado v.2016.4 (lin64) Build 1756540 Mon Jan 23 19:11:19 MST 2017
| Date         : Wed May 10 12:21:57 2017
| Host         : gkmikros-K56CB running 64-bit Ubuntu 16.04.2 LTS
| Command      : upgrade_ip
| Device       : xc7z020clg484-1
------------------------------------------------------------------------------------

Upgrade Log for IP 'lab3_simple_super_multiplication_0_0'

1. Summary
----------

SUCCESS in the upgrade of lab3_simple_super_multiplication_0_0 (user.org:user:super_multiplication:1.0) from (Rev. 49) to (Rev. 50)






Copyright 1986-2016 Xilinx, Inc. All Rights Reserved.
------------------------------------------------------------------------------------
| Tool Version : Vivado v.2016.4 (lin64) Build 1756540 Mon Jan 23 19:11:19 MST 2017
| Date         : Wed May 10 12:02:35 2017
| Host         : gkmikros-K56CB running 64-bit Ubuntu 16.04.2 LTS
| Command      : upgrade_ip
| Device       : xc7z020clg484-1
------------------------------------------------------------------------------------

Upgrade Log for IP 'lab3_simple_super_multiplication_0_0'

1. Summary
----------

SUCCESS in the upgrade of lab3_simple_super_multiplication_0_0 (user.org:user:super_multiplication:1.0) from (Rev. 47) to (Rev. 49)






Copyright 1986-2016 Xilinx, Inc. All Rights Reserved.
------------------------------------------------------------------------------------
| Tool Version : Vivado v.2016.4 (lin64) Build 1756540 Mon Jan 23 19:11:19 MST 2017
| Date         : Wed May 10 11:40:40 2017
| Host         : gkmikros-K56CB running 64-bit Ubuntu 16.04.2 LTS
| Command      : upgrade_ip
| Device       : xc7z020clg484-1
------------------------------------------------------------------------------------

Upgrade Log for IP 'lab3_simple_super_multiplication_0_0'

1. Summary
----------

SUCCESS in the upgrade of lab3_simple_super_multiplication_0_0 (user.org:user:super_multiplication:1.0) from (Rev. 46) to (Rev. 47)






Copyright 1986-2016 Xilinx, Inc. All Rights Reserved.
------------------------------------------------------------------------------------
| Tool Version : Vivado v.2016.4 (lin64) Build 1756540 Mon Jan 23 19:11:19 MST 2017
| Date         : Wed May 10 11:35:49 2017
| Host         : gkmikros-K56CB running 64-bit Ubuntu 16.04.2 LTS
| Command      : upgrade_ip
| Device       : xc7z020clg484-1
------------------------------------------------------------------------------------

Upgrade Log for IP 'lab3_simple_super_multiplication_0_0'

1. Summary
----------

SUCCESS in the upgrade of lab3_simple_super_multiplication_0_0 (user.org:user:super_multiplication:1.0) from (Rev. 45) to (Rev. 46)






Copyright 1986-2016 Xilinx, Inc. All Rights Reserved.
------------------------------------------------------------------------------------
| Tool Version : Vivado v.2016.4 (lin64) Build 1756540 Mon Jan 23 19:11:19 MST 2017
| Date         : Tue May  9 12:53:25 2017
| Host         : gkmikros-K56CB running 64-bit Ubuntu 16.04.2 LTS
| Command      : upgrade_ip
| Device       : xc7z020clg484-1
------------------------------------------------------------------------------------

Upgrade Log for IP 'lab3_simple_super_multiplication_0_0'

1. Summary
----------

SUCCESS in the upgrade of lab3_simple_super_multiplication_0_0 (user.org:user:super_multiplication:1.0) from (Rev. 44) to (Rev. 45)






Copyright 1986-2016 Xilinx, Inc. All Rights Reserved.
------------------------------------------------------------------------------------
| Tool Version : Vivado v.2016.4 (lin64) Build 1756540 Mon Jan 23 19:11:19 MST 2017
| Date         : Tue May  9 12:30:41 2017
| Host         : gkmikros-K56CB running 64-bit unknown
| Command      : upgrade_ip
| Device       : xc7z020clg484-1
------------------------------------------------------------------------------------

Upgrade Log for IP 'lab3_simple_super_multiplication_0_0'

1. Summary
----------

SUCCESS in the update of lab3_simple_super_multiplication_0_0 (user.org:user:super_multiplication:1.0 (Rev. 44)) to current project options.






Copyright 1986-2016 Xilinx, Inc. All Rights Reserved.
------------------------------------------------------------------------------------
| Tool Version : Vivado v.2016.4 (lin64) Build 1756540 Mon Jan 23 19:11:19 MST 2017
| Date         : Tue May  9 10:46:30 2017
| Host         : gkmikros-K56CB running 64-bit Ubuntu 16.04.2 LTS
| Command      : upgrade_ip
| Device       : xc7z020clg484-1
------------------------------------------------------------------------------------

Upgrade Log for IP 'lab3_simple_super_multiplication_0_0'

1. Summary
----------

SUCCESS in the upgrade of lab3_simple_super_multiplication_0_0 (user.org:user:super_multiplication:1.0) from (Rev. 43) to (Rev. 44)






Copyright 1986-2016 Xilinx, Inc. All Rights Reserved.
------------------------------------------------------------------------------------
| Tool Version : Vivado v.2016.4 (lin64) Build 1756540 Mon Jan 23 19:11:19 MST 2017
| Date         : Mon May  8 19:10:46 2017
| Host         : gkmikros-K56CB running 64-bit Ubuntu 16.04.2 LTS
| Command      : upgrade_ip
| Device       : xc7z020clg484-1
------------------------------------------------------------------------------------

Upgrade Log for IP 'lab3_simple_super_multiplication_0_0'

1. Summary
----------

SUCCESS in the upgrade of lab3_simple_super_multiplication_0_0 (user.org:user:super_multiplication:1.0) from (Rev. 42) to (Rev. 43)






Copyright 1986-2016 Xilinx, Inc. All Rights Reserved.
------------------------------------------------------------------------------------
| Tool Version : Vivado v.2016.4 (lin64) Build 1756540 Mon Jan 23 19:11:19 MST 2017
| Date         : Mon May  8 19:05:53 2017
| Host         : gkmikros-K56CB running 64-bit Ubuntu 16.04.2 LTS
| Command      : upgrade_ip
| Device       : xc7z020clg484-1
------------------------------------------------------------------------------------

Upgrade Log for IP 'lab3_simple_super_multiplication_0_0'

1. Summary
----------

SUCCESS in the upgrade of lab3_simple_super_multiplication_0_0 (user.org:user:super_multiplication:1.0) from (Rev. 40) to (Rev. 42)






Copyright 1986-2016 Xilinx, Inc. All Rights Reserved.
------------------------------------------------------------------------------------
| Tool Version : Vivado v.2016.4 (lin64) Build 1756540 Mon Jan 23 19:11:19 MST 2017
| Date         : Mon May  8 18:35:43 2017
| Host         : gkmikros-K56CB running 64-bit Ubuntu 16.04.2 LTS
| Command      : upgrade_ip
| Device       : xc7z020clg484-1
------------------------------------------------------------------------------------

Upgrade Log for IP 'lab3_simple_super_multiplication_0_0'

1. Summary
----------

SUCCESS in the upgrade of lab3_simple_super_multiplication_0_0 (user.org:user:super_multiplication:1.0) from (Rev. 39) to (Rev. 40)






Copyright 1986-2016 Xilinx, Inc. All Rights Reserved.
------------------------------------------------------------------------------------
| Tool Version : Vivado v.2016.4 (lin64) Build 1756540 Mon Jan 23 19:11:19 MST 2017
| Date         : Mon May  8 18:09:20 2017
| Host         : gkmikros-K56CB running 64-bit Ubuntu 16.04.2 LTS
| Command      : upgrade_ip
| Device       : xc7z020clg484-1
------------------------------------------------------------------------------------

Upgrade Log for IP 'lab3_simple_super_multiplication_0_0'

1. Summary
----------

SUCCESS in the upgrade of lab3_simple_super_multiplication_0_0 (user.org:user:super_multiplication:1.0) from (Rev. 38) to (Rev. 39)






Copyright 1986-2016 Xilinx, Inc. All Rights Reserved.
------------------------------------------------------------------------------------
| Tool Version : Vivado v.2016.4 (lin64) Build 1756540 Mon Jan 23 19:11:19 MST 2017
| Date         : Mon May  8 17:57:39 2017
| Host         : gkmikros-K56CB running 64-bit Ubuntu 16.04.2 LTS
| Command      : upgrade_ip
| Device       : xc7z020clg484-1
------------------------------------------------------------------------------------

Upgrade Log for IP 'lab3_simple_super_multiplication_0_0'

1. Summary
----------

SUCCESS in the upgrade of lab3_simple_super_multiplication_0_0 (user.org:user:super_multiplication:1.0) from (Rev. 37) to (Rev. 38)






Copyright 1986-2016 Xilinx, Inc. All Rights Reserved.
------------------------------------------------------------------------------------
| Tool Version : Vivado v.2016.4 (lin64) Build 1756540 Mon Jan 23 19:11:19 MST 2017
| Date         : Mon May  8 17:46:55 2017
| Host         : gkmikros-K56CB running 64-bit Ubuntu 16.04.2 LTS
| Command      : upgrade_ip
| Device       : xc7z020clg484-1
------------------------------------------------------------------------------------

Upgrade Log for IP 'lab3_simple_super_multiplication_0_0'

1. Summary
----------

SUCCESS in the upgrade of lab3_simple_super_multiplication_0_0 (user.org:user:super_multiplication:1.0) from (Rev. 35) to (Rev. 37)






Copyright 1986-2016 Xilinx, Inc. All Rights Reserved.
------------------------------------------------------------------------------------
| Tool Version : Vivado v.2016.4 (lin64) Build 1756540 Mon Jan 23 19:11:19 MST 2017
| Date         : Mon May  8 16:53:20 2017
| Host         : gkmikros-K56CB running 64-bit unknown
| Command      : upgrade_ip
| Device       : xc7z020clg484-1
------------------------------------------------------------------------------------

Upgrade Log for IP 'lab3_simple_super_multiplication_0_0'

1. Summary
----------

SUCCESS in the upgrade of lab3_simple_super_multiplication_0_0 (user.org:user:super_multiplication:1.0) from (Rev. 34) to (Rev. 35)






Copyright 1986-2016 Xilinx, Inc. All Rights Reserved.
------------------------------------------------------------------------------------
| Tool Version : Vivado v.2016.4 (lin64) Build 1756540 Mon Jan 23 19:11:19 MST 2017
| Date         : Mon May  8 16:21:50 2017
| Host         : gkmikros-K56CB running 64-bit Ubuntu 16.04.2 LTS
| Command      : upgrade_ip
| Device       : xc7z020clg484-1
------------------------------------------------------------------------------------

Upgrade Log for IP 'lab3_simple_super_multiplication_0_0'

1. Summary
----------

SUCCESS in the upgrade of lab3_simple_super_multiplication_0_0 (user.org:user:super_multiplication:1.0) from (Rev. 33) to (Rev. 34)






Copyright 1986-2016 Xilinx, Inc. All Rights Reserved.
------------------------------------------------------------------------------------
| Tool Version : Vivado v.2016.4 (lin64) Build 1756540 Mon Jan 23 19:11:19 MST 2017
| Date         : Mon May  8 15:55:52 2017
| Host         : gkmikros-K56CB running 64-bit Ubuntu 16.04.2 LTS
| Command      : upgrade_ip
| Device       : xc7z020clg484-1
------------------------------------------------------------------------------------

Upgrade Log for IP 'lab3_simple_super_multiplication_0_0'

1. Summary
----------

SUCCESS in the upgrade of lab3_simple_super_multiplication_0_0 (user.org:user:super_multiplication:1.0) from (Rev. 32) to (Rev. 33)






Copyright 1986-2016 Xilinx, Inc. All Rights Reserved.
------------------------------------------------------------------------------------
| Tool Version : Vivado v.2016.4 (lin64) Build 1756540 Mon Jan 23 19:11:19 MST 2017
| Date         : Mon May  8 15:31:45 2017
| Host         : gkmikros-K56CB running 64-bit Ubuntu 16.04.2 LTS
| Command      : upgrade_ip
| Device       : xc7z020clg484-1
------------------------------------------------------------------------------------

Upgrade Log for IP 'lab3_simple_super_multiplication_0_0'

1. Summary
----------

SUCCESS in the upgrade of lab3_simple_super_multiplication_0_0 (user.org:user:super_multiplication:1.0) from (Rev. 31) to (Rev. 32)






Copyright 1986-2016 Xilinx, Inc. All Rights Reserved.
------------------------------------------------------------------------------------
| Tool Version : Vivado v.2016.4 (lin64) Build 1756540 Mon Jan 23 19:11:19 MST 2017
| Date         : Mon May  8 13:57:48 2017
| Host         : gkmikros-K56CB running 64-bit Ubuntu 16.04.2 LTS
| Command      : upgrade_ip
| Device       : xc7z020clg484-1
------------------------------------------------------------------------------------

Upgrade Log for IP 'lab3_simple_super_multiplication_0_0'

1. Summary
----------

SUCCESS in the upgrade of lab3_simple_super_multiplication_0_0 (user.org:user:super_multiplication:1.0) from (Rev. 30) to (Rev. 31)






Copyright 1986-2016 Xilinx, Inc. All Rights Reserved.
------------------------------------------------------------------------------------
| Tool Version : Vivado v.2016.4 (lin64) Build 1756540 Mon Jan 23 19:11:19 MST 2017
| Date         : Fri May  5 17:38:18 2017
| Host         : gkmikros-K56CB running 64-bit Ubuntu 16.04.2 LTS
| Command      : upgrade_ip
| Device       : xc7z020clg484-1
------------------------------------------------------------------------------------

Upgrade Log for IP 'lab3_simple_super_multiplication_0_0'

1. Summary
----------

SUCCESS in the upgrade of lab3_simple_super_multiplication_0_0 (user.org:user:super_multiplication:1.0) from (Rev. 29) to (Rev. 30)






Copyright 1986-2016 Xilinx, Inc. All Rights Reserved.
------------------------------------------------------------------------------------
| Tool Version : Vivado v.2016.4 (lin64) Build 1756540 Mon Jan 23 19:11:19 MST 2017
| Date         : Fri May  5 17:20:50 2017
| Host         : gkmikros-K56CB running 64-bit Ubuntu 16.04.2 LTS
| Command      : upgrade_ip
| Device       : xc7z020clg484-1
------------------------------------------------------------------------------------

Upgrade Log for IP 'lab3_simple_super_multiplication_0_0'

1. Summary
----------

SUCCESS in the upgrade of lab3_simple_super_multiplication_0_0 (user.org:user:super_multiplication:1.0) from (Rev. 28) to (Rev. 29)






Copyright 1986-2016 Xilinx, Inc. All Rights Reserved.
------------------------------------------------------------------------------------
| Tool Version : Vivado v.2016.4 (lin64) Build 1756540 Mon Jan 23 19:11:19 MST 2017
| Date         : Fri May  5 17:04:03 2017
| Host         : gkmikros-K56CB running 64-bit Ubuntu 16.04.2 LTS
| Command      : upgrade_ip
| Device       : xc7z020clg484-1
------------------------------------------------------------------------------------

Upgrade Log for IP 'lab3_simple_super_multiplication_0_0'

1. Summary
----------

SUCCESS in the upgrade of lab3_simple_super_multiplication_0_0 (user.org:user:super_multiplication:1.0) from (Rev. 27) to (Rev. 28)






Copyright 1986-2016 Xilinx, Inc. All Rights Reserved.
------------------------------------------------------------------------------------
| Tool Version : Vivado v.2016.4 (lin64) Build 1756540 Mon Jan 23 19:11:19 MST 2017
| Date         : Fri May  5 16:34:55 2017
| Host         : gkmikros-K56CB running 64-bit Ubuntu 16.04.2 LTS
| Command      : upgrade_ip
| Device       : xc7z020clg484-1
------------------------------------------------------------------------------------

Upgrade Log for IP 'lab3_simple_super_multiplication_0_0'

1. Summary
----------

SUCCESS in the upgrade of lab3_simple_super_multiplication_0_0 (user.org:user:super_multiplication:1.0) from (Rev. 26) to (Rev. 27)






Copyright 1986-2016 Xilinx, Inc. All Rights Reserved.
------------------------------------------------------------------------------------
| Tool Version : Vivado v.2016.4 (lin64) Build 1756540 Mon Jan 23 19:11:19 MST 2017
| Date         : Fri May  5 16:17:50 2017
| Host         : gkmikros-K56CB running 64-bit Ubuntu 16.04.2 LTS
| Command      : upgrade_ip
| Device       : xc7z020clg484-1
------------------------------------------------------------------------------------

Upgrade Log for IP 'lab3_simple_super_multiplication_0_0'

1. Summary
----------

SUCCESS in the upgrade of lab3_simple_super_multiplication_0_0 (user.org:user:super_multiplication:1.0) from (Rev. 25) to (Rev. 26)






Copyright 1986-2016 Xilinx, Inc. All Rights Reserved.
------------------------------------------------------------------------------------
| Tool Version : Vivado v.2016.4 (lin64) Build 1756540 Mon Jan 23 19:11:19 MST 2017
| Date         : Fri May  5 15:58:07 2017
| Host         : gkmikros-K56CB running 64-bit Ubuntu 16.04.2 LTS
| Command      : upgrade_ip
| Device       : xc7z020clg484-1
------------------------------------------------------------------------------------

Upgrade Log for IP 'lab3_simple_super_multiplication_0_0'

1. Summary
----------

SUCCESS in the upgrade of lab3_simple_super_multiplication_0_0 (user.org:user:super_multiplication:1.0) from (Rev. 24) to (Rev. 25)






Copyright 1986-2016 Xilinx, Inc. All Rights Reserved.
------------------------------------------------------------------------------------
| Tool Version : Vivado v.2016.4 (lin64) Build 1756540 Mon Jan 23 19:11:19 MST 2017
| Date         : Fri May  5 15:03:38 2017
| Host         : gkmikros-K56CB running 64-bit Ubuntu 16.04.2 LTS
| Command      : upgrade_ip
| Device       : xc7z020clg484-1
------------------------------------------------------------------------------------

Upgrade Log for IP 'lab3_simple_super_multiplication_0_0'

1. Summary
----------

SUCCESS in the upgrade of lab3_simple_super_multiplication_0_0 (user.org:user:super_multiplication:1.0) from (Rev. 23) to (Rev. 24)






Copyright 1986-2016 Xilinx, Inc. All Rights Reserved.
------------------------------------------------------------------------------------
| Tool Version : Vivado v.2016.4 (lin64) Build 1756540 Mon Jan 23 19:11:19 MST 2017
| Date         : Fri May  5 14:06:11 2017
| Host         : gkmikros-K56CB running 64-bit Ubuntu 16.04.2 LTS
| Command      : upgrade_ip
| Device       : xc7z020clg484-1
------------------------------------------------------------------------------------

Upgrade Log for IP 'lab3_simple_super_multiplication_0_0'

1. Summary
----------

SUCCESS in the upgrade of lab3_simple_super_multiplication_0_0 (user.org:user:super_multiplication:1.0) from (Rev. 22) to (Rev. 23)






Copyright 1986-2016 Xilinx, Inc. All Rights Reserved.
------------------------------------------------------------------------------------
| Tool Version : Vivado v.2016.4 (lin64) Build 1756540 Mon Jan 23 19:11:19 MST 2017
| Date         : Fri May  5 13:46:05 2017
| Host         : gkmikros-K56CB running 64-bit Ubuntu 16.04.2 LTS
| Command      : upgrade_ip
| Device       : xc7z020clg484-1
------------------------------------------------------------------------------------

Upgrade Log for IP 'lab3_simple_super_multiplication_0_0'

1. Summary
----------

SUCCESS in the upgrade of lab3_simple_super_multiplication_0_0 (user.org:user:super_multiplication:1.0) from (Rev. 21) to (Rev. 22)






Copyright 1986-2016 Xilinx, Inc. All Rights Reserved.
------------------------------------------------------------------------------------
| Tool Version : Vivado v.2016.4 (lin64) Build 1756540 Mon Jan 23 19:11:19 MST 2017
| Date         : Fri May  5 12:43:01 2017
| Host         : gkmikros-K56CB running 64-bit Ubuntu 16.04.2 LTS
| Command      : upgrade_ip
| Device       : xc7z020clg484-1
------------------------------------------------------------------------------------

Upgrade Log for IP 'lab3_simple_super_multiplication_0_0'

1. Summary
----------

SUCCESS in the upgrade of lab3_simple_super_multiplication_0_0 (user.org:user:super_multiplication:1.0) from (Rev. 20) to (Rev. 21)






Copyright 1986-2016 Xilinx, Inc. All Rights Reserved.
------------------------------------------------------------------------------------
| Tool Version : Vivado v.2016.4 (lin64) Build 1756540 Mon Jan 23 19:11:19 MST 2017
| Date         : Thu May  4 16:50:59 2017
| Host         : gkmikros-K56CB running 64-bit Ubuntu 16.04.2 LTS
| Command      : upgrade_ip
| Device       : xc7z020clg484-1
------------------------------------------------------------------------------------

Upgrade Log for IP 'lab3_simple_super_multiplication_0_0'

1. Summary
----------

SUCCESS in the upgrade of lab3_simple_super_multiplication_0_0 (user.org:user:super_multiplication:1.0) from (Rev. 19) to (Rev. 20)






Copyright 1986-2016 Xilinx, Inc. All Rights Reserved.
------------------------------------------------------------------------------------
| Tool Version : Vivado v.2016.4 (lin64) Build 1756540 Mon Jan 23 19:11:19 MST 2017
| Date         : Thu May  4 16:22:11 2017
| Host         : gkmikros-K56CB running 64-bit Ubuntu 16.04.2 LTS
| Command      : upgrade_ip
| Device       : xc7z020clg484-1
------------------------------------------------------------------------------------

Upgrade Log for IP 'lab3_simple_super_multiplication_0_0'

1. Summary
----------

SUCCESS in the upgrade of lab3_simple_super_multiplication_0_0 (user.org:user:super_multiplication:1.0) from (Rev. 18) to (Rev. 19)






Copyright 1986-2016 Xilinx, Inc. All Rights Reserved.
------------------------------------------------------------------------------------
| Tool Version : Vivado v.2016.4 (lin64) Build 1756540 Mon Jan 23 19:11:19 MST 2017
| Date         : Thu May  4 15:42:12 2017
| Host         : gkmikros-K56CB running 64-bit Ubuntu 16.04.2 LTS
| Command      : upgrade_ip
| Device       : xc7z020clg484-1
------------------------------------------------------------------------------------

Upgrade Log for IP 'lab3_simple_super_multiplication_0_0'

1. Summary
----------

SUCCESS in the upgrade of lab3_simple_super_multiplication_0_0 (user.org:user:super_multiplication:1.0) from (Rev. 16) to (Rev. 18)






Copyright 1986-2016 Xilinx, Inc. All Rights Reserved.
------------------------------------------------------------------------------------
| Tool Version : Vivado v.2016.4 (lin64) Build 1756540 Mon Jan 23 19:11:19 MST 2017
| Date         : Thu May  4 15:15:07 2017
| Host         : gkmikros-K56CB running 64-bit Ubuntu 16.04.2 LTS
| Command      : upgrade_ip
| Device       : xc7z020clg484-1
------------------------------------------------------------------------------------

Upgrade Log for IP 'lab3_simple_super_multiplication_0_0'

1. Summary
----------

SUCCESS in the upgrade of lab3_simple_super_multiplication_0_0 (user.org:user:super_multiplication:1.0) from (Rev. 15) to (Rev. 16)






Copyright 1986-2016 Xilinx, Inc. All Rights Reserved.
------------------------------------------------------------------------------------
| Tool Version : Vivado v.2016.4 (lin64) Build 1756540 Mon Jan 23 19:11:19 MST 2017
| Date         : Thu May  4 14:56:34 2017
| Host         : gkmikros-K56CB running 64-bit Ubuntu 16.04.2 LTS
| Command      : upgrade_ip
| Device       : xc7z020clg484-1
------------------------------------------------------------------------------------

Upgrade Log for IP 'lab3_simple_super_multiplication_0_0'

1. Summary
----------

SUCCESS in the upgrade of lab3_simple_super_multiplication_0_0 (user.org:user:super_multiplication:1.0) from (Rev. 14) to (Rev. 15)






Copyright 1986-2016 Xilinx, Inc. All Rights Reserved.
------------------------------------------------------------------------------------
| Tool Version : Vivado v.2016.4 (lin64) Build 1756540 Mon Jan 23 19:11:19 MST 2017
| Date         : Thu May  4 14:04:09 2017
| Host         : gkmikros-K56CB running 64-bit Ubuntu 16.04.2 LTS
| Command      : upgrade_ip
| Device       : xc7z020clg484-1
------------------------------------------------------------------------------------

Upgrade Log for IP 'lab3_simple_super_multiplication_0_0'

1. Summary
----------

SUCCESS in the upgrade of lab3_simple_super_multiplication_0_0 (user.org:user:super_multiplication:1.0) from (Rev. 13) to (Rev. 14)






Copyright 1986-2016 Xilinx, Inc. All Rights Reserved.
------------------------------------------------------------------------------------
| Tool Version : Vivado v.2016.4 (lin64) Build 1756540 Mon Jan 23 19:11:19 MST 2017
| Date         : Thu May  4 13:43:56 2017
| Host         : gkmikros-K56CB running 64-bit Ubuntu 16.04.2 LTS
| Command      : upgrade_ip
| Device       : xc7z020clg484-1
------------------------------------------------------------------------------------

Upgrade Log for IP 'lab3_simple_super_multiplication_0_0'

1. Summary
----------

SUCCESS in the upgrade of lab3_simple_super_multiplication_0_0 (user.org:user:super_multiplication:1.0) from (Rev. 12) to (Rev. 13)






Copyright 1986-2016 Xilinx, Inc. All Rights Reserved.
------------------------------------------------------------------------------------
| Tool Version : Vivado v.2016.4 (lin64) Build 1756540 Mon Jan 23 19:11:19 MST 2017
| Date         : Thu May  4 13:28:52 2017
| Host         : gkmikros-K56CB running 64-bit Ubuntu 16.04.2 LTS
| Command      : upgrade_ip
| Device       : xc7z020clg484-1
------------------------------------------------------------------------------------

Upgrade Log for IP 'lab3_simple_super_multiplication_0_0'

1. Summary
----------

SUCCESS in the upgrade of lab3_simple_super_multiplication_0_0 (user.org:user:super_multiplication:1.0) from (Rev. 11) to (Rev. 12)






Copyright 1986-2016 Xilinx, Inc. All Rights Reserved.
------------------------------------------------------------------------------------
| Tool Version : Vivado v.2016.4 (lin64) Build 1756540 Mon Jan 23 19:11:19 MST 2017
| Date         : Thu May  4 13:10:30 2017
| Host         : gkmikros-K56CB running 64-bit Ubuntu 16.04.2 LTS
| Command      : upgrade_ip
| Device       : xc7z020clg484-1
------------------------------------------------------------------------------------

Upgrade Log for IP 'lab3_simple_super_multiplication_0_0'

1. Summary
----------

SUCCESS in the upgrade of lab3_simple_super_multiplication_0_0 (user.org:user:super_multiplication:1.0) from (Rev. 10) to (Rev. 11)






Copyright 1986-2016 Xilinx, Inc. All Rights Reserved.
------------------------------------------------------------------------------------
| Tool Version : Vivado v.2016.4 (lin64) Build 1756540 Mon Jan 23 19:11:19 MST 2017
| Date         : Thu May  4 12:26:57 2017
| Host         : gkmikros-K56CB running 64-bit Ubuntu 16.04.2 LTS
| Command      : upgrade_ip
| Device       : xc7z020clg484-1
------------------------------------------------------------------------------------

Upgrade Log for IP 'lab3_simple_super_multiplication_0_0'

1. Summary
----------

SUCCESS in the upgrade of lab3_simple_super_multiplication_0_0 (user.org:user:super_multiplication:1.0) from (Rev. 9) to (Rev. 10)






Copyright 1986-2016 Xilinx, Inc. All Rights Reserved.
------------------------------------------------------------------------------------
| Tool Version : Vivado v.2016.4 (lin64) Build 1756540 Mon Jan 23 19:11:19 MST 2017
| Date         : Thu May  4 11:39:21 2017
| Host         : gkmikros-K56CB running 64-bit Ubuntu 16.04.2 LTS
| Command      : upgrade_ip
| Device       : xc7z020clg484-1
------------------------------------------------------------------------------------

Upgrade Log for IP 'lab3_simple_super_multiplication_0_0'

1. Summary
----------

SUCCESS in the upgrade of lab3_simple_super_multiplication_0_0 (user.org:user:super_multiplication:1.0) from (Rev. 8) to (Rev. 9)






Copyright 1986-2016 Xilinx, Inc. All Rights Reserved.
------------------------------------------------------------------------------------
| Tool Version : Vivado v.2016.4 (lin64) Build 1756540 Mon Jan 23 19:11:19 MST 2017
| Date         : Thu May  4 11:16:15 2017
| Host         : gkmikros-K56CB running 64-bit Ubuntu 16.04.2 LTS
| Command      : upgrade_ip
| Device       : xc7z020clg484-1
------------------------------------------------------------------------------------

Upgrade Log for IP 'lab3_simple_super_multiplication_0_0'

1. Summary
----------

SUCCESS in the upgrade of lab3_simple_super_multiplication_0_0 (user.org:user:super_multiplication:1.0) from (Rev. 7) to (Rev. 8)






Copyright 1986-2016 Xilinx, Inc. All Rights Reserved.
------------------------------------------------------------------------------------
| Tool Version : Vivado v.2016.4 (lin64) Build 1756540 Mon Jan 23 19:11:19 MST 2017
| Date         : Thu May  4 10:49:21 2017
| Host         : gkmikros-K56CB running 64-bit Ubuntu 16.04.2 LTS
| Command      : upgrade_ip
| Device       : xc7z020clg484-1
------------------------------------------------------------------------------------

Upgrade Log for IP 'lab3_simple_super_multiplication_0_0'

1. Summary
----------

SUCCESS in the upgrade of lab3_simple_super_multiplication_0_0 (user.org:user:super_multiplication:1.0) from (Rev. 6) to (Rev. 7)






Copyright 1986-2016 Xilinx, Inc. All Rights Reserved.
------------------------------------------------------------------------------------
| Tool Version : Vivado v.2016.4 (lin64) Build 1756540 Mon Jan 23 19:11:19 MST 2017
| Date         : Thu May  4 10:23:20 2017
| Host         : gkmikros-K56CB running 64-bit Ubuntu 16.04.2 LTS
| Command      : upgrade_ip
| Device       : xc7z020clg484-1
------------------------------------------------------------------------------------

Upgrade Log for IP 'lab3_simple_super_multiplication_0_0'

1. Summary
----------

SUCCESS in the upgrade of lab3_simple_super_multiplication_0_0 (user.org:user:super_multiplication:1.0) from (Rev. 5) to (Rev. 6)






Copyright 1986-2016 Xilinx, Inc. All Rights Reserved.
------------------------------------------------------------------------------------
| Tool Version : Vivado v.2016.4 (lin64) Build 1756540 Mon Jan 23 19:11:19 MST 2017
| Date         : Wed May  3 17:12:39 2017
| Host         : gkmikros-K56CB running 64-bit Ubuntu 16.04.2 LTS
| Command      : upgrade_ip
| Device       : xc7z020clg484-1
------------------------------------------------------------------------------------

Upgrade Log for IP 'lab3_simple_super_multiplication_0_0'

1. Summary
----------

SUCCESS in the upgrade of lab3_simple_super_multiplication_0_0 (user.org:user:super_multiplication:1.0) from (Rev. 4) to (Rev. 5)






Copyright 1986-2016 Xilinx, Inc. All Rights Reserved.
------------------------------------------------------------------------------------
| Tool Version : Vivado v.2016.4 (lin64) Build 1756540 Mon Jan 23 19:11:19 MST 2017
| Date         : Wed May  3 16:52:51 2017
| Host         : gkmikros-K56CB running 64-bit Ubuntu 16.04.2 LTS
| Command      : upgrade_ip
| Device       : xc7z020clg484-1
------------------------------------------------------------------------------------

Upgrade Log for IP 'lab3_simple_super_multiplication_0_0'

1. Summary
----------

SUCCESS in the upgrade of lab3_simple_super_multiplication_0_0 (user.org:user:super_multiplication:1.0) from (Rev. 3) to (Rev. 4)






Copyright 1986-2016 Xilinx, Inc. All Rights Reserved.
------------------------------------------------------------------------------------
| Tool Version : Vivado v.2016.4 (lin64) Build 1756540 Mon Jan 23 19:11:19 MST 2017
| Date         : Wed May  3 15:42:12 2017
| Host         : gkmikros-K56CB running 64-bit Ubuntu 16.04.2 LTS
| Command      : upgrade_ip
| Device       : xc7z020clg484-1
------------------------------------------------------------------------------------

Upgrade Log for IP 'lab3_simple_super_multiplication_0_0'

1. Summary
----------

SUCCESS in the upgrade of lab3_simple_super_multiplication_0_0 (user.org:user:super_multiplication:1.0) from (Rev. 2) to (Rev. 3)






Copyright 1986-2016 Xilinx, Inc. All Rights Reserved.
------------------------------------------------------------------------------------
| Tool Version : Vivado v.2016.4 (lin64) Build 1756540 Mon Jan 23 19:11:19 MST 2017
| Date         : Wed May  3 13:05:42 2017
| Host         : gkmikros-K56CB running 64-bit Ubuntu 16.04.2 LTS
| Command      : upgrade_ip
| Device       : xc7z020clg484-1
------------------------------------------------------------------------------------

Upgrade Log for IP 'lab3_simple_super_multiplication_0_0'

1. Summary
----------

SUCCESS in the upgrade of lab3_simple_super_multiplication_0_0 (user.org:user:super_multiplication:1.0) from (Rev. 1) to (Rev. 2)

