Copyright 1986-2019 Xilinx, Inc. All Rights Reserved.
------------------------------------------------------------------------------------------------
| Tool Version : Vivado v.2019.1 (win64) Build 2552052 Fri May 24 14:49:42 MDT 2019
| Date         : Sun Apr 26 20:07:00 2020
| Host         : DESKTOP-KE3UBO5 running 64-bit major release  (build 9200)
| Command      : report_control_sets -verbose -file lab3_simple_wrapper_control_sets_placed.rpt
| Design       : lab3_simple_wrapper
| Device       : xc7z020
------------------------------------------------------------------------------------------------

Control Set Information

Table of Contents
-----------------
1. Summary
2. Histogram
3. Flip-Flop Distribution
4. Detailed Control Set Information

1. Summary
----------

+----------------------------------------------------------+-------+
|                          Status                          | Count |
+----------------------------------------------------------+-------+
| Total control sets                                       |    62 |
|    Minimum number of control sets                        |    62 |
|    Addition due to synthesis replication                 |     0 |
|    Addition due to physical synthesis replication        |     0 |
| Unused register locations in slices containing registers |    98 |
+----------------------------------------------------------+-------+
* Control sets can be merged at opt_design using control_set_merge or merge_equivalent_drivers
** Run report_qor_suggestions for automated merging and remapping suggestions


2. Histogram
------------

+--------------------+-------+
|       Fanout       | Count |
+--------------------+-------+
| Total control sets |    62 |
| >= 0 to < 4        |     1 |
| >= 4 to < 6        |     9 |
| >= 6 to < 8        |     1 |
| >= 8 to < 10       |    25 |
| >= 10 to < 12      |     3 |
| >= 12 to < 14      |     1 |
| >= 14 to < 16      |     2 |
| >= 16              |    20 |
+--------------------+-------+
* Control sets can be remapped at either synth_design or opt_design


3. Flip-Flop Distribution
-------------------------

+--------------+-----------------------+------------------------+-----------------+--------------+
| Clock Enable | Synchronous Set/Reset | Asynchronous Set/Reset | Total Registers | Total Slices |
+--------------+-----------------------+------------------------+-----------------+--------------+
| No           | No                    | No                     |             109 |           32 |
| No           | No                    | Yes                    |               0 |            0 |
| No           | Yes                   | No                     |              67 |           27 |
| Yes          | No                    | No                     |             296 |           70 |
| Yes          | No                    | Yes                    |               0 |            0 |
| Yes          | Yes                   | No                     |             478 |          137 |
+--------------+-----------------------+------------------------+-----------------+--------------+


4. Detailed Control Set Information
-----------------------------------

+----------------------------------------------------+-------------------------------------------------------------------------------------------------------------------------------------------------------------------+----------------------------------------------------------------------------------------------------------------------------------------------------------+------------------+----------------+
|                    Clock Signal                    |                                                                           Enable Signal                                                                           |                                                                     Set/Reset Signal                                                                     | Slice Load Count | Bel Load Count |
+----------------------------------------------------+-------------------------------------------------------------------------------------------------------------------------------------------------------------------+----------------------------------------------------------------------------------------------------------------------------------------------------------+------------------+----------------+
|  lab3_simple_i/processing_system7_0/inst/FCLK_CLK0 | lab3_simple_i/ps7_0_axi_periph/s00_couplers/auto_pc/inst/gen_axilite.gen_b2s_conv.axilite_b2s/WR.b_channel_0/bid_fifo_0/bresp_push                                |                                                                                                                                                          |                1 |              2 |
|  lab3_simple_i/processing_system7_0/inst/FCLK_CLK0 |                                                                                                                                                                   | lab3_simple_i/rst_ps7_0_100M/U0/EXT_LPF/lpf_int                                                                                                          |                1 |              4 |
|  lab3_simple_i/processing_system7_0/inst/FCLK_CLK0 | lab3_simple_i/super_multiplication_0/inst/super_multiplication_v1_0_S00_AXI_inst/axi_arready0                                                                     | lab3_simple_i/super_multiplication_0/inst/super_multiplication_v1_0_S00_AXI_inst/top_livil/SR[0]                                                         |                1 |              4 |
|  lab3_simple_i/processing_system7_0/inst/FCLK_CLK0 |                                                                                                                                                                   | lab3_simple_i/ps7_0_axi_periph/s00_couplers/auto_pc/inst/gen_axilite.gen_b2s_conv.axilite_b2s/SI_REG/ar.ar_pipe/aresetn_d_reg[1]_inv_0                   |                1 |              4 |
|  lab3_simple_i/processing_system7_0/inst/FCLK_CLK0 |                                                                                                                                                                   | lab3_simple_i/ps7_0_axi_periph/s00_couplers/auto_pc/inst/gen_axilite.gen_b2s_conv.axilite_b2s/SI_REG/aw.aw_pipe/aresetn_d_reg[0]_0                       |                1 |              4 |
|  lab3_simple_i/processing_system7_0/inst/FCLK_CLK0 | lab3_simple_i/super_multiplication_0/inst/super_multiplication_v1_0_S00_AXI_inst/axi_awready0                                                                     | lab3_simple_i/super_multiplication_0/inst/super_multiplication_v1_0_S00_AXI_inst/top_livil/SR[0]                                                         |                1 |              4 |
|  lab3_simple_i/processing_system7_0/inst/FCLK_CLK0 | lab3_simple_i/ps7_0_axi_periph/s00_couplers/auto_pc/inst/gen_axilite.gen_b2s_conv.axilite_b2s/WR.aw_channel_0/aw_cmd_fsm_0/m_valid_i_reg_0                        | lab3_simple_i/ps7_0_axi_periph/s00_couplers/auto_pc/inst/gen_axilite.gen_b2s_conv.axilite_b2s/WR.aw_channel_0/aw_cmd_fsm_0/m_valid_i_reg                 |                2 |              5 |
|  lab3_simple_i/processing_system7_0/inst/FCLK_CLK0 | lab3_simple_i/ps7_0_axi_periph/s00_couplers/auto_pc/inst/gen_axilite.gen_b2s_conv.axilite_b2s/RD.r_channel_0/transaction_fifo_0/E[0]                              | lab3_simple_i/ps7_0_axi_periph/s00_couplers/auto_pc/inst/gen_axilite.gen_b2s_conv.axilite_b2s/areset_d1                                                  |                2 |              5 |
|  lab3_simple_i/processing_system7_0/inst/FCLK_CLK0 | lab3_simple_i/ps7_0_axi_periph/s00_couplers/auto_pc/inst/gen_axilite.gen_b2s_conv.axilite_b2s/RD.ar_channel_0/ar_cmd_fsm_0/m_axi_arready_0                        | lab3_simple_i/ps7_0_axi_periph/s00_couplers/auto_pc/inst/gen_axilite.gen_b2s_conv.axilite_b2s/RD.ar_channel_0/ar_cmd_fsm_0/FSM_sequential_state_reg[1]_0 |                2 |              5 |
|  lab3_simple_i/processing_system7_0/inst/FCLK_CLK0 | lab3_simple_i/ps7_0_axi_periph/s00_couplers/auto_pc/inst/gen_axilite.gen_b2s_conv.axilite_b2s/RD.r_channel_0/transaction_fifo_0/cnt_read[4]_i_1__0_n_0            | lab3_simple_i/ps7_0_axi_periph/s00_couplers/auto_pc/inst/gen_axilite.gen_b2s_conv.axilite_b2s/areset_d1                                                  |                2 |              5 |
|  lab3_simple_i/processing_system7_0/inst/FCLK_CLK0 | lab3_simple_i/rst_ps7_0_100M/U0/SEQ/seq_cnt_en                                                                                                                    | lab3_simple_i/rst_ps7_0_100M/U0/SEQ/SEQ_COUNTER/clear                                                                                                    |                1 |              6 |
|  lab3_simple_i/processing_system7_0/inst/FCLK_CLK0 | lab3_simple_i/super_multiplication_0/inst/super_multiplication_v1_0_S00_AXI_inst/slv_reg3[7]_i_1_n_0                                                              | lab3_simple_i/super_multiplication_0/inst/super_multiplication_v1_0_S00_AXI_inst/top_livil/SR[0]                                                         |                4 |              8 |
|  lab3_simple_i/processing_system7_0/inst/FCLK_CLK0 | lab3_simple_i/super_multiplication_0/inst/super_multiplication_v1_0_S00_AXI_inst/p_1_in[15]                                                                       | lab3_simple_i/super_multiplication_0/inst/super_multiplication_v1_0_S00_AXI_inst/top_livil/SR[0]                                                         |                4 |              8 |
|  lab3_simple_i/processing_system7_0/inst/FCLK_CLK0 | lab3_simple_i/ps7_0_axi_periph/s00_couplers/auto_pc/inst/gen_axilite.gen_b2s_conv.axilite_b2s/WR.b_channel_0/mhandshake_r                                         | lab3_simple_i/ps7_0_axi_periph/s00_couplers/auto_pc/inst/gen_axilite.gen_b2s_conv.axilite_b2s/WR.b_channel_0/bid_fifo_0/SR[0]                            |                3 |              8 |
|  lab3_simple_i/processing_system7_0/inst/FCLK_CLK0 | lab3_simple_i/ps7_0_axi_periph/s00_couplers/auto_pc/inst/gen_axilite.gen_b2s_conv.axilite_b2s/WR.aw_channel_0/aw_cmd_fsm_0/E[0]                                   |                                                                                                                                                          |                5 |              8 |
|  lab3_simple_i/processing_system7_0/inst/FCLK_CLK0 | lab3_simple_i/super_multiplication_0/inst/super_multiplication_v1_0_S00_AXI_inst/p_1_in[23]                                                                       | lab3_simple_i/super_multiplication_0/inst/super_multiplication_v1_0_S00_AXI_inst/top_livil/SR[0]                                                         |                3 |              8 |
|  lab3_simple_i/processing_system7_0/inst/FCLK_CLK0 | lab3_simple_i/super_multiplication_0/inst/super_multiplication_v1_0_S00_AXI_inst/p_1_in[7]                                                                        | lab3_simple_i/super_multiplication_0/inst/super_multiplication_v1_0_S00_AXI_inst/top_livil/SR[0]                                                         |                2 |              8 |
|  lab3_simple_i/processing_system7_0/inst/FCLK_CLK0 | lab3_simple_i/super_multiplication_0/inst/super_multiplication_v1_0_S00_AXI_inst/p_1_in[31]                                                                       | lab3_simple_i/super_multiplication_0/inst/super_multiplication_v1_0_S00_AXI_inst/top_livil/SR[0]                                                         |                3 |              8 |
|  lab3_simple_i/processing_system7_0/inst/FCLK_CLK0 | lab3_simple_i/ps7_0_axi_periph/s00_couplers/auto_pc/inst/gen_axilite.gen_b2s_conv.axilite_b2s/WR.aw_channel_0/cmd_translator_0/incr_cmd_0/axaddr_incr[11]_i_1_n_0 |                                                                                                                                                          |                2 |              8 |
|  lab3_simple_i/processing_system7_0/inst/FCLK_CLK0 | lab3_simple_i/ps7_0_axi_periph/s00_couplers/auto_pc/inst/gen_axilite.gen_b2s_conv.axilite_b2s/RD.ar_channel_0/ar_cmd_fsm_0/E[0]                                   |                                                                                                                                                          |                3 |              8 |
|  lab3_simple_i/processing_system7_0/inst/FCLK_CLK0 | lab3_simple_i/ps7_0_axi_periph/s00_couplers/auto_pc/inst/gen_axilite.gen_b2s_conv.axilite_b2s/RD.ar_channel_0/ar_cmd_fsm_0/sel_first_reg[0]                       |                                                                                                                                                          |                3 |              8 |
|  lab3_simple_i/processing_system7_0/inst/FCLK_CLK0 | lab3_simple_i/super_multiplication_0/inst/super_multiplication_v1_0_S00_AXI_inst/slv_reg1[15]_i_1_n_0                                                             | lab3_simple_i/super_multiplication_0/inst/super_multiplication_v1_0_S00_AXI_inst/top_livil/SR[0]                                                         |                1 |              8 |
|  lab3_simple_i/processing_system7_0/inst/FCLK_CLK0 | lab3_simple_i/super_multiplication_0/inst/super_multiplication_v1_0_S00_AXI_inst/slv_reg1[23]_i_1_n_0                                                             | lab3_simple_i/super_multiplication_0/inst/super_multiplication_v1_0_S00_AXI_inst/top_livil/SR[0]                                                         |                3 |              8 |
|  lab3_simple_i/processing_system7_0/inst/FCLK_CLK0 | lab3_simple_i/super_multiplication_0/inst/super_multiplication_v1_0_S00_AXI_inst/slv_reg1[31]_i_1_n_0                                                             | lab3_simple_i/super_multiplication_0/inst/super_multiplication_v1_0_S00_AXI_inst/top_livil/SR[0]                                                         |                3 |              8 |
|  lab3_simple_i/processing_system7_0/inst/FCLK_CLK0 | lab3_simple_i/super_multiplication_0/inst/super_multiplication_v1_0_S00_AXI_inst/slv_reg1[7]_i_1_n_0                                                              | lab3_simple_i/super_multiplication_0/inst/super_multiplication_v1_0_S00_AXI_inst/top_livil/SR[0]                                                         |                2 |              8 |
|  lab3_simple_i/processing_system7_0/inst/FCLK_CLK0 | lab3_simple_i/super_multiplication_0/inst/super_multiplication_v1_0_S00_AXI_inst/slv_reg2[15]_i_1_n_0                                                             | lab3_simple_i/super_multiplication_0/inst/super_multiplication_v1_0_S00_AXI_inst/top_livil/SR[0]                                                         |                2 |              8 |
|  lab3_simple_i/processing_system7_0/inst/FCLK_CLK0 | lab3_simple_i/super_multiplication_0/inst/super_multiplication_v1_0_S00_AXI_inst/slv_reg2[23]_i_1_n_0                                                             | lab3_simple_i/super_multiplication_0/inst/super_multiplication_v1_0_S00_AXI_inst/top_livil/SR[0]                                                         |                3 |              8 |
|  lab3_simple_i/processing_system7_0/inst/FCLK_CLK0 | lab3_simple_i/super_multiplication_0/inst/super_multiplication_v1_0_S00_AXI_inst/slv_reg2[31]_i_1_n_0                                                             | lab3_simple_i/super_multiplication_0/inst/super_multiplication_v1_0_S00_AXI_inst/top_livil/SR[0]                                                         |                2 |              8 |
|  lab3_simple_i/processing_system7_0/inst/FCLK_CLK0 | lab3_simple_i/super_multiplication_0/inst/super_multiplication_v1_0_S00_AXI_inst/slv_reg2[7]_i_1_n_0                                                              | lab3_simple_i/super_multiplication_0/inst/super_multiplication_v1_0_S00_AXI_inst/top_livil/SR[0]                                                         |                2 |              8 |
|  lab3_simple_i/processing_system7_0/inst/FCLK_CLK0 | lab3_simple_i/super_multiplication_0/inst/super_multiplication_v1_0_S00_AXI_inst/slv_reg3[15]_i_1_n_0                                                             | lab3_simple_i/super_multiplication_0/inst/super_multiplication_v1_0_S00_AXI_inst/top_livil/SR[0]                                                         |                3 |              8 |
|  lab3_simple_i/processing_system7_0/inst/FCLK_CLK0 | lab3_simple_i/super_multiplication_0/inst/super_multiplication_v1_0_S00_AXI_inst/slv_reg3[23]_i_1_n_0                                                             | lab3_simple_i/super_multiplication_0/inst/super_multiplication_v1_0_S00_AXI_inst/top_livil/SR[0]                                                         |                3 |              8 |
|  lab3_simple_i/processing_system7_0/inst/FCLK_CLK0 | lab3_simple_i/super_multiplication_0/inst/super_multiplication_v1_0_S00_AXI_inst/slv_reg8[31]_i_1_n_0                                                             | lab3_simple_i/super_multiplication_0/inst/super_multiplication_v1_0_S00_AXI_inst/top_livil/SR[0]                                                         |                1 |              8 |
|  lab3_simple_i/processing_system7_0/inst/FCLK_CLK0 | lab3_simple_i/super_multiplication_0/inst/super_multiplication_v1_0_S00_AXI_inst/slv_reg8[15]_i_1_n_0                                                             | lab3_simple_i/super_multiplication_0/inst/super_multiplication_v1_0_S00_AXI_inst/top_livil/SR[0]                                                         |                1 |              8 |
|  lab3_simple_i/processing_system7_0/inst/FCLK_CLK0 | lab3_simple_i/super_multiplication_0/inst/super_multiplication_v1_0_S00_AXI_inst/slv_reg3[31]_i_1_n_0                                                             | lab3_simple_i/super_multiplication_0/inst/super_multiplication_v1_0_S00_AXI_inst/top_livil/SR[0]                                                         |                3 |              8 |
|  lab3_simple_i/processing_system7_0/inst/FCLK_CLK0 | lab3_simple_i/super_multiplication_0/inst/super_multiplication_v1_0_S00_AXI_inst/slv_reg8[23]_i_1_n_0                                                             | lab3_simple_i/super_multiplication_0/inst/super_multiplication_v1_0_S00_AXI_inst/top_livil/SR[0]                                                         |                1 |              8 |
|  lab3_simple_i/processing_system7_0/inst/FCLK_CLK0 | lab3_simple_i/super_multiplication_0/inst/super_multiplication_v1_0_S00_AXI_inst/slv_reg8[7]_i_1_n_0                                                              | lab3_simple_i/super_multiplication_0/inst/super_multiplication_v1_0_S00_AXI_inst/top_livil/SR[0]                                                         |                2 |              8 |
|  lab3_simple_i/processing_system7_0/inst/FCLK_CLK0 |                                                                                                                                                                   | lab3_simple_i/ps7_0_axi_periph/s00_couplers/auto_pc/inst/gen_axilite.gen_b2s_conv.axilite_b2s/areset_d1                                                  |                3 |             10 |
|  lab3_simple_i/processing_system7_0/inst/FCLK_CLK0 | lab3_simple_i/super_multiplication_0/inst/super_multiplication_v1_0_S00_AXI_inst/addr_in                                                                          | lab3_simple_i/super_multiplication_0/inst/super_multiplication_v1_0_S00_AXI_inst/top_livil/SR[0]                                                         |                3 |             10 |
|  lab3_simple_i/processing_system7_0/inst/FCLK_CLK0 | lab3_simple_i/super_multiplication_0/inst/super_multiplication_v1_0_S00_AXI_inst/top_livil/cnt[9]_i_1_n_0                                                         | lab3_simple_i/super_multiplication_0/inst/super_multiplication_v1_0_S00_AXI_inst/top_livil/SR[0]                                                         |                3 |             10 |
|  lab3_simple_i/processing_system7_0/inst/FCLK_CLK0 | lab3_simple_i/ps7_0_axi_periph/s00_couplers/auto_pc/inst/gen_axilite.gen_b2s_conv.axilite_b2s/RD.r_channel_0/r_push_r                                             |                                                                                                                                                          |                4 |             13 |
|  lab3_simple_i/processing_system7_0/inst/FCLK_CLK0 | lab3_simple_i/ps7_0_axi_periph/s00_couplers/auto_pc/inst/gen_axilite.gen_b2s_conv.axilite_b2s/SI_REG/b.b_pipe/s_ready_i_reg_0                                     |                                                                                                                                                          |                3 |             14 |
|  lab3_simple_i/processing_system7_0/inst/FCLK_CLK0 | lab3_simple_i/ps7_0_axi_periph/s00_couplers/auto_pc/inst/gen_axilite.gen_b2s_conv.axilite_b2s/SI_REG/b.b_pipe/p_1_in                                              |                                                                                                                                                          |                2 |             14 |
|  lab3_simple_i/processing_system7_0/inst/FCLK_CLK0 | lab3_simple_i/ps7_0_axi_periph/s00_couplers/auto_pc/inst/gen_axilite.gen_b2s_conv.axilite_b2s/WR.aw_channel_0/aw_cmd_fsm_0/b_push                                 |                                                                                                                                                          |                3 |             16 |
|  lab3_simple_i/processing_system7_0/inst/FCLK_CLK0 | lab3_simple_i/ps7_0_axi_periph/s00_couplers/auto_pc/inst/gen_axilite.gen_b2s_conv.axilite_b2s/WR.aw_channel_0/aw_cmd_fsm_0/m_valid_i_reg_0                        |                                                                                                                                                          |                7 |             17 |
|  lab3_simple_i/processing_system7_0/inst/FCLK_CLK0 | lab3_simple_i/ps7_0_axi_periph/s00_couplers/auto_pc/inst/gen_axilite.gen_b2s_conv.axilite_b2s/RD.ar_channel_0/ar_cmd_fsm_0/m_axi_arready_0                        |                                                                                                                                                          |                6 |             17 |
|  lab3_simple_i/processing_system7_0/inst/FCLK_CLK0 | lab3_simple_i/ps7_0_axi_periph/s00_couplers/auto_pc/inst/gen_axilite.gen_b2s_conv.axilite_b2s/WR.aw_channel_0/aw_cmd_fsm_0/m_valid_i_reg_1[0]                     |                                                                                                                                                          |                5 |             28 |
|  lab3_simple_i/processing_system7_0/inst/FCLK_CLK0 | lab3_simple_i/ps7_0_axi_periph/s00_couplers/auto_pc/inst/gen_axilite.gen_b2s_conv.axilite_b2s/RD.ar_channel_0/ar_cmd_fsm_0/FSM_sequential_state_reg[1]_1[0]       |                                                                                                                                                          |                6 |             28 |
|  lab3_simple_i/processing_system7_0/inst/FCLK_CLK0 | lab3_simple_i/ps7_0_axi_periph/s00_couplers/auto_pc/inst/gen_axilite.gen_b2s_conv.axilite_b2s/SI_REG/ar.ar_pipe/s_ready_i_reg_0                                   |                                                                                                                                                          |                5 |             28 |
|  lab3_simple_i/processing_system7_0/inst/FCLK_CLK0 | lab3_simple_i/ps7_0_axi_periph/s00_couplers/auto_pc/inst/gen_axilite.gen_b2s_conv.axilite_b2s/SI_REG/aw.aw_pipe/s_ready_i_reg_0                                   |                                                                                                                                                          |                8 |             28 |
|  lab3_simple_i/processing_system7_0/inst/FCLK_CLK0 | lab3_simple_i/super_multiplication_0/inst/super_multiplication_v1_0_S00_AXI_inst/top_livil/size_reg[31]_i_1_n_0                                                   | lab3_simple_i/super_multiplication_0/inst/super_multiplication_v1_0_S00_AXI_inst/top_livil/SR[0]                                                         |                8 |             32 |
|  lab3_simple_i/processing_system7_0/inst/FCLK_CLK0 | lab3_simple_i/super_multiplication_0/inst/super_multiplication_v1_0_S00_AXI_inst/top_livil/E[0]                                                                   | lab3_simple_i/super_multiplication_0/inst/super_multiplication_v1_0_S00_AXI_inst/top_livil/SR[0]                                                         |               11 |             32 |
|  lab3_simple_i/processing_system7_0/inst/FCLK_CLK0 | lab3_simple_i/super_multiplication_0/inst/super_multiplication_v1_0_S00_AXI_inst/top_livil/cnt2[31]_i_1_n_0                                                       | lab3_simple_i/super_multiplication_0/inst/super_multiplication_v1_0_S00_AXI_inst/top_livil/SR[0]                                                         |               11 |             32 |
|  lab3_simple_i/processing_system7_0/inst/FCLK_CLK0 | lab3_simple_i/super_multiplication_0/inst/super_multiplication_v1_0_S00_AXI_inst/size                                                                             | lab3_simple_i/super_multiplication_0/inst/super_multiplication_v1_0_S00_AXI_inst/top_livil/SR[0]                                                         |               11 |             32 |
|  lab3_simple_i/processing_system7_0/inst/FCLK_CLK0 | lab3_simple_i/super_multiplication_0/inst/super_multiplication_v1_0_S00_AXI_inst/valid_in                                                                         | lab3_simple_i/super_multiplication_0/inst/super_multiplication_v1_0_S00_AXI_inst/top_livil/SR[0]                                                         |                8 |             32 |
|  lab3_simple_i/processing_system7_0/inst/FCLK_CLK0 | lab3_simple_i/super_multiplication_0/inst/super_multiplication_v1_0_S00_AXI_inst/proc_en                                                                          | lab3_simple_i/super_multiplication_0/inst/super_multiplication_v1_0_S00_AXI_inst/top_livil/SR[0]                                                         |                9 |             32 |
|  lab3_simple_i/processing_system7_0/inst/FCLK_CLK0 | lab3_simple_i/super_multiplication_0/inst/super_multiplication_v1_0_S00_AXI_inst/write                                                                            | lab3_simple_i/super_multiplication_0/inst/super_multiplication_v1_0_S00_AXI_inst/top_livil/SR[0]                                                         |                6 |             32 |
|  lab3_simple_i/processing_system7_0/inst/FCLK_CLK0 | lab3_simple_i/ps7_0_axi_periph/s00_couplers/auto_pc/inst/gen_axilite.gen_b2s_conv.axilite_b2s/RD.r_channel_0/rd_data_fifo_0/wr_en0                                |                                                                                                                                                          |                8 |             32 |
|  lab3_simple_i/processing_system7_0/inst/FCLK_CLK0 | lab3_simple_i/super_multiplication_0/inst/super_multiplication_v1_0_S00_AXI_inst/data_in                                                                          | lab3_simple_i/super_multiplication_0/inst/super_multiplication_v1_0_S00_AXI_inst/top_livil/SR[0]                                                         |                5 |             32 |
|  lab3_simple_i/processing_system7_0/inst/FCLK_CLK0 |                                                                                                                                                                   | lab3_simple_i/super_multiplication_0/inst/super_multiplication_v1_0_S00_AXI_inst/top_livil/SR[0]                                                         |               21 |             45 |
|  lab3_simple_i/processing_system7_0/inst/FCLK_CLK0 | lab3_simple_i/ps7_0_axi_periph/s00_couplers/auto_pc/inst/gen_axilite.gen_b2s_conv.axilite_b2s/SI_REG/r.r_pipe/p_1_in                                              |                                                                                                                                                          |                8 |             45 |
|  lab3_simple_i/processing_system7_0/inst/FCLK_CLK0 | lab3_simple_i/ps7_0_axi_periph/s00_couplers/auto_pc/inst/gen_axilite.gen_b2s_conv.axilite_b2s/SI_REG/r.r_pipe/s_ready_i_reg_0                                     |                                                                                                                                                          |                7 |             45 |
|  lab3_simple_i/processing_system7_0/inst/FCLK_CLK0 |                                                                                                                                                                   |                                                                                                                                                          |               33 |            110 |
+----------------------------------------------------+-------------------------------------------------------------------------------------------------------------------------------------------------------------------+----------------------------------------------------------------------------------------------------------------------------------------------------------+------------------+----------------+


