09:16:29 INFO  : Registering command handlers for SDK TCF services
09:16:40 INFO  : Launching XSCT server: xsct -n -interactive /home/gkmikros/Dropbox/CE435/lab4/lab4_matrix_multiplicatio/lab4_matrix_multiplicatio.sdk/temp_xsdb_launch_script.tcl
09:16:40 ERROR : (XSDB Server)awk: symbol lookup error: awk: undefined symbol: mpfr_z_sub

09:16:46 INFO  : XSCT server has started successfully.
09:17:04 INFO  : Successfully done setting XSCT server connection channel  
09:17:04 INFO  : Successfully done setting SDK workspace  
09:17:04 INFO  : Processing command line option -hwspec /home/gkmikros/Dropbox/CE435/lab4/lab4_matrix_multiplicatio/lab4_matrix_multiplicatio.sdk/lab3_simple_wrapper.hdf.
09:20:28 INFO  : Connected to target on host '127.0.0.1' and port '3121'.
09:20:28 INFO  : 'targets -set -filter {jtag_cable_name =~ "Digilent Zed 210248553221" && level==0} -index 1' command is executed.
09:20:31 INFO  : FPGA configured successfully with bitstream "/home/gkmikros/Dropbox/CE435/lab4/lab4_matrix_multiplicatio/lab4_matrix_multiplicatio.sdk/lab3_simple_wrapper_hw_platform_0/lab3_simple_wrapper.bit"
09:21:28 INFO  : 'targets -set -filter {jtag_cable_name =~ "Digilent Zed 210248553221" && level==0} -index 1' command is executed.
09:21:28 INFO  : 'fpga -state' command is executed.
09:21:28 INFO  : Connected to target on host '127.0.0.1' and port '3121'.
09:21:28 INFO  : Jtag cable 'Digilent Zed 210248553221' is selected.
09:21:28 INFO  : 'jtag frequency' command is executed.
09:21:28 INFO  : Sourcing of '/home/gkmikros/Dropbox/CE435/lab4/lab4_matrix_multiplicatio/lab4_matrix_multiplicatio.sdk/lab3_simple_wrapper_hw_platform_0/ps7_init.tcl' is done.
09:21:28 INFO  : Context for 'APU' is selected.
09:21:28 INFO  : Hardware design information is loaded from '/home/gkmikros/Dropbox/CE435/lab4/lab4_matrix_multiplicatio/lab4_matrix_multiplicatio.sdk/lab3_simple_wrapper_hw_platform_0/system.hdf'.
09:21:28 INFO  : Context for 'APU' is selected.
09:21:28 INFO  : 'stop' command is executed.
09:21:28 INFO  : 'ps7_init' command is executed.
09:21:28 INFO  : 'ps7_post_config' command is executed.
09:21:28 INFO  : Context for processor 'ps7_cortexa9_0' is selected.
09:21:28 INFO  : Processor reset is completed for 'ps7_cortexa9_0'.
09:21:28 INFO  : Context for processor 'ps7_cortexa9_0' is selected.
09:21:29 INFO  : The application '/home/gkmikros/Dropbox/CE435/lab4/lab4_matrix_multiplicatio/lab4_matrix_multiplicatio.sdk/sdgfsa/Debug/sdgfsa.elf' is downloaded to processor 'ps7_cortexa9_0'.
09:21:29 INFO  : ----------------XSDB Script----------------
connect -url tcp:127.0.0.1:3121
source /home/gkmikros/Dropbox/CE435/lab4/lab4_matrix_multiplicatio/lab4_matrix_multiplicatio.sdk/lab3_simple_wrapper_hw_platform_0/ps7_init.tcl
targets -set -nocase -filter {name =~"APU*" && jtag_cable_name =~ "Digilent Zed 210248553221"} -index 0
loadhw /home/gkmikros/Dropbox/CE435/lab4/lab4_matrix_multiplicatio/lab4_matrix_multiplicatio.sdk/lab3_simple_wrapper_hw_platform_0/system.hdf
targets -set -nocase -filter {name =~"APU*" && jtag_cable_name =~ "Digilent Zed 210248553221"} -index 0
stop
ps7_init
ps7_post_config
targets -set -nocase -filter {name =~ "ARM*#0" && jtag_cable_name =~ "Digilent Zed 210248553221"} -index 0
rst -processor
targets -set -nocase -filter {name =~ "ARM*#0" && jtag_cable_name =~ "Digilent Zed 210248553221"} -index 0
dow /home/gkmikros/Dropbox/CE435/lab4/lab4_matrix_multiplicatio/lab4_matrix_multiplicatio.sdk/sdgfsa/Debug/sdgfsa.elf
----------------End of Script----------------

09:21:29 INFO  : Memory regions updated for context APU
09:21:29 INFO  : Context for processor 'ps7_cortexa9_0' is selected.
09:21:29 INFO  : 'con' command is executed.
09:21:29 INFO  : ----------------XSDB Script (After Launch)----------------
targets -set -nocase -filter {name =~ "ARM*#0" && jtag_cable_name =~ "Digilent Zed 210248553221"} -index 0
con
----------------End of Script----------------

09:21:29 INFO  : Launch script is exported to file '/home/gkmikros/Dropbox/CE435/lab4/lab4_matrix_multiplicatio/lab4_matrix_multiplicatio.sdk/.sdk/launch_scripts/xilinx_c-c++_application_(system_debugger)/system_debugger_using_debug_sdgfsa.elf_on_local.tcl'
09:22:03 INFO  : Disconnected from the channel tcfchan#1.
09:22:05 INFO  : 'targets -set -filter {jtag_cable_name =~ "Digilent Zed 210248553221" && level==0} -index 1' command is executed.
09:22:05 INFO  : 'fpga -state' command is executed.
09:22:05 INFO  : Connected to target on host '127.0.0.1' and port '3121'.
09:22:05 INFO  : Jtag cable 'Digilent Zed 210248553221' is selected.
09:22:05 INFO  : 'jtag frequency' command is executed.
09:22:05 INFO  : Sourcing of '/home/gkmikros/Dropbox/CE435/lab4/lab4_matrix_multiplicatio/lab4_matrix_multiplicatio.sdk/lab3_simple_wrapper_hw_platform_0/ps7_init.tcl' is done.
09:22:05 INFO  : Context for 'APU' is selected.
09:22:07 INFO  : Hardware design information is loaded from '/home/gkmikros/Dropbox/CE435/lab4/lab4_matrix_multiplicatio/lab4_matrix_multiplicatio.sdk/lab3_simple_wrapper_hw_platform_0/system.hdf'.
09:22:07 INFO  : Context for 'APU' is selected.
09:22:07 INFO  : 'stop' command is executed.
09:22:07 INFO  : 'ps7_init' command is executed.
09:22:07 INFO  : 'ps7_post_config' command is executed.
09:22:07 INFO  : Context for processor 'ps7_cortexa9_0' is selected.
09:22:07 INFO  : Processor reset is completed for 'ps7_cortexa9_0'.
09:22:07 INFO  : Context for processor 'ps7_cortexa9_0' is selected.
09:22:07 INFO  : The application '/home/gkmikros/Dropbox/CE435/lab4/lab4_matrix_multiplicatio/lab4_matrix_multiplicatio.sdk/sdgfsa/Debug/sdgfsa.elf' is downloaded to processor 'ps7_cortexa9_0'.
09:22:07 INFO  : ----------------XSDB Script----------------
connect -url tcp:127.0.0.1:3121
source /home/gkmikros/Dropbox/CE435/lab4/lab4_matrix_multiplicatio/lab4_matrix_multiplicatio.sdk/lab3_simple_wrapper_hw_platform_0/ps7_init.tcl
targets -set -nocase -filter {name =~"APU*" && jtag_cable_name =~ "Digilent Zed 210248553221"} -index 0
loadhw /home/gkmikros/Dropbox/CE435/lab4/lab4_matrix_multiplicatio/lab4_matrix_multiplicatio.sdk/lab3_simple_wrapper_hw_platform_0/system.hdf
targets -set -nocase -filter {name =~"APU*" && jtag_cable_name =~ "Digilent Zed 210248553221"} -index 0
stop
ps7_init
ps7_post_config
targets -set -nocase -filter {name =~ "ARM*#0" && jtag_cable_name =~ "Digilent Zed 210248553221"} -index 0
rst -processor
targets -set -nocase -filter {name =~ "ARM*#0" && jtag_cable_name =~ "Digilent Zed 210248553221"} -index 0
dow /home/gkmikros/Dropbox/CE435/lab4/lab4_matrix_multiplicatio/lab4_matrix_multiplicatio.sdk/sdgfsa/Debug/sdgfsa.elf
----------------End of Script----------------

09:22:07 INFO  : Memory regions updated for context APU
09:22:07 INFO  : Context for processor 'ps7_cortexa9_0' is selected.
09:22:07 INFO  : 'con' command is executed.
09:22:07 INFO  : ----------------XSDB Script (After Launch)----------------
targets -set -nocase -filter {name =~ "ARM*#0" && jtag_cable_name =~ "Digilent Zed 210248553221"} -index 0
con
----------------End of Script----------------

09:22:07 INFO  : Launch script is exported to file '/home/gkmikros/Dropbox/CE435/lab4/lab4_matrix_multiplicatio/lab4_matrix_multiplicatio.sdk/.sdk/launch_scripts/xilinx_c-c++_application_(system_debugger)/system_debugger_using_debug_sdgfsa.elf_on_local.tcl'
09:25:58 INFO  : Disconnected from the channel tcfchan#2.
09:25:59 INFO  : 'targets -set -filter {jtag_cable_name =~ "Digilent Zed 210248553221" && level==0} -index 1' command is executed.
09:25:59 INFO  : 'fpga -state' command is executed.
09:25:59 INFO  : Connected to target on host '127.0.0.1' and port '3121'.
09:25:59 INFO  : Jtag cable 'Digilent Zed 210248553221' is selected.
09:25:59 INFO  : 'jtag frequency' command is executed.
09:25:59 INFO  : Sourcing of '/home/gkmikros/Dropbox/CE435/lab4/lab4_matrix_multiplicatio/lab4_matrix_multiplicatio.sdk/lab3_simple_wrapper_hw_platform_0/ps7_init.tcl' is done.
09:25:59 INFO  : Context for 'APU' is selected.
09:26:01 INFO  : Hardware design information is loaded from '/home/gkmikros/Dropbox/CE435/lab4/lab4_matrix_multiplicatio/lab4_matrix_multiplicatio.sdk/lab3_simple_wrapper_hw_platform_0/system.hdf'.
09:26:01 INFO  : Context for 'APU' is selected.
09:26:01 INFO  : 'stop' command is executed.
09:26:01 INFO  : 'ps7_init' command is executed.
09:26:01 INFO  : 'ps7_post_config' command is executed.
09:26:01 INFO  : Context for processor 'ps7_cortexa9_0' is selected.
09:26:02 INFO  : Processor reset is completed for 'ps7_cortexa9_0'.
09:26:02 INFO  : Context for processor 'ps7_cortexa9_0' is selected.
09:26:02 INFO  : The application '/home/gkmikros/Dropbox/CE435/lab4/lab4_matrix_multiplicatio/lab4_matrix_multiplicatio.sdk/sdgfsa/Debug/sdgfsa.elf' is downloaded to processor 'ps7_cortexa9_0'.
09:26:02 INFO  : ----------------XSDB Script----------------
connect -url tcp:127.0.0.1:3121
source /home/gkmikros/Dropbox/CE435/lab4/lab4_matrix_multiplicatio/lab4_matrix_multiplicatio.sdk/lab3_simple_wrapper_hw_platform_0/ps7_init.tcl
targets -set -nocase -filter {name =~"APU*" && jtag_cable_name =~ "Digilent Zed 210248553221"} -index 0
loadhw /home/gkmikros/Dropbox/CE435/lab4/lab4_matrix_multiplicatio/lab4_matrix_multiplicatio.sdk/lab3_simple_wrapper_hw_platform_0/system.hdf
targets -set -nocase -filter {name =~"APU*" && jtag_cable_name =~ "Digilent Zed 210248553221"} -index 0
stop
ps7_init
ps7_post_config
targets -set -nocase -filter {name =~ "ARM*#0" && jtag_cable_name =~ "Digilent Zed 210248553221"} -index 0
rst -processor
targets -set -nocase -filter {name =~ "ARM*#0" && jtag_cable_name =~ "Digilent Zed 210248553221"} -index 0
dow /home/gkmikros/Dropbox/CE435/lab4/lab4_matrix_multiplicatio/lab4_matrix_multiplicatio.sdk/sdgfsa/Debug/sdgfsa.elf
----------------End of Script----------------

09:26:02 INFO  : Memory regions updated for context APU
09:26:02 INFO  : Context for processor 'ps7_cortexa9_0' is selected.
09:26:02 INFO  : 'con' command is executed.
09:26:02 INFO  : ----------------XSDB Script (After Launch)----------------
targets -set -nocase -filter {name =~ "ARM*#0" && jtag_cable_name =~ "Digilent Zed 210248553221"} -index 0
con
----------------End of Script----------------

09:26:02 INFO  : Launch script is exported to file '/home/gkmikros/Dropbox/CE435/lab4/lab4_matrix_multiplicatio/lab4_matrix_multiplicatio.sdk/.sdk/launch_scripts/xilinx_c-c++_application_(system_debugger)/system_debugger_using_debug_sdgfsa.elf_on_local.tcl'
09:26:22 INFO  : Connected to target on host '127.0.0.1' and port '3121'.
09:26:22 INFO  : 'targets -set -filter {jtag_cable_name =~ "Digilent Zed 210248553221" && level==0} -index 1' command is executed.
09:26:24 INFO  : FPGA configured successfully with bitstream "/home/gkmikros/Dropbox/CE435/lab4/lab4_matrix_multiplicatio/lab4_matrix_multiplicatio.sdk/lab3_simple_wrapper_hw_platform_0/lab3_simple_wrapper.bit"
09:26:30 INFO  : Disconnected from the channel tcfchan#3.
09:26:31 INFO  : 'targets -set -filter {jtag_cable_name =~ "Digilent Zed 210248553221" && level==0} -index 1' command is executed.
09:26:31 INFO  : 'fpga -state' command is executed.
09:26:31 INFO  : Connected to target on host '127.0.0.1' and port '3121'.
09:26:32 INFO  : Jtag cable 'Digilent Zed 210248553221' is selected.
09:26:32 INFO  : 'jtag frequency' command is executed.
09:26:32 INFO  : Sourcing of '/home/gkmikros/Dropbox/CE435/lab4/lab4_matrix_multiplicatio/lab4_matrix_multiplicatio.sdk/lab3_simple_wrapper_hw_platform_0/ps7_init.tcl' is done.
09:26:32 INFO  : Context for 'APU' is selected.
09:26:34 INFO  : Hardware design information is loaded from '/home/gkmikros/Dropbox/CE435/lab4/lab4_matrix_multiplicatio/lab4_matrix_multiplicatio.sdk/lab3_simple_wrapper_hw_platform_0/system.hdf'.
09:26:34 INFO  : Context for 'APU' is selected.
09:26:34 INFO  : 'stop' command is executed.
09:26:34 INFO  : 'ps7_init' command is executed.
09:26:34 INFO  : 'ps7_post_config' command is executed.
09:26:34 INFO  : Context for processor 'ps7_cortexa9_0' is selected.
09:26:34 INFO  : Processor reset is completed for 'ps7_cortexa9_0'.
09:26:34 INFO  : Context for processor 'ps7_cortexa9_0' is selected.
09:26:34 INFO  : The application '/home/gkmikros/Dropbox/CE435/lab4/lab4_matrix_multiplicatio/lab4_matrix_multiplicatio.sdk/sdgfsa/Debug/sdgfsa.elf' is downloaded to processor 'ps7_cortexa9_0'.
09:26:34 INFO  : ----------------XSDB Script----------------
connect -url tcp:127.0.0.1:3121
source /home/gkmikros/Dropbox/CE435/lab4/lab4_matrix_multiplicatio/lab4_matrix_multiplicatio.sdk/lab3_simple_wrapper_hw_platform_0/ps7_init.tcl
targets -set -nocase -filter {name =~"APU*" && jtag_cable_name =~ "Digilent Zed 210248553221"} -index 0
loadhw /home/gkmikros/Dropbox/CE435/lab4/lab4_matrix_multiplicatio/lab4_matrix_multiplicatio.sdk/lab3_simple_wrapper_hw_platform_0/system.hdf
targets -set -nocase -filter {name =~"APU*" && jtag_cable_name =~ "Digilent Zed 210248553221"} -index 0
stop
ps7_init
ps7_post_config
targets -set -nocase -filter {name =~ "ARM*#0" && jtag_cable_name =~ "Digilent Zed 210248553221"} -index 0
rst -processor
targets -set -nocase -filter {name =~ "ARM*#0" && jtag_cable_name =~ "Digilent Zed 210248553221"} -index 0
dow /home/gkmikros/Dropbox/CE435/lab4/lab4_matrix_multiplicatio/lab4_matrix_multiplicatio.sdk/sdgfsa/Debug/sdgfsa.elf
----------------End of Script----------------

09:26:34 INFO  : Memory regions updated for context APU
09:26:34 INFO  : Context for processor 'ps7_cortexa9_0' is selected.
09:26:34 INFO  : 'con' command is executed.
09:26:34 INFO  : ----------------XSDB Script (After Launch)----------------
targets -set -nocase -filter {name =~ "ARM*#0" && jtag_cable_name =~ "Digilent Zed 210248553221"} -index 0
con
----------------End of Script----------------

09:26:34 INFO  : Launch script is exported to file '/home/gkmikros/Dropbox/CE435/lab4/lab4_matrix_multiplicatio/lab4_matrix_multiplicatio.sdk/.sdk/launch_scripts/xilinx_c-c++_application_(system_debugger)/system_debugger_using_debug_sdgfsa.elf_on_local.tcl'
09:26:52 INFO  : Disconnected from the channel tcfchan#4.
09:26:53 INFO  : 'targets -set -filter {jtag_cable_name =~ "Digilent Zed 210248553221" && level==0} -index 1' command is executed.
09:26:53 INFO  : 'fpga -state' command is executed.
09:26:53 INFO  : Connected to target on host '127.0.0.1' and port '3121'.
09:26:53 INFO  : Jtag cable 'Digilent Zed 210248553221' is selected.
09:26:53 INFO  : 'jtag frequency' command is executed.
09:26:53 INFO  : Sourcing of '/home/gkmikros/Dropbox/CE435/lab4/lab4_matrix_multiplicatio/lab4_matrix_multiplicatio.sdk/lab3_simple_wrapper_hw_platform_0/ps7_init.tcl' is done.
09:26:53 INFO  : Context for 'APU' is selected.
09:26:55 INFO  : Hardware design information is loaded from '/home/gkmikros/Dropbox/CE435/lab4/lab4_matrix_multiplicatio/lab4_matrix_multiplicatio.sdk/lab3_simple_wrapper_hw_platform_0/system.hdf'.
09:26:55 INFO  : Context for 'APU' is selected.
09:26:55 INFO  : 'stop' command is executed.
09:26:55 INFO  : 'ps7_init' command is executed.
09:26:55 INFO  : 'ps7_post_config' command is executed.
09:26:55 INFO  : Context for processor 'ps7_cortexa9_0' is selected.
09:26:55 INFO  : Processor reset is completed for 'ps7_cortexa9_0'.
09:26:55 INFO  : Context for processor 'ps7_cortexa9_0' is selected.
09:26:56 INFO  : The application '/home/gkmikros/Dropbox/CE435/lab4/lab4_matrix_multiplicatio/lab4_matrix_multiplicatio.sdk/sdgfsa/Debug/sdgfsa.elf' is downloaded to processor 'ps7_cortexa9_0'.
09:26:56 INFO  : ----------------XSDB Script----------------
connect -url tcp:127.0.0.1:3121
source /home/gkmikros/Dropbox/CE435/lab4/lab4_matrix_multiplicatio/lab4_matrix_multiplicatio.sdk/lab3_simple_wrapper_hw_platform_0/ps7_init.tcl
targets -set -nocase -filter {name =~"APU*" && jtag_cable_name =~ "Digilent Zed 210248553221"} -index 0
loadhw /home/gkmikros/Dropbox/CE435/lab4/lab4_matrix_multiplicatio/lab4_matrix_multiplicatio.sdk/lab3_simple_wrapper_hw_platform_0/system.hdf
targets -set -nocase -filter {name =~"APU*" && jtag_cable_name =~ "Digilent Zed 210248553221"} -index 0
stop
ps7_init
ps7_post_config
targets -set -nocase -filter {name =~ "ARM*#0" && jtag_cable_name =~ "Digilent Zed 210248553221"} -index 0
rst -processor
targets -set -nocase -filter {name =~ "ARM*#0" && jtag_cable_name =~ "Digilent Zed 210248553221"} -index 0
dow /home/gkmikros/Dropbox/CE435/lab4/lab4_matrix_multiplicatio/lab4_matrix_multiplicatio.sdk/sdgfsa/Debug/sdgfsa.elf
----------------End of Script----------------

09:26:56 INFO  : Memory regions updated for context APU
09:26:56 INFO  : Context for processor 'ps7_cortexa9_0' is selected.
09:26:56 INFO  : 'con' command is executed.
09:26:56 INFO  : ----------------XSDB Script (After Launch)----------------
targets -set -nocase -filter {name =~ "ARM*#0" && jtag_cable_name =~ "Digilent Zed 210248553221"} -index 0
con
----------------End of Script----------------

09:26:56 INFO  : Launch script is exported to file '/home/gkmikros/Dropbox/CE435/lab4/lab4_matrix_multiplicatio/lab4_matrix_multiplicatio.sdk/.sdk/launch_scripts/xilinx_c-c++_application_(system_debugger)/system_debugger_using_debug_sdgfsa.elf_on_local.tcl'
09:45:49 INFO  : Disconnected from the channel tcfchan#5.
20:19:55 INFO  : Registering command handlers for SDK TCF services
20:19:57 INFO  : Launching XSCT server: xsct.bat -interactive C:\Users\geoka\Documents\GitHub\uni-projects\lab4\lab4_matrix_multiplicatio\lab4_matrix_multiplicatio.sdk\temp_xsdb_launch_script.tcl
20:20:06 INFO  : XSCT server has started successfully.
20:20:37 INFO  : Successfully done setting XSCT server connection channel  
20:20:37 INFO  : Processing command line option -hwspec C:/Users/geoka/Documents/GitHub/uni-projects/lab4/lab4_matrix_multiplicatio/lab4_matrix_multiplicatio.sdk/lab3_simple_wrapper.hdf.
20:20:37 INFO  : Successfully done setting SDK workspace  
20:31:40 ERROR : (XSDB Server)ERROR: [Hsi 55-1594] Core cpu_cortexa9 of version 2.3 not found in repositories

20:31:40 ERROR : (XSDB Server)ERROR: [Hsi 55-1594] Core devcfg of version 3.4 not found in repositories
ERROR: [Hsi 55-1594] Core scugic of version 3.5 not found in repositories
ERROR: [Hsi 55-1594] Core uartps of version 3.3 not found in repositories
ERROR: [Hsi 55-1594] Core standalone of version 6.1 not found in repositories

20:31:40 ERROR : (XSDB Server)ERROR: [Hsi 55-1452] Error: running open_sw_design.

20:31:40 ERROR :  [Common 17-39] 'hsi::open_sw_design' failed due to earlier errors.
20:31:40 ERROR : (XSDB Server)ERROR: [Hsi 55-1594] Core cpu_cortexa9 of version 2.3 not found in repositories

20:31:40 ERROR : (XSDB Server)ERROR: [Hsi 55-1594] Core devcfg of version 3.4 not found in repositories

20:31:40 ERROR : (XSDB Server)ERROR: [Hsi 55-1594] Core scugic of version 3.5 not found in repositories

20:31:40 ERROR : (XSDB Server)ERROR: [Hsi 55-1594] Core uartps of version 3.3 not found in repositories

20:31:40 ERROR : (XSDB Server)ERROR: [Hsi 55-1594] Core standalone of version 6.1 not found in repositories

20:31:40 ERROR : (XSDB Server)ERROR: [Hsi 55-1452] Error: running open_sw_design.

20:31:40 INFO  : Unable to read in MSS file C:\Users\geoka\Documents\GitHub\uni-projects\lab4\lab4_matrix_multiplicatio\lab4_matrix_multiplicatio.sdk\standalone_bsp_0\system.mss : null
20:31:41 ERROR : Failed to closesw "C:/Users/geoka/Documents/GitHub/uni-projects/lab4/lab4_matrix_multiplicatio/lab4_matrix_multiplicatio.sdk/standalone_bsp_0/system.mss"
Reason: Cannot close sw design 'C:/Users/geoka/Documents/GitHub/uni-projects/lab4/lab4_matrix_multiplicatio/lab4_matrix_multiplicatio.sdk/standalone_bsp_0/system.mss'.
Design is not opened in the current session.


20:31:46 ERROR : (XSDB Server)ERROR: [Hsi 55-1594] Core cpu_cortexa9 of version 2.3 not found in repositories

20:31:46 ERROR : (XSDB Server)ERROR: [Hsi 55-1594] Core devcfg of version 3.4 not found in repositories

20:31:46 ERROR : (XSDB Server)ERROR: [Hsi 55-1594] Core scugic of version 3.5 not found in repositories

20:31:46 ERROR : (XSDB Server)ERROR: [Hsi 55-1594] Core uartps of version 3.3 not found in repositories

20:31:46 ERROR : (XSDB Server)ERROR: [Hsi 55-1594] Core standalone of version 6.1 not found in repositories

20:31:46 ERROR : (XSDB Server)ERROR: [Hsi 55-1452] Error: running open_sw_design.

20:31:46 ERROR :  [Common 17-39] 'hsi::open_sw_design' failed due to earlier errors.
20:31:46 ERROR : (XSDB Server)ERROR: [Hsi 55-1594] Core cpu_cortexa9 of version 2.3 not found in repositories

20:31:46 ERROR : (XSDB Server)ERROR: [Hsi 55-1594] Core devcfg of version 3.4 not found in repositories

20:31:46 ERROR : (XSDB Server)ERROR: [Hsi 55-1594] Core scugic of version 3.5 not found in repositories

20:31:46 ERROR : (XSDB Server)ERROR: [Hsi 55-1594] Core uartps of version 3.3 not found in repositories

20:31:46 ERROR : (XSDB Server)ERROR: [Hsi 55-1594] Core standalone of version 6.1 not found in repositories

20:31:46 ERROR : (XSDB Server)ERROR: [Hsi 55-1452] Error: running open_sw_design.

20:31:46 INFO  : Unable to read in MSS file C:\Users\geoka\Documents\GitHub\uni-projects\lab4\lab4_matrix_multiplicatio\lab4_matrix_multiplicatio.sdk\standalone_bsp_0\system.mss : null
20:31:46 ERROR : Failed to closesw "C:/Users/geoka/Documents/GitHub/uni-projects/lab4/lab4_matrix_multiplicatio/lab4_matrix_multiplicatio.sdk/standalone_bsp_0/system.mss"
Reason: Cannot close sw design 'C:/Users/geoka/Documents/GitHub/uni-projects/lab4/lab4_matrix_multiplicatio/lab4_matrix_multiplicatio.sdk/standalone_bsp_0/system.mss'.
Design is not opened in the current session.


