13:38:44 INFO  : Registering command handlers for SDK TCF services
13:38:58 INFO  : Launching XSCT server: xsct -n -interactive /home/gkmikros/Dropbox/CE435/lab5/lab5_hw_sw/sobel_hw_sw/sobel_hw_sw.sdk/temp_xsdb_launch_script.tcl
13:38:59 ERROR : (XSDB Server)awk: symbol lookup error: awk: undefined symbol: mpfr_z_sub

13:39:05 INFO  : XSCT server has started successfully.
13:39:18 INFO  : Successfully done setting XSCT server connection channel  
13:39:18 INFO  : Successfully done setting SDK workspace  
13:39:18 INFO  : Processing command line option -hwspec /home/gkmikros/Dropbox/CE435/lab5/lab5_hw_sw/sobel_hw_sw/sobel_hw_sw.sdk/lab3_simple_wrapper.hdf.
13:44:51 INFO  : Connected to target on host '127.0.0.1' and port '3121'.
13:44:51 INFO  : 'targets -set -filter {jtag_cable_name =~ "Digilent Zed 210248650934" && level==0} -index 1' command is executed.
13:44:54 INFO  : FPGA configured successfully with bitstream "/home/gkmikros/Dropbox/CE435/lab5/lab5_hw_sw/sobel_hw_sw/sobel_hw_sw.sdk/lab3_simple_wrapper_hw_platform_0/lab3_simple_wrapper.bit"
13:45:12 INFO  : 'targets -set -filter {jtag_cable_name =~ "Digilent Zed 210248650934" && level==0} -index 1' command is executed.
13:45:12 INFO  : 'fpga -state' command is executed.
13:45:12 INFO  : Connected to target on host '127.0.0.1' and port '3121'.
13:45:12 INFO  : Jtag cable 'Digilent Zed 210248650934' is selected.
13:45:12 INFO  : 'jtag frequency' command is executed.
13:45:12 INFO  : Sourcing of '/home/gkmikros/Dropbox/CE435/lab5/lab5_hw_sw/sobel_hw_sw/sobel_hw_sw.sdk/lab3_simple_wrapper_hw_platform_0/ps7_init.tcl' is done.
13:45:12 INFO  : Context for 'APU' is selected.
13:45:12 INFO  : Hardware design information is loaded from '/home/gkmikros/Dropbox/CE435/lab5/lab5_hw_sw/sobel_hw_sw/sobel_hw_sw.sdk/lab3_simple_wrapper_hw_platform_0/system.hdf'.
13:45:12 INFO  : Context for 'APU' is selected.
13:45:12 INFO  : 'stop' command is executed.
13:45:13 INFO  : 'ps7_init' command is executed.
13:45:13 INFO  : 'ps7_post_config' command is executed.
13:45:13 INFO  : Context for processor 'ps7_cortexa9_0' is selected.
13:45:13 INFO  : Processor reset is completed for 'ps7_cortexa9_0'.
13:45:13 INFO  : Context for processor 'ps7_cortexa9_0' is selected.
13:45:13 INFO  : The application '/home/gkmikros/Dropbox/CE435/lab5/lab5_hw_sw/sobel_hw_sw/sobel_hw_sw.sdk/fds/Debug/fds.elf' is downloaded to processor 'ps7_cortexa9_0'.
13:45:13 INFO  : ----------------XSDB Script----------------
connect -url tcp:127.0.0.1:3121
source /home/gkmikros/Dropbox/CE435/lab5/lab5_hw_sw/sobel_hw_sw/sobel_hw_sw.sdk/lab3_simple_wrapper_hw_platform_0/ps7_init.tcl
targets -set -nocase -filter {name =~"APU*" && jtag_cable_name =~ "Digilent Zed 210248650934"} -index 0
loadhw /home/gkmikros/Dropbox/CE435/lab5/lab5_hw_sw/sobel_hw_sw/sobel_hw_sw.sdk/lab3_simple_wrapper_hw_platform_0/system.hdf
targets -set -nocase -filter {name =~"APU*" && jtag_cable_name =~ "Digilent Zed 210248650934"} -index 0
stop
ps7_init
ps7_post_config
targets -set -nocase -filter {name =~ "ARM*#0" && jtag_cable_name =~ "Digilent Zed 210248650934"} -index 0
rst -processor
targets -set -nocase -filter {name =~ "ARM*#0" && jtag_cable_name =~ "Digilent Zed 210248650934"} -index 0
dow /home/gkmikros/Dropbox/CE435/lab5/lab5_hw_sw/sobel_hw_sw/sobel_hw_sw.sdk/fds/Debug/fds.elf
----------------End of Script----------------

13:45:13 INFO  : Memory regions updated for context APU
13:45:13 INFO  : Context for processor 'ps7_cortexa9_0' is selected.
13:45:13 INFO  : 'con' command is executed.
13:45:13 INFO  : ----------------XSDB Script (After Launch)----------------
targets -set -nocase -filter {name =~ "ARM*#0" && jtag_cable_name =~ "Digilent Zed 210248650934"} -index 0
con
----------------End of Script----------------

13:45:13 INFO  : Launch script is exported to file '/home/gkmikros/Dropbox/CE435/lab5/lab5_hw_sw/sobel_hw_sw/sobel_hw_sw.sdk/.sdk/launch_scripts/xilinx_c-c++_application_(system_debugger)/system_debugger_using_debug_fds.elf_on_local.tcl'
13:48:55 INFO  : Disconnected from the channel tcfchan#1.
13:48:56 INFO  : 'targets -set -filter {jtag_cable_name =~ "Digilent Zed 210248650934" && level==0} -index 1' command is executed.
13:48:56 INFO  : 'fpga -state' command is executed.
13:48:56 INFO  : Connected to target on host '127.0.0.1' and port '3121'.
13:48:56 INFO  : Jtag cable 'Digilent Zed 210248650934' is selected.
13:48:56 INFO  : 'jtag frequency' command is executed.
13:48:56 INFO  : Sourcing of '/home/gkmikros/Dropbox/CE435/lab5/lab5_hw_sw/sobel_hw_sw/sobel_hw_sw.sdk/lab3_simple_wrapper_hw_platform_0/ps7_init.tcl' is done.
13:48:56 INFO  : Context for 'APU' is selected.
13:48:58 INFO  : Hardware design information is loaded from '/home/gkmikros/Dropbox/CE435/lab5/lab5_hw_sw/sobel_hw_sw/sobel_hw_sw.sdk/lab3_simple_wrapper_hw_platform_0/system.hdf'.
13:48:58 INFO  : Context for 'APU' is selected.
13:48:58 INFO  : 'stop' command is executed.
13:48:58 INFO  : 'ps7_init' command is executed.
13:48:58 INFO  : 'ps7_post_config' command is executed.
13:48:58 INFO  : Context for processor 'ps7_cortexa9_0' is selected.
13:48:58 INFO  : Processor reset is completed for 'ps7_cortexa9_0'.
13:48:58 INFO  : Context for processor 'ps7_cortexa9_0' is selected.
13:48:59 INFO  : The application '/home/gkmikros/Dropbox/CE435/lab5/lab5_hw_sw/sobel_hw_sw/sobel_hw_sw.sdk/fds/Debug/fds.elf' is downloaded to processor 'ps7_cortexa9_0'.
13:48:59 INFO  : ----------------XSDB Script----------------
connect -url tcp:127.0.0.1:3121
source /home/gkmikros/Dropbox/CE435/lab5/lab5_hw_sw/sobel_hw_sw/sobel_hw_sw.sdk/lab3_simple_wrapper_hw_platform_0/ps7_init.tcl
targets -set -nocase -filter {name =~"APU*" && jtag_cable_name =~ "Digilent Zed 210248650934"} -index 0
loadhw /home/gkmikros/Dropbox/CE435/lab5/lab5_hw_sw/sobel_hw_sw/sobel_hw_sw.sdk/lab3_simple_wrapper_hw_platform_0/system.hdf
targets -set -nocase -filter {name =~"APU*" && jtag_cable_name =~ "Digilent Zed 210248650934"} -index 0
stop
ps7_init
ps7_post_config
targets -set -nocase -filter {name =~ "ARM*#0" && jtag_cable_name =~ "Digilent Zed 210248650934"} -index 0
rst -processor
targets -set -nocase -filter {name =~ "ARM*#0" && jtag_cable_name =~ "Digilent Zed 210248650934"} -index 0
dow /home/gkmikros/Dropbox/CE435/lab5/lab5_hw_sw/sobel_hw_sw/sobel_hw_sw.sdk/fds/Debug/fds.elf
----------------End of Script----------------

13:48:59 INFO  : Memory regions updated for context APU
13:48:59 INFO  : Context for processor 'ps7_cortexa9_0' is selected.
13:48:59 INFO  : 'con' command is executed.
13:48:59 INFO  : ----------------XSDB Script (After Launch)----------------
targets -set -nocase -filter {name =~ "ARM*#0" && jtag_cable_name =~ "Digilent Zed 210248650934"} -index 0
con
----------------End of Script----------------

13:48:59 INFO  : Launch script is exported to file '/home/gkmikros/Dropbox/CE435/lab5/lab5_hw_sw/sobel_hw_sw/sobel_hw_sw.sdk/.sdk/launch_scripts/xilinx_c-c++_application_(system_debugger)/system_debugger_using_debug_fds.elf_on_local.tcl'
13:49:13 INFO  : Connected to target on host '127.0.0.1' and port '3121'.
13:49:13 INFO  : 'targets -set -filter {jtag_cable_name =~ "Digilent Zed 210248650934" && level==0} -index 1' command is executed.
13:49:16 INFO  : FPGA configured successfully with bitstream "/home/gkmikros/Dropbox/CE435/lab5/lab5_hw_sw/sobel_hw_sw/sobel_hw_sw.sdk/lab3_simple_wrapper_hw_platform_0/lab3_simple_wrapper.bit"
13:49:22 INFO  : Disconnected from the channel tcfchan#2.
13:49:23 INFO  : 'targets -set -filter {jtag_cable_name =~ "Digilent Zed 210248650934" && level==0} -index 1' command is executed.
13:49:23 INFO  : 'fpga -state' command is executed.
13:49:23 INFO  : Connected to target on host '127.0.0.1' and port '3121'.
13:49:23 INFO  : Jtag cable 'Digilent Zed 210248650934' is selected.
13:49:23 INFO  : 'jtag frequency' command is executed.
13:49:23 INFO  : Sourcing of '/home/gkmikros/Dropbox/CE435/lab5/lab5_hw_sw/sobel_hw_sw/sobel_hw_sw.sdk/lab3_simple_wrapper_hw_platform_0/ps7_init.tcl' is done.
13:49:23 INFO  : Context for 'APU' is selected.
13:49:25 INFO  : Hardware design information is loaded from '/home/gkmikros/Dropbox/CE435/lab5/lab5_hw_sw/sobel_hw_sw/sobel_hw_sw.sdk/lab3_simple_wrapper_hw_platform_0/system.hdf'.
13:49:25 INFO  : Context for 'APU' is selected.
13:49:25 INFO  : 'stop' command is executed.
13:49:25 INFO  : 'ps7_init' command is executed.
13:49:25 INFO  : 'ps7_post_config' command is executed.
13:49:25 INFO  : Context for processor 'ps7_cortexa9_0' is selected.
13:49:25 INFO  : Processor reset is completed for 'ps7_cortexa9_0'.
13:49:25 INFO  : Context for processor 'ps7_cortexa9_0' is selected.
13:49:26 INFO  : The application '/home/gkmikros/Dropbox/CE435/lab5/lab5_hw_sw/sobel_hw_sw/sobel_hw_sw.sdk/fds/Debug/fds.elf' is downloaded to processor 'ps7_cortexa9_0'.
13:49:26 INFO  : ----------------XSDB Script----------------
connect -url tcp:127.0.0.1:3121
source /home/gkmikros/Dropbox/CE435/lab5/lab5_hw_sw/sobel_hw_sw/sobel_hw_sw.sdk/lab3_simple_wrapper_hw_platform_0/ps7_init.tcl
targets -set -nocase -filter {name =~"APU*" && jtag_cable_name =~ "Digilent Zed 210248650934"} -index 0
loadhw /home/gkmikros/Dropbox/CE435/lab5/lab5_hw_sw/sobel_hw_sw/sobel_hw_sw.sdk/lab3_simple_wrapper_hw_platform_0/system.hdf
targets -set -nocase -filter {name =~"APU*" && jtag_cable_name =~ "Digilent Zed 210248650934"} -index 0
stop
ps7_init
ps7_post_config
targets -set -nocase -filter {name =~ "ARM*#0" && jtag_cable_name =~ "Digilent Zed 210248650934"} -index 0
rst -processor
targets -set -nocase -filter {name =~ "ARM*#0" && jtag_cable_name =~ "Digilent Zed 210248650934"} -index 0
dow /home/gkmikros/Dropbox/CE435/lab5/lab5_hw_sw/sobel_hw_sw/sobel_hw_sw.sdk/fds/Debug/fds.elf
----------------End of Script----------------

13:49:26 INFO  : Memory regions updated for context APU
13:49:26 INFO  : Context for processor 'ps7_cortexa9_0' is selected.
13:49:26 INFO  : 'con' command is executed.
13:49:26 INFO  : ----------------XSDB Script (After Launch)----------------
targets -set -nocase -filter {name =~ "ARM*#0" && jtag_cable_name =~ "Digilent Zed 210248650934"} -index 0
con
----------------End of Script----------------

13:49:26 INFO  : Launch script is exported to file '/home/gkmikros/Dropbox/CE435/lab5/lab5_hw_sw/sobel_hw_sw/sobel_hw_sw.sdk/.sdk/launch_scripts/xilinx_c-c++_application_(system_debugger)/system_debugger_using_debug_fds.elf_on_local.tcl'
13:49:53 INFO  : Connected to target on host '127.0.0.1' and port '3121'.
13:49:54 INFO  : 'targets -set -filter {jtag_cable_name =~ "Digilent Zed 210248650934" && level==0} -index 1' command is executed.
13:49:56 INFO  : FPGA configured successfully with bitstream "/home/gkmikros/Dropbox/CE435/lab5/lab5_hw_sw/sobel_hw_sw/sobel_hw_sw.sdk/lab3_simple_wrapper_hw_platform_0/lab3_simple_wrapper.bit"
13:50:03 INFO  : Disconnected from the channel tcfchan#3.
13:50:04 INFO  : 'targets -set -filter {jtag_cable_name =~ "Digilent Zed 210248650934" && level==0} -index 1' command is executed.
13:50:04 INFO  : 'fpga -state' command is executed.
13:50:04 INFO  : Connected to target on host '127.0.0.1' and port '3121'.
13:50:04 INFO  : Jtag cable 'Digilent Zed 210248650934' is selected.
13:50:04 INFO  : 'jtag frequency' command is executed.
13:50:04 INFO  : Sourcing of '/home/gkmikros/Dropbox/CE435/lab5/lab5_hw_sw/sobel_hw_sw/sobel_hw_sw.sdk/lab3_simple_wrapper_hw_platform_0/ps7_init.tcl' is done.
13:50:04 INFO  : Context for 'APU' is selected.
13:50:06 INFO  : Hardware design information is loaded from '/home/gkmikros/Dropbox/CE435/lab5/lab5_hw_sw/sobel_hw_sw/sobel_hw_sw.sdk/lab3_simple_wrapper_hw_platform_0/system.hdf'.
13:50:06 INFO  : Context for 'APU' is selected.
13:50:06 INFO  : 'stop' command is executed.
13:50:06 INFO  : 'ps7_init' command is executed.
13:50:06 INFO  : 'ps7_post_config' command is executed.
13:50:06 INFO  : Context for processor 'ps7_cortexa9_0' is selected.
13:50:06 INFO  : Processor reset is completed for 'ps7_cortexa9_0'.
13:50:06 INFO  : Context for processor 'ps7_cortexa9_0' is selected.
13:50:07 INFO  : The application '/home/gkmikros/Dropbox/CE435/lab5/lab5_hw_sw/sobel_hw_sw/sobel_hw_sw.sdk/fds/Debug/fds.elf' is downloaded to processor 'ps7_cortexa9_0'.
13:50:07 INFO  : ----------------XSDB Script----------------
connect -url tcp:127.0.0.1:3121
source /home/gkmikros/Dropbox/CE435/lab5/lab5_hw_sw/sobel_hw_sw/sobel_hw_sw.sdk/lab3_simple_wrapper_hw_platform_0/ps7_init.tcl
targets -set -nocase -filter {name =~"APU*" && jtag_cable_name =~ "Digilent Zed 210248650934"} -index 0
loadhw /home/gkmikros/Dropbox/CE435/lab5/lab5_hw_sw/sobel_hw_sw/sobel_hw_sw.sdk/lab3_simple_wrapper_hw_platform_0/system.hdf
targets -set -nocase -filter {name =~"APU*" && jtag_cable_name =~ "Digilent Zed 210248650934"} -index 0
stop
ps7_init
ps7_post_config
targets -set -nocase -filter {name =~ "ARM*#0" && jtag_cable_name =~ "Digilent Zed 210248650934"} -index 0
rst -processor
targets -set -nocase -filter {name =~ "ARM*#0" && jtag_cable_name =~ "Digilent Zed 210248650934"} -index 0
dow /home/gkmikros/Dropbox/CE435/lab5/lab5_hw_sw/sobel_hw_sw/sobel_hw_sw.sdk/fds/Debug/fds.elf
----------------End of Script----------------

13:50:07 INFO  : Memory regions updated for context APU
13:50:07 INFO  : Context for processor 'ps7_cortexa9_0' is selected.
13:50:07 INFO  : 'con' command is executed.
13:50:07 INFO  : ----------------XSDB Script (After Launch)----------------
targets -set -nocase -filter {name =~ "ARM*#0" && jtag_cable_name =~ "Digilent Zed 210248650934"} -index 0
con
----------------End of Script----------------

13:50:07 INFO  : Launch script is exported to file '/home/gkmikros/Dropbox/CE435/lab5/lab5_hw_sw/sobel_hw_sw/sobel_hw_sw.sdk/.sdk/launch_scripts/xilinx_c-c++_application_(system_debugger)/system_debugger_using_debug_fds.elf_on_local.tcl'
13:50:16 INFO  : Disconnected from the channel tcfchan#4.
13:50:17 INFO  : 'targets -set -filter {jtag_cable_name =~ "Digilent Zed 210248650934" && level==0} -index 1' command is executed.
13:50:17 INFO  : 'fpga -state' command is executed.
13:50:17 INFO  : Connected to target on host '127.0.0.1' and port '3121'.
13:50:17 INFO  : Jtag cable 'Digilent Zed 210248650934' is selected.
13:50:17 INFO  : 'jtag frequency' command is executed.
13:50:17 INFO  : Sourcing of '/home/gkmikros/Dropbox/CE435/lab5/lab5_hw_sw/sobel_hw_sw/sobel_hw_sw.sdk/lab3_simple_wrapper_hw_platform_0/ps7_init.tcl' is done.
13:50:17 INFO  : Context for 'APU' is selected.
13:50:19 INFO  : Hardware design information is loaded from '/home/gkmikros/Dropbox/CE435/lab5/lab5_hw_sw/sobel_hw_sw/sobel_hw_sw.sdk/lab3_simple_wrapper_hw_platform_0/system.hdf'.
13:50:19 INFO  : Context for 'APU' is selected.
13:50:19 INFO  : 'stop' command is executed.
13:50:20 INFO  : 'ps7_init' command is executed.
13:50:20 INFO  : 'ps7_post_config' command is executed.
13:50:20 INFO  : Context for processor 'ps7_cortexa9_0' is selected.
13:50:20 INFO  : Processor reset is completed for 'ps7_cortexa9_0'.
13:50:20 INFO  : Context for processor 'ps7_cortexa9_0' is selected.
13:50:20 INFO  : The application '/home/gkmikros/Dropbox/CE435/lab5/lab5_hw_sw/sobel_hw_sw/sobel_hw_sw.sdk/fds/Debug/fds.elf' is downloaded to processor 'ps7_cortexa9_0'.
13:50:20 INFO  : ----------------XSDB Script----------------
connect -url tcp:127.0.0.1:3121
source /home/gkmikros/Dropbox/CE435/lab5/lab5_hw_sw/sobel_hw_sw/sobel_hw_sw.sdk/lab3_simple_wrapper_hw_platform_0/ps7_init.tcl
targets -set -nocase -filter {name =~"APU*" && jtag_cable_name =~ "Digilent Zed 210248650934"} -index 0
loadhw /home/gkmikros/Dropbox/CE435/lab5/lab5_hw_sw/sobel_hw_sw/sobel_hw_sw.sdk/lab3_simple_wrapper_hw_platform_0/system.hdf
targets -set -nocase -filter {name =~"APU*" && jtag_cable_name =~ "Digilent Zed 210248650934"} -index 0
stop
ps7_init
ps7_post_config
targets -set -nocase -filter {name =~ "ARM*#0" && jtag_cable_name =~ "Digilent Zed 210248650934"} -index 0
rst -processor
targets -set -nocase -filter {name =~ "ARM*#0" && jtag_cable_name =~ "Digilent Zed 210248650934"} -index 0
dow /home/gkmikros/Dropbox/CE435/lab5/lab5_hw_sw/sobel_hw_sw/sobel_hw_sw.sdk/fds/Debug/fds.elf
----------------End of Script----------------

13:50:20 INFO  : Memory regions updated for context APU
13:50:20 INFO  : Context for processor 'ps7_cortexa9_0' is selected.
13:50:20 INFO  : 'con' command is executed.
13:50:20 INFO  : ----------------XSDB Script (After Launch)----------------
targets -set -nocase -filter {name =~ "ARM*#0" && jtag_cable_name =~ "Digilent Zed 210248650934"} -index 0
con
----------------End of Script----------------

13:50:20 INFO  : Launch script is exported to file '/home/gkmikros/Dropbox/CE435/lab5/lab5_hw_sw/sobel_hw_sw/sobel_hw_sw.sdk/.sdk/launch_scripts/xilinx_c-c++_application_(system_debugger)/system_debugger_using_debug_fds.elf_on_local.tcl'
13:53:52 INFO  : Disconnected from the channel tcfchan#5.
17:06:21 INFO  : Registering command handlers for SDK TCF services
17:06:23 INFO  : Launching XSCT server: xsct -n -interactive /home/gkmikros/Dropbox/CE435/lab5/lab5_hw_sw/sobel_hw_sw/sobel_hw_sw.sdk/temp_xsdb_launch_script.tcl
17:06:23 ERROR : (XSDB Server)awk: symbol lookup error: awk: undefined symbol: mpfr_z_sub

17:06:30 INFO  : XSCT server has started successfully.
17:06:48 INFO  : Successfully done setting XSCT server connection channel  
17:06:48 INFO  : Successfully done setting SDK workspace  
17:06:48 INFO  : Processing command line option -hwspec /home/gkmikros/Dropbox/CE435/lab5/lab5_hw_sw/sobel_hw_sw/sobel_hw_sw.sdk/lab3_simple_wrapper.hdf.
17:06:48 INFO  : Checking for hwspec changes in the project lab3_simple_wrapper_hw_platform_0.
17:07:02 INFO  : Connected to target on host '127.0.0.1' and port '3121'.
17:07:03 INFO  : 'targets -set -filter {jtag_cable_name =~ "Digilent Zed 210248650715" && level==0} -index 1' command is executed.
17:07:05 INFO  : FPGA configured successfully with bitstream "/home/gkmikros/Dropbox/CE435/lab5/lab5_hw_sw/sobel_hw_sw/sobel_hw_sw.sdk/lab3_simple_wrapper_hw_platform_0/lab3_simple_wrapper.bit"
17:07:11 INFO  : 'targets -set -filter {jtag_cable_name =~ "Digilent Zed 210248650715" && level==0} -index 1' command is executed.
17:07:11 INFO  : 'fpga -state' command is executed.
17:07:11 INFO  : Connected to target on host '127.0.0.1' and port '3121'.
17:07:12 INFO  : Jtag cable 'Digilent Zed 210248650715' is selected.
17:07:12 INFO  : 'jtag frequency' command is executed.
17:07:12 INFO  : Sourcing of '/home/gkmikros/Dropbox/CE435/lab5/lab5_hw_sw/sobel_hw_sw/sobel_hw_sw.sdk/lab3_simple_wrapper_hw_platform_0/ps7_init.tcl' is done.
17:07:12 INFO  : Context for 'APU' is selected.
17:07:12 INFO  : Hardware design information is loaded from '/home/gkmikros/Dropbox/CE435/lab5/lab5_hw_sw/sobel_hw_sw/sobel_hw_sw.sdk/lab3_simple_wrapper_hw_platform_0/system.hdf'.
17:07:12 INFO  : Context for 'APU' is selected.
17:07:12 INFO  : 'stop' command is executed.
17:07:12 INFO  : 'ps7_init' command is executed.
17:07:12 INFO  : 'ps7_post_config' command is executed.
17:07:12 INFO  : Context for processor 'ps7_cortexa9_0' is selected.
17:07:12 INFO  : Processor reset is completed for 'ps7_cortexa9_0'.
17:07:12 INFO  : Context for processor 'ps7_cortexa9_0' is selected.
17:07:13 INFO  : The application '/home/gkmikros/Dropbox/CE435/lab5/lab5_hw_sw/sobel_hw_sw/sobel_hw_sw.sdk/fds/Debug/fds.elf' is downloaded to processor 'ps7_cortexa9_0'.
17:07:13 INFO  : ----------------XSDB Script----------------
connect -url tcp:127.0.0.1:3121
source /home/gkmikros/Dropbox/CE435/lab5/lab5_hw_sw/sobel_hw_sw/sobel_hw_sw.sdk/lab3_simple_wrapper_hw_platform_0/ps7_init.tcl
targets -set -nocase -filter {name =~"APU*" && jtag_cable_name =~ "Digilent Zed 210248650715"} -index 0
loadhw /home/gkmikros/Dropbox/CE435/lab5/lab5_hw_sw/sobel_hw_sw/sobel_hw_sw.sdk/lab3_simple_wrapper_hw_platform_0/system.hdf
targets -set -nocase -filter {name =~"APU*" && jtag_cable_name =~ "Digilent Zed 210248650715"} -index 0
stop
ps7_init
ps7_post_config
targets -set -nocase -filter {name =~ "ARM*#0" && jtag_cable_name =~ "Digilent Zed 210248650715"} -index 0
rst -processor
targets -set -nocase -filter {name =~ "ARM*#0" && jtag_cable_name =~ "Digilent Zed 210248650715"} -index 0
dow /home/gkmikros/Dropbox/CE435/lab5/lab5_hw_sw/sobel_hw_sw/sobel_hw_sw.sdk/fds/Debug/fds.elf
----------------End of Script----------------

17:07:13 INFO  : Memory regions updated for context APU
17:07:13 INFO  : Context for processor 'ps7_cortexa9_0' is selected.
17:07:13 INFO  : 'con' command is executed.
17:07:13 INFO  : ----------------XSDB Script (After Launch)----------------
targets -set -nocase -filter {name =~ "ARM*#0" && jtag_cable_name =~ "Digilent Zed 210248650715"} -index 0
con
----------------End of Script----------------

17:07:13 INFO  : Launch script is exported to file '/home/gkmikros/Dropbox/CE435/lab5/lab5_hw_sw/sobel_hw_sw/sobel_hw_sw.sdk/.sdk/launch_scripts/xilinx_c-c++_application_(system_debugger)/system_debugger_using_debug_fds.elf_on_local.tcl'
17:07:58 INFO  : Connected to target on host '127.0.0.1' and port '3121'.
17:07:59 INFO  : 'targets -set -filter {jtag_cable_name =~ "Digilent Zed 210248650715" && level==0} -index 1' command is executed.
17:08:04 INFO  : FPGA configured successfully with bitstream "/home/gkmikros/Dropbox/CE435/lab5/lab5_hw_sw/sobel_hw_sw/sobel_hw_sw.sdk/lab3_simple_wrapper_hw_platform_0/lab3_simple_wrapper.bit"
17:08:19 INFO  : Disconnected from the channel tcfchan#1.
17:08:21 INFO  : 'targets -set -filter {jtag_cable_name =~ "Digilent Zed 210248650715" && level==0} -index 1' command is executed.
17:08:21 INFO  : 'fpga -state' command is executed.
17:08:21 INFO  : Connected to target on host '127.0.0.1' and port '3121'.
17:08:22 INFO  : Jtag cable 'Digilent Zed 210248650715' is selected.
17:08:22 INFO  : 'jtag frequency' command is executed.
17:08:22 INFO  : Sourcing of '/home/gkmikros/Dropbox/CE435/lab5/lab5_hw_sw/sobel_hw_sw/sobel_hw_sw.sdk/lab3_simple_wrapper_hw_platform_0/ps7_init.tcl' is done.
17:08:22 INFO  : Context for 'APU' is selected.
17:08:24 INFO  : Hardware design information is loaded from '/home/gkmikros/Dropbox/CE435/lab5/lab5_hw_sw/sobel_hw_sw/sobel_hw_sw.sdk/lab3_simple_wrapper_hw_platform_0/system.hdf'.
17:08:24 INFO  : Context for 'APU' is selected.
17:08:24 INFO  : 'stop' command is executed.
17:08:24 INFO  : 'ps7_init' command is executed.
17:08:24 INFO  : 'ps7_post_config' command is executed.
17:08:24 INFO  : Context for processor 'ps7_cortexa9_0' is selected.
17:08:24 INFO  : Processor reset is completed for 'ps7_cortexa9_0'.
17:08:24 INFO  : Context for processor 'ps7_cortexa9_0' is selected.
17:08:25 INFO  : The application '/home/gkmikros/Dropbox/CE435/lab5/lab5_hw_sw/sobel_hw_sw/sobel_hw_sw.sdk/fds/Debug/fds.elf' is downloaded to processor 'ps7_cortexa9_0'.
17:08:25 INFO  : ----------------XSDB Script----------------
connect -url tcp:127.0.0.1:3121
source /home/gkmikros/Dropbox/CE435/lab5/lab5_hw_sw/sobel_hw_sw/sobel_hw_sw.sdk/lab3_simple_wrapper_hw_platform_0/ps7_init.tcl
targets -set -nocase -filter {name =~"APU*" && jtag_cable_name =~ "Digilent Zed 210248650715"} -index 0
loadhw /home/gkmikros/Dropbox/CE435/lab5/lab5_hw_sw/sobel_hw_sw/sobel_hw_sw.sdk/lab3_simple_wrapper_hw_platform_0/system.hdf
targets -set -nocase -filter {name =~"APU*" && jtag_cable_name =~ "Digilent Zed 210248650715"} -index 0
stop
ps7_init
ps7_post_config
targets -set -nocase -filter {name =~ "ARM*#0" && jtag_cable_name =~ "Digilent Zed 210248650715"} -index 0
rst -processor
targets -set -nocase -filter {name =~ "ARM*#0" && jtag_cable_name =~ "Digilent Zed 210248650715"} -index 0
dow /home/gkmikros/Dropbox/CE435/lab5/lab5_hw_sw/sobel_hw_sw/sobel_hw_sw.sdk/fds/Debug/fds.elf
----------------End of Script----------------

17:08:25 INFO  : Memory regions updated for context APU
17:08:25 INFO  : Context for processor 'ps7_cortexa9_0' is selected.
17:08:25 INFO  : 'con' command is executed.
17:08:25 INFO  : ----------------XSDB Script (After Launch)----------------
targets -set -nocase -filter {name =~ "ARM*#0" && jtag_cable_name =~ "Digilent Zed 210248650715"} -index 0
con
----------------End of Script----------------

17:08:25 INFO  : Launch script is exported to file '/home/gkmikros/Dropbox/CE435/lab5/lab5_hw_sw/sobel_hw_sw/sobel_hw_sw.sdk/.sdk/launch_scripts/xilinx_c-c++_application_(system_debugger)/system_debugger_using_debug_fds.elf_on_local.tcl'
17:09:12 INFO  : Connected to target on host '127.0.0.1' and port '3121'.
17:09:13 INFO  : 'targets -set -filter {jtag_cable_name =~ "Digilent Zed 210248650715" && level==0} -index 1' command is executed.
17:09:17 INFO  : FPGA configured successfully with bitstream "/home/gkmikros/Dropbox/CE435/lab5/lab5_hw_sw/sobel_hw_sw/sobel_hw_sw.sdk/lab3_simple_wrapper_hw_platform_0/lab3_simple_wrapper.bit"
17:09:26 INFO  : Disconnected from the channel tcfchan#2.
17:09:27 INFO  : 'targets -set -filter {jtag_cable_name =~ "Digilent Zed 210248650715" && level==0} -index 1' command is executed.
17:09:27 INFO  : 'fpga -state' command is executed.
17:09:27 INFO  : Connected to target on host '127.0.0.1' and port '3121'.
17:09:27 INFO  : Jtag cable 'Digilent Zed 210248650715' is selected.
17:09:27 INFO  : 'jtag frequency' command is executed.
17:09:27 INFO  : Sourcing of '/home/gkmikros/Dropbox/CE435/lab5/lab5_hw_sw/sobel_hw_sw/sobel_hw_sw.sdk/lab3_simple_wrapper_hw_platform_0/ps7_init.tcl' is done.
17:09:27 INFO  : Context for 'APU' is selected.
17:09:29 INFO  : Hardware design information is loaded from '/home/gkmikros/Dropbox/CE435/lab5/lab5_hw_sw/sobel_hw_sw/sobel_hw_sw.sdk/lab3_simple_wrapper_hw_platform_0/system.hdf'.
17:09:30 INFO  : Context for 'APU' is selected.
17:09:30 INFO  : 'stop' command is executed.
17:09:30 INFO  : 'ps7_init' command is executed.
17:09:30 INFO  : 'ps7_post_config' command is executed.
17:09:30 INFO  : Context for processor 'ps7_cortexa9_0' is selected.
17:09:30 INFO  : Processor reset is completed for 'ps7_cortexa9_0'.
17:09:30 INFO  : Context for processor 'ps7_cortexa9_0' is selected.
17:09:30 INFO  : The application '/home/gkmikros/Dropbox/CE435/lab5/lab5_hw_sw/sobel_hw_sw/sobel_hw_sw.sdk/fds/Debug/fds.elf' is downloaded to processor 'ps7_cortexa9_0'.
17:09:30 INFO  : ----------------XSDB Script----------------
connect -url tcp:127.0.0.1:3121
source /home/gkmikros/Dropbox/CE435/lab5/lab5_hw_sw/sobel_hw_sw/sobel_hw_sw.sdk/lab3_simple_wrapper_hw_platform_0/ps7_init.tcl
targets -set -nocase -filter {name =~"APU*" && jtag_cable_name =~ "Digilent Zed 210248650715"} -index 0
loadhw /home/gkmikros/Dropbox/CE435/lab5/lab5_hw_sw/sobel_hw_sw/sobel_hw_sw.sdk/lab3_simple_wrapper_hw_platform_0/system.hdf
targets -set -nocase -filter {name =~"APU*" && jtag_cable_name =~ "Digilent Zed 210248650715"} -index 0
stop
ps7_init
ps7_post_config
targets -set -nocase -filter {name =~ "ARM*#0" && jtag_cable_name =~ "Digilent Zed 210248650715"} -index 0
rst -processor
targets -set -nocase -filter {name =~ "ARM*#0" && jtag_cable_name =~ "Digilent Zed 210248650715"} -index 0
dow /home/gkmikros/Dropbox/CE435/lab5/lab5_hw_sw/sobel_hw_sw/sobel_hw_sw.sdk/fds/Debug/fds.elf
----------------End of Script----------------

17:09:30 INFO  : Memory regions updated for context APU
17:09:30 INFO  : Context for processor 'ps7_cortexa9_0' is selected.
17:09:30 INFO  : 'con' command is executed.
17:09:30 INFO  : ----------------XSDB Script (After Launch)----------------
targets -set -nocase -filter {name =~ "ARM*#0" && jtag_cable_name =~ "Digilent Zed 210248650715"} -index 0
con
----------------End of Script----------------

17:09:30 INFO  : Launch script is exported to file '/home/gkmikros/Dropbox/CE435/lab5/lab5_hw_sw/sobel_hw_sw/sobel_hw_sw.sdk/.sdk/launch_scripts/xilinx_c-c++_application_(system_debugger)/system_debugger_using_debug_fds.elf_on_local.tcl'
18:07:50 INFO  : Disconnected from the channel tcfchan#3.
10:07:21 INFO  : Registering command handlers for SDK TCF services
10:07:22 INFO  : Launching XSCT server: xsct -n -interactive /home/gkmikros/Dropbox/CE435/lab5/lab5_hw_sw/sobel_hw_sw/sobel_hw_sw.sdk/temp_xsdb_launch_script.tcl
10:07:23 ERROR : (XSDB Server)awk: symbol lookup error: awk: undefined symbol: mpfr_z_sub

10:07:26 INFO  : XSCT server has started successfully.
10:07:26 INFO  : Successfully done setting XSCT server connection channel  
10:07:37 INFO  : Successfully done setting SDK workspace  
10:07:37 INFO  : Processing command line option -hwspec /home/gkmikros/Dropbox/CE435/lab5/lab5_hw_sw/sobel_hw_sw/sobel_hw_sw.sdk/lab3_simple_wrapper.hdf.
10:07:37 INFO  : Checking for hwspec changes in the project lab3_simple_wrapper_hw_platform_0.
10:07:44 INFO  : Connected to target on host '127.0.0.1' and port '3121'.
10:07:44 INFO  : 'targets -set -filter {jtag_cable_name =~ "Digilent Zed 210248553221" && level==0} -index 1' command is executed.
10:07:47 INFO  : FPGA configured successfully with bitstream "/home/gkmikros/Dropbox/CE435/lab5/lab5_hw_sw/sobel_hw_sw/sobel_hw_sw.sdk/lab3_simple_wrapper_hw_platform_0/lab3_simple_wrapper.bit"
10:08:07 INFO  : 'targets -set -filter {jtag_cable_name =~ "Digilent Zed 210248553221" && level==0} -index 1' command is executed.
10:08:07 INFO  : 'fpga -state' command is executed.
10:08:07 INFO  : Connected to target on host '127.0.0.1' and port '3121'.
10:08:07 INFO  : Jtag cable 'Digilent Zed 210248553221' is selected.
10:08:07 INFO  : 'jtag frequency' command is executed.
10:08:07 INFO  : Sourcing of '/home/gkmikros/Dropbox/CE435/lab5/lab5_hw_sw/sobel_hw_sw/sobel_hw_sw.sdk/lab3_simple_wrapper_hw_platform_0/ps7_init.tcl' is done.
10:08:07 INFO  : Context for 'APU' is selected.
10:08:07 INFO  : Hardware design information is loaded from '/home/gkmikros/Dropbox/CE435/lab5/lab5_hw_sw/sobel_hw_sw/sobel_hw_sw.sdk/lab3_simple_wrapper_hw_platform_0/system.hdf'.
10:08:07 INFO  : Context for 'APU' is selected.
10:08:07 INFO  : 'stop' command is executed.
10:08:08 INFO  : 'ps7_init' command is executed.
10:08:08 INFO  : 'ps7_post_config' command is executed.
10:08:08 INFO  : Context for processor 'ps7_cortexa9_0' is selected.
10:08:08 INFO  : Processor reset is completed for 'ps7_cortexa9_0'.
10:08:08 INFO  : Context for processor 'ps7_cortexa9_0' is selected.
10:08:08 INFO  : The application '/home/gkmikros/Dropbox/CE435/lab5/lab5_hw_sw/sobel_hw_sw/sobel_hw_sw.sdk/fds/Debug/fds.elf' is downloaded to processor 'ps7_cortexa9_0'.
10:08:08 INFO  : ----------------XSDB Script----------------
connect -url tcp:127.0.0.1:3121
source /home/gkmikros/Dropbox/CE435/lab5/lab5_hw_sw/sobel_hw_sw/sobel_hw_sw.sdk/lab3_simple_wrapper_hw_platform_0/ps7_init.tcl
targets -set -nocase -filter {name =~"APU*" && jtag_cable_name =~ "Digilent Zed 210248553221"} -index 0
loadhw /home/gkmikros/Dropbox/CE435/lab5/lab5_hw_sw/sobel_hw_sw/sobel_hw_sw.sdk/lab3_simple_wrapper_hw_platform_0/system.hdf
targets -set -nocase -filter {name =~"APU*" && jtag_cable_name =~ "Digilent Zed 210248553221"} -index 0
stop
ps7_init
ps7_post_config
targets -set -nocase -filter {name =~ "ARM*#0" && jtag_cable_name =~ "Digilent Zed 210248553221"} -index 0
rst -processor
targets -set -nocase -filter {name =~ "ARM*#0" && jtag_cable_name =~ "Digilent Zed 210248553221"} -index 0
dow /home/gkmikros/Dropbox/CE435/lab5/lab5_hw_sw/sobel_hw_sw/sobel_hw_sw.sdk/fds/Debug/fds.elf
----------------End of Script----------------

10:08:08 INFO  : Memory regions updated for context APU
10:08:08 INFO  : Context for processor 'ps7_cortexa9_0' is selected.
10:08:08 INFO  : 'con' command is executed.
10:08:08 INFO  : ----------------XSDB Script (After Launch)----------------
targets -set -nocase -filter {name =~ "ARM*#0" && jtag_cable_name =~ "Digilent Zed 210248553221"} -index 0
con
----------------End of Script----------------

10:08:08 INFO  : Launch script is exported to file '/home/gkmikros/Dropbox/CE435/lab5/lab5_hw_sw/sobel_hw_sw/sobel_hw_sw.sdk/.sdk/launch_scripts/xilinx_c-c++_application_(system_debugger)/system_debugger_using_debug_fds.elf_on_local.tcl'
10:36:08 ERROR : (XSDB Server)Hangup

23:10:47 INFO  : Registering command handlers for SDK TCF services
23:10:51 INFO  : Launching XSCT server: xsct.bat -interactive C:\Users\geoka\Documents\GitHub\uni-projects\lab5\lab5_hw_sw\sobel_hw_sw\sobel_hw_sw.sdk\temp_xsdb_launch_script.tcl
23:11:06 INFO  : XSCT server has started successfully.
23:11:06 INFO  : Successfully done setting XSCT server connection channel  
23:11:45 INFO  : Successfully done setting SDK workspace  
23:11:45 INFO  : Processing command line option -hwspec C:/Users/geoka/Documents/GitHub/uni-projects/lab5/lab5_hw_sw/sobel_hw_sw/sobel_hw_sw.sdk/lab3_simple_wrapper.hdf.
23:33:58 ERROR : (XSDB Server)ERROR: [Hsi 55-1594] Core cpu_cortexa9 of version 2.3 not found in repositories
ERROR: [Hsi 55-1594] Core axidma of version 9.3 not found in repositories

23:33:58 ERROR : (XSDB Server)ERROR: [Hsi 55-1594] Core devcfg of version 3.4 not found in repositories

23:33:58 ERROR : (XSDB Server)ERROR: [Hsi 55-1594] Core gpiops of version 3.1 not found in repositories
ERROR: [Hsi 55-1594] Core qspips of version 3.3 not found in repositories
ERROR: [Hsi 55-1594] Core scugic of version 3.5 not found in repositories

23:33:58 ERROR : (XSDB Server)ERROR: [Hsi 55-1594] Core sdps of version 3.1 not found in repositories
ERROR: [Hsi 55-1594] Core ttcps of version 3.2 not found in repositories

23:33:58 ERROR : (XSDB Server)ERROR: [Hsi 55-1594] Core ttcps of version 3.2 not found in repositories

23:33:58 ERROR : (XSDB Server)ERROR: [Hsi 55-1594] Core uartps of version 3.3 not found in repositories

23:33:58 ERROR : (XSDB Server)ERROR: [Hsi 55-1594] Core standalone of version 6.1 not found in repositories

23:33:58 ERROR : (XSDB Server)ERROR: [Hsi 55-1594] Core xilffs of version 3.5 not found in repositories

23:33:58 ERROR : (XSDB Server)ERROR: [Hsi 55-1452] Error: running open_sw_design.

23:33:58 ERROR :  [Common 17-39] 'hsi::open_sw_design' failed due to earlier errors.
23:33:58 ERROR : (XSDB Server)ERROR: [Hsi 55-1594] Core cpu_cortexa9 of version 2.3 not found in repositories

23:33:58 ERROR : (XSDB Server)ERROR: [Hsi 55-1594] Core axidma of version 9.3 not found in repositories

23:33:58 ERROR : (XSDB Server)ERROR: [Hsi 55-1594] Core devcfg of version 3.4 not found in repositories

23:33:58 ERROR : (XSDB Server)ERROR: [Hsi 55-1594] Core gpiops of version 3.1 not found in repositories

23:33:58 ERROR : (XSDB Server)ERROR: [Hsi 55-1594] Core qspips of version 3.3 not found in repositories

23:33:58 ERROR : (XSDB Server)ERROR: [Hsi 55-1594] Core scugic of version 3.5 not found in repositories

23:33:58 ERROR : (XSDB Server)ERROR: [Hsi 55-1594] Core sdps of version 3.1 not found in repositories

23:33:58 ERROR : (XSDB Server)ERROR: [Hsi 55-1594] Core ttcps of version 3.2 not found in repositories

23:33:58 ERROR : (XSDB Server)ERROR: [Hsi 55-1594] Core ttcps of version 3.2 not found in repositories

23:33:58 ERROR : (XSDB Server)ERROR: [Hsi 55-1594] Core uartps of version 3.3 not found in repositories

23:33:58 ERROR : (XSDB Server)ERROR: [Hsi 55-1594] Core standalone of version 6.1 not found in repositories

23:33:58 ERROR : (XSDB Server)ERROR: [Hsi 55-1594] Core xilffs of version 3.5 not found in repositories

23:33:58 ERROR : (XSDB Server)ERROR: [Hsi 55-1452] Error: running open_sw_design.

23:33:58 INFO  : Unable to read in MSS file C:\Users\geoka\Documents\GitHub\uni-projects\lab5\lab5_hw_sw\sobel_hw_sw\sobel_hw_sw.sdk\standalone_bsp_0\system.mss : null
23:33:58 ERROR : (XSDB Server)ERROR: [Hsi 55-1594] Core cpu_cortexa9 of version 2.3 not found in repositories

23:33:58 ERROR : (XSDB Server)ERROR: [Hsi 55-1594] Core axidma of version 9.3 not found in repositories

23:33:58 ERROR : (XSDB Server)ERROR: [Hsi 55-1594] Core devcfg of version 3.4 not found in repositories

23:33:58 ERROR : (XSDB Server)ERROR: [Hsi 55-1594] Core gpiops of version 3.1 not found in repositories
ERROR: [Hsi 55-1594] Core qspips of version 3.3 not found in repositories
ERROR: [Hsi 55-1594] Core scugic of version 3.5 not found in repositories
ERROR: [Hsi 55-1594] Core sdps of version 3.1 not found in repositories
ERROR: [Hsi 55-1594] Core ttcps of version 3.2 not found in repositories
ERROR: [Hsi 55-1594] Core ttcps of version 3.2 not found in repositories
ERROR: [Hsi 55-1594] Core uartps of version 3.3 not found in repositories
ERROR: [Hsi 55-1594] Core standalone of version 6.1 not found in repositories
ERROR: [Hsi 55-1594] Core xilffs of version 3.5 not found in repositories
ERROR: [Hsi 55-1452] Error: running open_sw_design.

23:33:58 ERROR : (XSDB Server)ERROR: [Hsi 55-1594] Core cpu_cortexa9 of version 2.3 not found in repositories

23:33:58 ERROR : (XSDB Server)ERROR: [Hsi 55-1594] Core axidma of version 9.3 not found in repositories

23:33:58 ERROR : (XSDB Server)ERROR: [Hsi 55-1594] Core devcfg of version 3.4 not found in repositories

23:33:58 ERROR : (XSDB Server)ERROR: [Hsi 55-1594] Core gpiops of version 3.1 not found in repositories

23:33:58 ERROR : (XSDB Server)ERROR: [Hsi 55-1594] Core qspips of version 3.3 not found in repositories

23:33:58 ERROR : (XSDB Server)ERROR: [Hsi 55-1594] Core scugic of version 3.5 not found in repositories

23:33:58 ERROR : (XSDB Server)ERROR: [Hsi 55-1594] Core sdps of version 3.1 not found in repositories

23:33:58 ERROR : (XSDB Server)ERROR: [Hsi 55-1594] Core ttcps of version 3.2 not found in repositories

23:33:58 ERROR : (XSDB Server)ERROR: [Hsi 55-1594] Core ttcps of version 3.2 not found in repositories

23:33:58 ERROR : (XSDB Server)ERROR: [Hsi 55-1594] Core uartps of version 3.3 not found in repositories

23:33:58 ERROR : (XSDB Server)ERROR: [Hsi 55-1594] Core standalone of version 6.1 not found in repositories

23:33:58 ERROR : (XSDB Server)ERROR: [Hsi 55-1594] Core xilffs of version 3.5 not found in repositories

23:33:58 ERROR : (XSDB Server)ERROR: [Hsi 55-1452] Error: running open_sw_design.

23:33:58 ERROR : Failed to get_connected_periphs
Reason: ERROR: [Common 17-55] 'get_property' expects at least one object.
Resolution: If [get_<value>] was used to populate the object, check to make sure this command returns at least one valid object.

23:34:24 ERROR : (XSDB Server)ERROR: [Hsi 55-1594] Core cpu_cortexa9 of version 2.3 not found in repositories

23:34:24 ERROR : (XSDB Server)ERROR: [Hsi 55-1594] Core axidma of version 9.3 not found in repositories
ERROR: [Hsi 55-1594] Core devcfg of version 3.4 not found in repositories
ERROR: [Hsi 55-1594] Core gpiops of version 3.1 not found in repositories
ERROR: [Hsi 55-1594] Core qspips of version 3.3 not found in repositories

23:34:24 ERROR : (XSDB Server)ERROR: [Hsi 55-1594] Core scugic of version 3.5 not found in repositories

23:34:24 ERROR : (XSDB Server)ERROR: [Hsi 55-1594] Core sdps of version 3.1 not found in repositories
ERROR: [Hsi 55-1594] Core ttcps of version 3.2 not found in repositories
ERROR: [Hsi 55-1594] Core ttcps of version 3.2 not found in repositories
ERROR: [Hsi 55-1594] Core uartps of version 3.3 not found in repositories
ERROR: [Hsi 55-1594] Core standalone of version 6.1 not found in repositories
ERROR: [Hsi 55-1594] Core xilffs of version 3.5 not found in repositories
ERROR: [Hsi 55-1452] Error: running open_sw_design.

23:34:24 ERROR :  [Common 17-39] 'hsi::open_sw_design' failed due to earlier errors.
23:34:24 ERROR : (XSDB Server)ERROR: [Hsi 55-1594] Core cpu_cortexa9 of version 2.3 not found in repositories

23:34:24 ERROR : (XSDB Server)ERROR: [Hsi 55-1594] Core axidma of version 9.3 not found in repositories
ERROR: [Hsi 55-1594] Core devcfg of version 3.4 not found in repositories
ERROR: [Hsi 55-1594] Core gpiops of version 3.1 not found in repositories
ERROR: [Hsi 55-1594] Core qspips of version 3.3 not found in repositories
ERROR: [Hsi 55-1594] Core scugic of version 3.5 not found in repositories
ERROR: [Hsi 55-1594] Core sdps of version 3.1 not found in repositories
ERROR: [Hsi 55-1594] Core ttcps of version 3.2 not found in repositories
ERROR: [Hsi 55-1594] Core ttcps of version 3.2 not found in repositories
ERROR: [Hsi 55-1594] Core uartps of version 3.3 not found in repositories
ERROR: [Hsi 55-1594] Core standalone of version 6.1 not found in repositories
ERROR: [Hsi 55-1594] Core xilffs of version 3.5 not found in repositories
ERROR: [Hsi 55-1452] Error: running open_sw_design.

23:34:24 INFO  : Unable to read in MSS file C:\Users\geoka\Documents\GitHub\uni-projects\lab5\lab5_hw_sw\sobel_hw_sw\sobel_hw_sw.sdk\standalone_bsp_0\system.mss : null
23:34:25 ERROR : (XSDB Server)ERROR: [Hsi 55-1594] Core cpu_cortexa9 of version 2.3 not found in repositories

23:34:25 ERROR : (XSDB Server)ERROR: [Hsi 55-1594] Core axidma of version 9.3 not found in repositories
ERROR: [Hsi 55-1594] Core devcfg of version 3.4 not found in repositories
ERROR: [Hsi 55-1594] Core gpiops of version 3.1 not found in repositories
ERROR: [Hsi 55-1594] Core qspips of version 3.3 not found in repositories
ERROR: [Hsi 55-1594] Core scugic of version 3.5 not found in repositories
ERROR: [Hsi 55-1594] Core sdps of version 3.1 not found in repositories
ERROR: [Hsi 55-1594] Core ttcps of version 3.2 not found in repositories
ERROR: [Hsi 55-1594] Core ttcps of version 3.2 not found in repositories
ERROR: [Hsi 55-1594] Core uartps of version 3.3 not found in repositories
ERROR: [Hsi 55-1594] Core standalone of version 6.1 not found in repositories
ERROR: [Hsi 55-1594] Core xilffs of version 3.5 not found in repositories
ERROR: [Hsi 55-1452] Error: running open_sw_design.

23:34:25 ERROR : (XSDB Server)ERROR: [Hsi 55-1594] Core cpu_cortexa9 of version 2.3 not found in repositories
ERROR: [Hsi 55-1594] Core axidma of version 9.3 not found in repositories
ERROR: [Hsi 55-1594] Core devcfg of version 3.4 not found in repositories
ERROR: [Hsi 55-1594] Core gpiops of version 3.1 not found in repositories
ERROR: [Hsi 55-1594] Core qspips of version 3.3 not found in repositories
ERROR: [Hsi 55-1594] Core scugic of version 3.5 not found in repositories
ERROR: [Hsi 55-1594] Core sdps of version 3.1 not found in repositories
ERROR: [Hsi 55-1594] Core ttcps of version 3.2 not found in repositories
ERROR: [Hsi 55-1594] Core ttcps of version 3.2 not found in repositories
ERROR: [Hsi 55-1594] Core uartps of version 3.3 not found in repositories
ERROR: [Hsi 55-1594] Core standalone of version 6.1 not found in repositories
ERROR: [Hsi 55-1594] Core xilffs of version 3.5 not found in repositories
ERROR: [Hsi 55-1452] Error: running open_sw_design.

23:34:27 ERROR : (XSDB Server)ERROR: [Hsi 55-1594] Core cpu_cortexa9 of version 2.3 not found in repositories

23:34:27 ERROR : (XSDB Server)ERROR: [Hsi 55-1594] Core axidma of version 9.3 not found in repositories
ERROR: [Hsi 55-1594] Core devcfg of version 3.4 not found in repositories
ERROR: [Hsi 55-1594] Core gpiops of version 3.1 not found in repositories

23:34:27 ERROR : (XSDB Server)ERROR: [Hsi 55-1452] Error: running open_sw_design.

23:34:27 ERROR :  [Common 17-39] 'hsi::open_sw_design' failed due to earlier errors.
23:34:27 ERROR : (XSDB Server)ERROR: [Hsi 55-1452] Error: running open_sw_design.

23:34:27 INFO  : Unable to read in MSS file C:\Users\geoka\Documents\GitHub\uni-projects\lab5\lab5_hw_sw\sobel_hw_sw\sobel_hw_sw.sdk\standalone_bsp_0\system.mss : null
23:34:27 ERROR : (XSDB Server)ERROR: [Hsi 55-1452] Error: running open_sw_design.

23:34:27 ERROR : Failed to closesw "C:/Users/geoka/Documents/GitHub/uni-projects/lab5/lab5_hw_sw/sobel_hw_sw/sobel_hw_sw.sdk/standalone_bsp_0/system.mss"
Reason: Cannot close sw design 'C:/Users/geoka/Documents/GitHub/uni-projects/lab5/lab5_hw_sw/sobel_hw_sw/sobel_hw_sw.sdk/standalone_bsp_0/system.mss'.
Design is not opened in the current session.


23:38:39 INFO  : Launching XSCT server: xsct.bat -interactive C:\Users\geoka\Documents\GitHub\uni-projects\lab5\lab5_hw_sw\sobel_hw_sw\sobel_hw_sw.sdk\temp_xsdb_launch_script.tcl
23:38:42 INFO  : XSCT server has started successfully.
23:38:51 INFO  : Successfully done setting XSCT server connection channel  
23:38:51 INFO  : Successfully done setting SDK workspace  
23:38:58 INFO  : Registering command handlers for SDK TCF services
23:39:02 INFO  : Processing command line option -hwspec C:/Users/geoka/Documents/GitHub/uni-projects/lab5/lab5_hw_sw/sobel_hw_sw/sobel_hw_sw.sdk/lab3_simple_wrapper.hdf.
23:39:02 INFO  : Checking for hwspec changes in the project lab3_simple_wrapper_hw_platform_1.
23:39:07 INFO  : SDK has detected change in the last modified timestamps for source hardware specification file Source:1587934052610,  Project:1498035442000
23:39:07 INFO  : The hardware specification for project 'lab3_simple_wrapper_hw_platform_1' is different from C:/Users/geoka/Documents/GitHub/uni-projects/lab5/lab5_hw_sw/sobel_hw_sw/sobel_hw_sw.sdk/lab3_simple_wrapper.hdf.
23:39:17 INFO  : Copied contents of C:/Users/geoka/Documents/GitHub/uni-projects/lab5/lab5_hw_sw/sobel_hw_sw/sobel_hw_sw.sdk/lab3_simple_wrapper.hdf into \lab3_simple_wrapper_hw_platform_1\system.hdf.
23:39:24 INFO  : Synchronizing projects in the workspace with the hardware platform specification changes.
23:39:25 INFO  : Clearing existing target manager status.
23:39:25 INFO  : Workspace synchronized with the new hardware specification file. Cleaning dependent projects...
23:39:25 WARN  : Linker script will not be updated automatically. Users need to update it manually.
