15:36:48 INFO  : Registering command handlers for SDK TCF services
15:36:59 INFO  : Launching XSCT server: xsct -n -interactive /home/gkmikros/Dropbox/CE435/Lab3/lab3_graycounter/lab3_graycounter.sdk/temp_xsdb_launch_script.tcl
15:36:59 ERROR : (XSDB Server)awk: symbol lookup error: awk: undefined symbol: mpfr_z_sub

15:37:05 INFO  : XSCT server has started successfully.
15:37:05 INFO  : Successfully done setting XSCT server connection channel  
15:37:17 INFO  : Successfully done setting SDK workspace  
15:37:17 INFO  : Processing command line option -hwspec /home/gkmikros/Dropbox/CE435/Lab3/lab3_graycounter/lab3_graycounter.sdk/lab3_simple_wrapper.hdf.
15:39:43 INFO  : Connected to target on host '127.0.0.1' and port '3121'.
15:39:43 INFO  : 'targets -set -filter {jtag_cable_name =~ "Digilent Zed 210248650939" && level==0} -index 1' command is executed.
15:39:45 INFO  : FPGA configured successfully with bitstream "/home/gkmikros/Dropbox/CE435/Lab3/lab3_graycounter/lab3_graycounter.sdk/lab3_simple_wrapper_hw_platform_0/lab3_simple_wrapper.bit"
15:40:00 INFO  : 'targets -set -filter {jtag_cable_name =~ "Digilent Zed 210248650939" && level==0} -index 1' command is executed.
15:40:00 INFO  : 'fpga -state' command is executed.
15:40:00 INFO  : Connected to target on host '127.0.0.1' and port '3121'.
15:40:01 INFO  : Jtag cable 'Digilent Zed 210248650939' is selected.
15:40:01 INFO  : 'jtag frequency' command is executed.
15:40:01 INFO  : Sourcing of '/home/gkmikros/Dropbox/CE435/Lab3/lab3_graycounter/lab3_graycounter.sdk/lab3_simple_wrapper_hw_platform_0/ps7_init.tcl' is done.
15:40:01 INFO  : Context for 'APU' is selected.
15:40:01 INFO  : Hardware design information is loaded from '/home/gkmikros/Dropbox/CE435/Lab3/lab3_graycounter/lab3_graycounter.sdk/lab3_simple_wrapper_hw_platform_0/system.hdf'.
15:40:01 INFO  : Context for 'APU' is selected.
15:40:01 INFO  : 'stop' command is executed.
15:40:01 INFO  : 'ps7_init' command is executed.
15:40:01 INFO  : 'ps7_post_config' command is executed.
15:40:01 INFO  : Context for processor 'ps7_cortexa9_0' is selected.
15:40:01 INFO  : Processor reset is completed for 'ps7_cortexa9_0'.
15:40:01 INFO  : Context for processor 'ps7_cortexa9_0' is selected.
15:40:01 INFO  : The application '/home/gkmikros/Dropbox/CE435/Lab3/lab3_graycounter/lab3_graycounter.sdk/lab3_gray/Debug/lab3_gray.elf' is downloaded to processor 'ps7_cortexa9_0'.
15:40:01 INFO  : ----------------XSDB Script----------------
connect -url tcp:127.0.0.1:3121
source /home/gkmikros/Dropbox/CE435/Lab3/lab3_graycounter/lab3_graycounter.sdk/lab3_simple_wrapper_hw_platform_0/ps7_init.tcl
targets -set -nocase -filter {name =~"APU*" && jtag_cable_name =~ "Digilent Zed 210248650939"} -index 0
loadhw /home/gkmikros/Dropbox/CE435/Lab3/lab3_graycounter/lab3_graycounter.sdk/lab3_simple_wrapper_hw_platform_0/system.hdf
targets -set -nocase -filter {name =~"APU*" && jtag_cable_name =~ "Digilent Zed 210248650939"} -index 0
stop
ps7_init
ps7_post_config
targets -set -nocase -filter {name =~ "ARM*#0" && jtag_cable_name =~ "Digilent Zed 210248650939"} -index 0
rst -processor
targets -set -nocase -filter {name =~ "ARM*#0" && jtag_cable_name =~ "Digilent Zed 210248650939"} -index 0
dow /home/gkmikros/Dropbox/CE435/Lab3/lab3_graycounter/lab3_graycounter.sdk/lab3_gray/Debug/lab3_gray.elf
----------------End of Script----------------

15:40:01 INFO  : Memory regions updated for context APU
15:40:01 INFO  : Context for processor 'ps7_cortexa9_0' is selected.
15:40:01 INFO  : 'con' command is executed.
15:40:01 INFO  : ----------------XSDB Script (After Launch)----------------
targets -set -nocase -filter {name =~ "ARM*#0" && jtag_cable_name =~ "Digilent Zed 210248650939"} -index 0
con
----------------End of Script----------------

15:40:01 INFO  : Launch script is exported to file '/home/gkmikros/Dropbox/CE435/Lab3/lab3_graycounter/lab3_graycounter.sdk/.sdk/launch_scripts/xilinx_c-c++_application_(system_debugger)/system_debugger_using_debug_lab3_gray.elf_on_local.tcl'
15:59:49 INFO  : Disconnected from the channel tcfchan#1.
09:27:48 INFO  : Launching XSCT server: xsct -n -interactive /home/gkmikros/Dropbox/CE435/Lab3/lab3_graycounter/lab3_graycounter.sdk/temp_xsdb_launch_script.tcl
09:27:48 ERROR : (XSDB Server)awk: symbol lookup error: awk: undefined symbol: mpfr_z_sub

09:27:51 INFO  : XSCT server has started successfully.
09:27:51 INFO  : Successfully done setting XSCT server connection channel  
09:28:04 INFO  : Successfully done setting SDK workspace  
09:28:12 INFO  : Registering command handlers for SDK TCF services
09:28:12 INFO  : Processing command line option -hwspec /home/gkmikros/Dropbox/CE435/Lab3/lab3_graycounter/lab3_graycounter.sdk/lab3_simple_wrapper.hdf.
09:28:15 INFO  : Checking for hwspec changes in the project lab3_simple_wrapper_hw_platform_0.
09:28:44 INFO  : Connected to target on host '127.0.0.1' and port '3121'.
09:28:45 INFO  : 'targets -set -filter {jtag_cable_name =~ "Digilent Zed 210248553221" && level==0} -index 1' command is executed.
09:28:47 INFO  : FPGA configured successfully with bitstream "/home/gkmikros/Dropbox/CE435/Lab3/lab3_graycounter/lab3_graycounter.sdk/lab3_simple_wrapper_hw_platform_0/lab3_simple_wrapper.bit"
09:29:31 INFO  : Connected to target on host '127.0.0.1' and port '3121'.
09:29:31 INFO  : 'targets -set -filter {jtag_cable_name =~ "Digilent Zed 210248553221" && level==0} -index 1' command is executed.
09:29:34 INFO  : FPGA configured successfully with bitstream "/home/gkmikros/Dropbox/CE435/Lab3/lab3_graycounter/lab3_graycounter.sdk/lab3_simple_wrapper_hw_platform_0/lab3_simple_wrapper.bit"
09:29:44 INFO  : 'targets -set -filter {jtag_cable_name =~ "Digilent Zed 210248553221" && level==0} -index 1' command is executed.
09:29:44 INFO  : 'fpga -state' command is executed.
09:29:44 INFO  : Connected to target on host '127.0.0.1' and port '3121'.
09:29:44 INFO  : Jtag cable 'Digilent Zed 210248553221' is selected.
09:29:44 INFO  : 'jtag frequency' command is executed.
09:29:44 INFO  : Sourcing of '/home/gkmikros/Dropbox/CE435/Lab3/lab3_graycounter/lab3_graycounter.sdk/lab3_simple_wrapper_hw_platform_0/ps7_init.tcl' is done.
09:29:44 INFO  : Context for 'APU' is selected.
09:29:44 INFO  : Hardware design information is loaded from '/home/gkmikros/Dropbox/CE435/Lab3/lab3_graycounter/lab3_graycounter.sdk/lab3_simple_wrapper_hw_platform_0/system.hdf'.
09:29:44 INFO  : Context for 'APU' is selected.
09:29:44 INFO  : 'stop' command is executed.
09:29:44 INFO  : 'ps7_init' command is executed.
09:29:44 INFO  : 'ps7_post_config' command is executed.
09:29:44 INFO  : Context for processor 'ps7_cortexa9_0' is selected.
09:29:44 INFO  : Processor reset is completed for 'ps7_cortexa9_0'.
09:29:44 INFO  : Context for processor 'ps7_cortexa9_0' is selected.
09:29:44 INFO  : The application '/home/gkmikros/Dropbox/CE435/Lab3/lab3_graycounter/lab3_graycounter.sdk/lab3_gray/Debug/lab3_gray.elf' is downloaded to processor 'ps7_cortexa9_0'.
09:29:44 INFO  : ----------------XSDB Script----------------
connect -url tcp:127.0.0.1:3121
source /home/gkmikros/Dropbox/CE435/Lab3/lab3_graycounter/lab3_graycounter.sdk/lab3_simple_wrapper_hw_platform_0/ps7_init.tcl
targets -set -nocase -filter {name =~"APU*" && jtag_cable_name =~ "Digilent Zed 210248553221"} -index 0
loadhw /home/gkmikros/Dropbox/CE435/Lab3/lab3_graycounter/lab3_graycounter.sdk/lab3_simple_wrapper_hw_platform_0/system.hdf
targets -set -nocase -filter {name =~"APU*" && jtag_cable_name =~ "Digilent Zed 210248553221"} -index 0
stop
ps7_init
ps7_post_config
targets -set -nocase -filter {name =~ "ARM*#0" && jtag_cable_name =~ "Digilent Zed 210248553221"} -index 0
rst -processor
targets -set -nocase -filter {name =~ "ARM*#0" && jtag_cable_name =~ "Digilent Zed 210248553221"} -index 0
dow /home/gkmikros/Dropbox/CE435/Lab3/lab3_graycounter/lab3_graycounter.sdk/lab3_gray/Debug/lab3_gray.elf
----------------End of Script----------------

09:29:44 INFO  : Memory regions updated for context APU
09:29:44 INFO  : Context for processor 'ps7_cortexa9_0' is selected.
09:29:44 INFO  : 'con' command is executed.
09:29:44 INFO  : ----------------XSDB Script (After Launch)----------------
targets -set -nocase -filter {name =~ "ARM*#0" && jtag_cable_name =~ "Digilent Zed 210248553221"} -index 0
con
----------------End of Script----------------

09:29:45 INFO  : Launch script is exported to file '/home/gkmikros/Dropbox/CE435/Lab3/lab3_graycounter/lab3_graycounter.sdk/.sdk/launch_scripts/xilinx_c-c++_application_(system_debugger)/system_debugger_using_debug_lab3_gray.elf_on_local.tcl'
09:48:54 INFO  : Disconnected from the channel tcfchan#1.
18:18:07 INFO  : Registering command handlers for SDK TCF services
18:18:09 INFO  : Launching XSCT server: xsct -n -interactive /home/gkmikros/Dropbox/CE435/lab4/lab4_gprof/lab4_gprof.sdk/temp_xsdb_launch_script.tcl
18:18:10 ERROR : (XSDB Server)awk: symbol lookup error: awk: undefined symbol: mpfr_z_sub

18:18:18 INFO  : XSCT server has started successfully.
18:18:46 INFO  : Successfully done setting XSCT server connection channel  
18:18:46 INFO  : Successfully done setting SDK workspace  
18:18:46 INFO  : Processing command line option -hwspec /home/gkmikros/Dropbox/CE435/lab4/lab4_gprof/lab4_gprof.sdk/lab3_simple_wrapper.hdf.
01:41:22 INFO  : No changes in MSS file content so not generating sources.
01:42:17 INFO  : No changes in MSS file content so not generating sources.
01:56:43 ERROR : Checking FPGA configuration failed..Connection to Board Failed


    Unknown Error Occured
    Cable is not connected to the host

01:56:43 ERROR : Unexpected error while launching program.
com.xilinx.sdk.targetmanager.TMException: Connection to Board Failed


    Unknown Error Occured
    Cable is not connected to the host

	at com.xilinx.sdk.targetmanager.internal.TM.isFPGAConfigured(TM.java:374)
	at com.xilinx.sdk.debug.core.XilinxAppLaunchConfigurationDelegate.isFpgaConfigured(XilinxAppLaunchConfigurationDelegate.java:409)
	at com.xilinx.sdk.debug.core.XilinxAppLaunchConfigurationDelegate.launch(XilinxAppLaunchConfigurationDelegate.java:303)
	at com.xilinx.sdk.debug.ui.XilinxAppLaunchDelegateWrapper.launch(XilinxAppLaunchDelegateWrapper.java:31)
	at org.eclipse.debug.internal.core.LaunchConfiguration.launch(LaunchConfiguration.java:885)
	at org.eclipse.debug.internal.core.LaunchConfiguration.launch(LaunchConfiguration.java:739)
	at org.eclipse.debug.internal.ui.DebugUIPlugin.buildAndLaunch(DebugUIPlugin.java:1039)
	at org.eclipse.debug.internal.ui.DebugUIPlugin$8.run(DebugUIPlugin.java:1256)
	at org.eclipse.core.internal.jobs.Worker.run(Worker.java:55)
01:57:02 ERROR : Unexpected error while parsing XMD response ￿: com.google.gson.JsonSyntaxException: com.google.gson.stream.MalformedJsonException: invalid number or unquoted string near 
09:17:36 INFO  : Registering command handlers for SDK TCF services
09:17:37 INFO  : Launching XSCT server: xsct -n -interactive /home/gkmikros/Dropbox/CE435/lab4/lab4_gprof/lab4_gprof.sdk/temp_xsdb_launch_script.tcl
09:17:38 ERROR : (XSDB Server)awk: symbol lookup error: awk: undefined symbol: mpfr_z_sub

09:17:41 INFO  : XSCT server has started successfully.
09:18:04 INFO  : Successfully done setting XSCT server connection channel  
09:18:05 INFO  : Processing command line option -hwspec /home/gkmikros/Dropbox/CE435/lab4/lab4_gprof/lab4_gprof.sdk/lab3_simple_wrapper.hdf.
09:18:08 INFO  : Successfully done setting SDK workspace  
09:18:09 INFO  : Checking for hwspec changes in the project lab3_simple_wrapper_hw_platform_1.
09:18:57 INFO  : Connected to target on host '127.0.0.1' and port '3121'.
09:18:58 INFO  : 'targets -set -filter {jtag_cable_name =~ "Digilent Zed 210248650917" && level==0} -index 1' command is executed.
09:19:00 INFO  : FPGA configured successfully with bitstream "/home/gkmikros/Dropbox/CE435/lab4/lab4_gprof/lab4_gprof.sdk/lab3_simple_wrapper_hw_platform_0/lab3_simple_wrapper.bit"
09:19:23 ERROR : Unexpected error while launching program.
java.lang.RuntimeException: Error while running ps7_init method.
No Elf file associated with target


	at com.xilinx.sdk.targetmanager.internal.TM.run_ps7_init(TM.java:1089)
	at com.xilinx.sdk.debug.core.XilinxAppLaunchConfigurationDelegate.runTargetSetup(XilinxAppLaunchConfigurationDelegate.java:514)
	at com.xilinx.sdk.debug.core.XilinxAppLaunchConfigurationDelegate.runApplication(XilinxAppLaunchConfigurationDelegate.java:616)
	at com.xilinx.sdk.debug.core.XilinxAppLaunchConfigurationDelegate.launch(XilinxAppLaunchConfigurationDelegate.java:309)
	at com.xilinx.sdk.debug.ui.XilinxAppLaunchDelegateWrapper.launch(XilinxAppLaunchDelegateWrapper.java:31)
	at org.eclipse.debug.internal.core.LaunchConfiguration.launch(LaunchConfiguration.java:885)
	at org.eclipse.debug.internal.core.LaunchConfiguration.launch(LaunchConfiguration.java:739)
	at org.eclipse.debug.internal.ui.DebugUIPlugin.buildAndLaunch(DebugUIPlugin.java:1039)
	at org.eclipse.debug.internal.ui.DebugUIPlugin$8.run(DebugUIPlugin.java:1256)
	at org.eclipse.core.internal.jobs.Worker.run(Worker.java:55)
09:19:48 ERROR : Unexpected error while parsing XMD response ￿: com.google.gson.JsonSyntaxException: com.google.gson.stream.MalformedJsonException: invalid number or unquoted string near 
11:51:02 INFO  : Registering command handlers for SDK TCF services
11:51:02 INFO  : Launching XSCT server: xsct -n -interactive /home/gkmikros/Dropbox/CE435/lab4/lab4_gprof/lab4_gprof.sdk/temp_xsdb_launch_script.tcl
11:51:02 ERROR : (XSDB Server)awk: symbol lookup error: awk: undefined symbol: mpfr_z_sub

11:51:03 INFO  : XSCT server has started successfully.
11:51:04 INFO  : Successfully done setting XSCT server connection channel  
11:51:04 INFO  : Successfully done setting SDK workspace  
11:51:04 INFO  : Processing command line option -hwspec /home/gkmikros/Dropbox/CE435/lab4/lab4_gprof/lab4_gprof.sdk/lab3_simple_wrapper.hdf.
11:51:04 INFO  : Checking for hwspec changes in the project lab3_simple_wrapper_hw_platform_1.
11:52:03 INFO  : No changes in MSS file content so not generating sources.
11:53:39 INFO  : 'targets -set -filter {jtag_cable_name =~ "Digilent Zed 210248650715" && level==0} -index 1' command is executed.
11:53:39 INFO  : 'fpga -state' command is executed.
11:53:39 INFO  : Connected to target on host '127.0.0.1' and port '3121'.
11:53:39 INFO  : Jtag cable 'Digilent Zed 210248650715' is selected.
11:53:39 INFO  : 'jtag frequency' command is executed.
11:53:39 INFO  : Sourcing of '/home/gkmikros/Dropbox/CE435/lab4/lab4_gprof/lab4_gprof.sdk/lab3_simple_wrapper_hw_platform_0/ps7_init.tcl' is done.
11:53:39 INFO  : Context for 'APU' is selected.
11:53:39 INFO  : Hardware design information is loaded from '/home/gkmikros/Dropbox/CE435/lab4/lab4_gprof/lab4_gprof.sdk/lab3_simple_wrapper_hw_platform_0/system.hdf'.
11:53:39 INFO  : Context for 'APU' is selected.
11:53:39 INFO  : 'stop' command is executed.
11:53:39 INFO  : 'ps7_init' command is executed.
11:53:39 INFO  : 'ps7_post_config' command is executed.
11:53:39 INFO  : Context for processor 'ps7_cortexa9_0' is selected.
11:53:39 INFO  : Processor reset is completed for 'ps7_cortexa9_0'.
11:53:39 INFO  : Context for processor 'ps7_cortexa9_0' is selected.
11:53:40 INFO  : 'profile -freq 100000 -scratchaddr 0x10000000' command is executed.
11:53:40 INFO  : The application '/home/gkmikros/Dropbox/CE435/lab4/lab4_gprof/lab4_gprof.sdk/lab4_gprof/Debug/lab4_gprof.elf' is downloaded to processor 'ps7_cortexa9_0'.
11:53:40 INFO  : ----------------XSDB Script----------------
connect -url tcp:127.0.0.1:3121
source /home/gkmikros/Dropbox/CE435/lab4/lab4_gprof/lab4_gprof.sdk/lab3_simple_wrapper_hw_platform_0/ps7_init.tcl
targets -set -nocase -filter {name =~"APU*" && jtag_cable_name =~ "Digilent Zed 210248650715"} -index 0
loadhw /home/gkmikros/Dropbox/CE435/lab4/lab4_gprof/lab4_gprof.sdk/lab3_simple_wrapper_hw_platform_0/system.hdf
targets -set -nocase -filter {name =~"APU*" && jtag_cable_name =~ "Digilent Zed 210248650715"} -index 0
stop
ps7_init
ps7_post_config
targets -set -nocase -filter {name =~ "ARM*#0" && jtag_cable_name =~ "Digilent Zed 210248650715"} -index 0
rst -processor
targets -set -nocase -filter {name =~ "ARM*#0" && jtag_cable_name =~ "Digilent Zed 210248650715"} -index 0
profile -freq 100000 -scratchaddr 0x10000000
dow /home/gkmikros/Dropbox/CE435/lab4/lab4_gprof/lab4_gprof.sdk/lab4_gprof/Debug/lab4_gprof.elf
----------------End of Script----------------

11:53:40 INFO  : Memory regions updated for context APU
11:53:40 INFO  : Context for processor 'ps7_cortexa9_0' is selected.
11:53:40 INFO  : 'set bpid [bpadd -addr &_exit]' command is executed.
11:53:40 INFO  : 'con -block' command is executed.
11:53:41 INFO  : 'profile -out /home/gkmikros/Dropbox/CE435/lab4/lab4_gprof/lab4_gprof.sdk/lab4_gprof/Debug/gmon.out' command is executed.
11:53:41 INFO  : 'bpremove $bpid' command is executed.
11:53:41 INFO  : 'con' command is executed.
11:53:41 INFO  : ----------------XSDB Script (After Launch)----------------
targets -set -nocase -filter {name =~ "ARM*#0" && jtag_cable_name =~ "Digilent Zed 210248650715"} -index 0
set bpid [bpadd -addr &_exit]
con -block
profile -out /home/gkmikros/Dropbox/CE435/lab4/lab4_gprof/lab4_gprof.sdk/lab4_gprof/Debug/gmon.out
bpremove $bpid
con
----------------End of Script----------------

11:53:41 INFO  : Launch script is exported to file '/home/gkmikros/Dropbox/CE435/lab4/lab4_gprof/lab4_gprof.sdk/.sdk/launch_scripts/xilinx_c-c++_application_(system_debugger)/system_debugger_using_debug_lab4_gprof.elf_on_local.tcl'
12:02:31 INFO  : Disconnected from the channel tcfchan#1.
12:02:33 INFO  : Connected to target on host '127.0.0.1' and port '3121'.
12:02:33 INFO  : Jtag cable 'Digilent Zed 210248650715' is selected.
12:02:33 INFO  : 'jtag frequency' command is executed.
12:02:33 INFO  : Sourcing of '/home/gkmikros/Dropbox/CE435/lab4/lab4_gprof/lab4_gprof.sdk/lab3_simple_wrapper_hw_platform_1/ps7_init.tcl' is done.
12:02:33 INFO  : 'targets -set -filter {jtag_cable_name =~ "Digilent Zed 210248650715" && level==0} -index 1' command is executed.
12:02:40 INFO  : FPGA configured successfully with bitstream "/home/gkmikros/Dropbox/CE435/lab4/lab4_gprof/lab4_gprof.sdk/lab3_simple_wrapper_hw_platform_1/lab3_simple_wrapper.bit"
12:02:40 INFO  : Context for 'APU' is selected.
12:02:40 INFO  : Hardware design information is loaded from '/home/gkmikros/Dropbox/CE435/lab4/lab4_gprof/lab4_gprof.sdk/lab3_simple_wrapper_hw_platform_1/system.hdf'.
12:02:40 INFO  : Context for 'APU' is selected.
12:02:40 INFO  : 'stop' command is executed.
12:02:40 INFO  : 'ps7_init' command is executed.
12:02:40 INFO  : 'ps7_post_config' command is executed.
12:02:40 INFO  : ----------------XSDB Script----------------
connect -url tcp:127.0.0.1:3121
source /home/gkmikros/Dropbox/CE435/lab4/lab4_gprof/lab4_gprof.sdk/lab3_simple_wrapper_hw_platform_1/ps7_init.tcl
targets -set -filter {jtag_cable_name =~ "Digilent Zed 210248650715" && level==0} -index 1
fpga -file /home/gkmikros/Dropbox/CE435/lab4/lab4_gprof/lab4_gprof.sdk/lab3_simple_wrapper_hw_platform_1/lab3_simple_wrapper.bit
targets -set -nocase -filter {name =~"APU*" && jtag_cable_name =~ "Digilent Zed 210248650715"} -index 0
loadhw /home/gkmikros/Dropbox/CE435/lab4/lab4_gprof/lab4_gprof.sdk/lab3_simple_wrapper_hw_platform_1/system.hdf
targets -set -nocase -filter {name =~"APU*" && jtag_cable_name =~ "Digilent Zed 210248650715"} -index 0
stop
ps7_init
ps7_post_config
----------------End of Script----------------

12:02:40 INFO  : Memory regions updated for context APU
12:02:40 INFO  : Launch script is exported to file '/home/gkmikros/Dropbox/CE435/lab4/lab4_gprof/lab4_gprof.sdk/.sdk/launch_scripts/xilinx_c-c++_application_(system_debugger)/system_debugger_using_debug_lab4_gprof.elf_on_local.tcl'
12:05:11 INFO  : Disconnected from the channel tcfchan#2.
