
*** Running vivado
    with args -log lab3_simple_axi_gpio_0_0.vds -m64 -product Vivado -mode batch -messageDb vivado.pb -notrace -source lab3_simple_axi_gpio_0_0.tcl

awk: symbol lookup error: awk: undefined symbol: mpfr_z_sub

****** Vivado v2016.4 (64-bit)
  **** SW Build 1756540 on Mon Jan 23 19:11:19 MST 2017
  **** IP Build 1755317 on Mon Jan 23 20:30:07 MST 2017
    ** Copyright 1986-2016 Xilinx, Inc. All Rights Reserved.

source lab3_simple_axi_gpio_0_0.tcl -notrace
awk: symbol lookup error: awk: undefined symbol: mpfr_z_sub
Starting RTL Elaboration : Time (s): cpu = 00:00:10 ; elapsed = 00:00:45 . Memory (MB): peak = 1107.555 ; gain = 177.086 ; free physical = 510 ; free virtual = 3479
INFO: [Synth 8-638] synthesizing module 'lab3_simple_axi_gpio_0_0' [/home/gkmikros/lab3.1_backup/lab3.1_backup.srcs/sources_1/bd/lab3_simple/ip/lab3_simple_axi_gpio_0_0/synth/lab3_simple_axi_gpio_0_0.vhd:84]
INFO: [Synth 8-638] synthesizing module 'axi_gpio' [/home/gkmikros/lab3.1_backup/lab3.1_backup.srcs/sources_1/bd/lab3_simple/ipshared/4f16/hdl/axi_gpio_v2_0_vh_rfs.vhd:1091]
INFO: [Synth 8-638] synthesizing module 'axi_lite_ipif' [/home/gkmikros/lab3.1_backup/lab3.1_backup.srcs/sources_1/bd/lab3_simple/ipshared/0ba0/hdl/axi_lite_ipif_v3_0_vh_rfs.vhd:2948]
INFO: [Synth 8-638] synthesizing module 'slave_attachment' [/home/gkmikros/lab3.1_backup/lab3.1_backup.srcs/sources_1/bd/lab3_simple/ipshared/0ba0/hdl/axi_lite_ipif_v3_0_vh_rfs.vhd:2341]
INFO: [Synth 8-638] synthesizing module 'address_decoder' [/home/gkmikros/lab3.1_backup/lab3.1_backup.srcs/sources_1/bd/lab3_simple/ipshared/0ba0/hdl/axi_lite_ipif_v3_0_vh_rfs.vhd:1775]
INFO: [Synth 8-638] synthesizing module 'pselect_f' [/home/gkmikros/lab3.1_backup/lab3.1_backup.srcs/sources_1/bd/lab3_simple/ipshared/0ba0/hdl/axi_lite_ipif_v3_0_vh_rfs.vhd:1534]
INFO: [Synth 8-256] done synthesizing module 'pselect_f' (1#1) [/home/gkmikros/lab3.1_backup/lab3.1_backup.srcs/sources_1/bd/lab3_simple/ipshared/0ba0/hdl/axi_lite_ipif_v3_0_vh_rfs.vhd:1534]
INFO: [Synth 8-638] synthesizing module 'pselect_f__parameterized0' [/home/gkmikros/lab3.1_backup/lab3.1_backup.srcs/sources_1/bd/lab3_simple/ipshared/0ba0/hdl/axi_lite_ipif_v3_0_vh_rfs.vhd:1534]
INFO: [Synth 8-256] done synthesizing module 'pselect_f__parameterized0' (1#1) [/home/gkmikros/lab3.1_backup/lab3.1_backup.srcs/sources_1/bd/lab3_simple/ipshared/0ba0/hdl/axi_lite_ipif_v3_0_vh_rfs.vhd:1534]
INFO: [Synth 8-638] synthesizing module 'pselect_f__parameterized1' [/home/gkmikros/lab3.1_backup/lab3.1_backup.srcs/sources_1/bd/lab3_simple/ipshared/0ba0/hdl/axi_lite_ipif_v3_0_vh_rfs.vhd:1534]
INFO: [Synth 8-256] done synthesizing module 'pselect_f__parameterized1' (1#1) [/home/gkmikros/lab3.1_backup/lab3.1_backup.srcs/sources_1/bd/lab3_simple/ipshared/0ba0/hdl/axi_lite_ipif_v3_0_vh_rfs.vhd:1534]
INFO: [Synth 8-638] synthesizing module 'pselect_f__parameterized2' [/home/gkmikros/lab3.1_backup/lab3.1_backup.srcs/sources_1/bd/lab3_simple/ipshared/0ba0/hdl/axi_lite_ipif_v3_0_vh_rfs.vhd:1534]
INFO: [Synth 8-256] done synthesizing module 'pselect_f__parameterized2' (1#1) [/home/gkmikros/lab3.1_backup/lab3.1_backup.srcs/sources_1/bd/lab3_simple/ipshared/0ba0/hdl/axi_lite_ipif_v3_0_vh_rfs.vhd:1534]
INFO: [Synth 8-256] done synthesizing module 'address_decoder' (2#1) [/home/gkmikros/lab3.1_backup/lab3.1_backup.srcs/sources_1/bd/lab3_simple/ipshared/0ba0/hdl/axi_lite_ipif_v3_0_vh_rfs.vhd:1775]
INFO: [Synth 8-256] done synthesizing module 'slave_attachment' (3#1) [/home/gkmikros/lab3.1_backup/lab3.1_backup.srcs/sources_1/bd/lab3_simple/ipshared/0ba0/hdl/axi_lite_ipif_v3_0_vh_rfs.vhd:2341]
INFO: [Synth 8-256] done synthesizing module 'axi_lite_ipif' (4#1) [/home/gkmikros/lab3.1_backup/lab3.1_backup.srcs/sources_1/bd/lab3_simple/ipshared/0ba0/hdl/axi_lite_ipif_v3_0_vh_rfs.vhd:2948]
INFO: [Synth 8-638] synthesizing module 'GPIO_Core' [/home/gkmikros/lab3.1_backup/lab3.1_backup.srcs/sources_1/bd/lab3_simple/ipshared/4f16/hdl/axi_gpio_v2_0_vh_rfs.vhd:173]
INFO: [Synth 8-638] synthesizing module 'cdc_sync' [/home/gkmikros/lab3.1_backup/lab3.1_backup.srcs/sources_1/bd/lab3_simple/ipshared/52cb/hdl/lib_cdc_v1_0_rfs.vhd:106]
INFO: [Synth 8-256] done synthesizing module 'cdc_sync' (5#1) [/home/gkmikros/lab3.1_backup/lab3.1_backup.srcs/sources_1/bd/lab3_simple/ipshared/52cb/hdl/lib_cdc_v1_0_rfs.vhd:106]
INFO: [Synth 8-256] done synthesizing module 'GPIO_Core' (6#1) [/home/gkmikros/lab3.1_backup/lab3.1_backup.srcs/sources_1/bd/lab3_simple/ipshared/4f16/hdl/axi_gpio_v2_0_vh_rfs.vhd:173]
INFO: [Synth 8-256] done synthesizing module 'axi_gpio' (7#1) [/home/gkmikros/lab3.1_backup/lab3.1_backup.srcs/sources_1/bd/lab3_simple/ipshared/4f16/hdl/axi_gpio_v2_0_vh_rfs.vhd:1091]
INFO: [Synth 8-256] done synthesizing module 'lab3_simple_axi_gpio_0_0' (8#1) [/home/gkmikros/lab3.1_backup/lab3.1_backup.srcs/sources_1/bd/lab3_simple/ip/lab3_simple_axi_gpio_0_0/synth/lab3_simple_axi_gpio_0_0.vhd:84]
Finished RTL Elaboration : Time (s): cpu = 00:00:11 ; elapsed = 00:00:46 . Memory (MB): peak = 1150.023 ; gain = 219.555 ; free physical = 419 ; free virtual = 3391
Finished RTL Optimization Phase 1 : Time (s): cpu = 00:00:11 ; elapsed = 00:00:47 . Memory (MB): peak = 1150.023 ; gain = 219.555 ; free physical = 414 ; free virtual = 3386
INFO: [Device 21-403] Loading part xc7z020clg484-1
Constraint Validation Runtime : Time (s): cpu = 00:00:00.03 ; elapsed = 00:00:00.04 . Memory (MB): peak = 1497.555 ; gain = 0.000 ; free physical = 122 ; free virtual = 2933
Finished Constraint Validation : Time (s): cpu = 00:00:23 ; elapsed = 00:01:13 . Memory (MB): peak = 1497.555 ; gain = 567.086 ; free physical = 112 ; free virtual = 2926
Finished Loading Part and Timing Information : Time (s): cpu = 00:00:23 ; elapsed = 00:01:13 . Memory (MB): peak = 1497.555 ; gain = 567.086 ; free physical = 112 ; free virtual = 2926
Finished applying 'set_property' XDC Constraints : Time (s): cpu = 00:00:23 ; elapsed = 00:01:13 . Memory (MB): peak = 1497.555 ; gain = 567.086 ; free physical = 112 ; free virtual = 2926
Finished RTL Optimization Phase 2 : Time (s): cpu = 00:00:23 ; elapsed = 00:01:14 . Memory (MB): peak = 1497.555 ; gain = 567.086 ; free physical = 129 ; free virtual = 2936
Finished Cross Boundary and Area Optimization : Time (s): cpu = 00:00:24 ; elapsed = 00:01:15 . Memory (MB): peak = 1497.555 ; gain = 567.086 ; free physical = 116 ; free virtual = 2917
Finished Applying XDC Timing Constraints : Time (s): cpu = 00:00:32 ; elapsed = 00:01:25 . Memory (MB): peak = 1497.555 ; gain = 567.086 ; free physical = 120 ; free virtual = 2861
Finished Timing Optimization : Time (s): cpu = 00:00:33 ; elapsed = 00:01:25 . Memory (MB): peak = 1497.555 ; gain = 567.086 ; free physical = 111 ; free virtual = 2852
Finished Technology Mapping : Time (s): cpu = 00:00:33 ; elapsed = 00:01:25 . Memory (MB): peak = 1497.555 ; gain = 567.086 ; free physical = 102 ; free virtual = 2843
Finished IO Insertion : Time (s): cpu = 00:00:33 ; elapsed = 00:01:25 . Memory (MB): peak = 1497.555 ; gain = 567.086 ; free physical = 101 ; free virtual = 2843
Finished Renaming Generated Instances : Time (s): cpu = 00:00:33 ; elapsed = 00:01:25 . Memory (MB): peak = 1497.555 ; gain = 567.086 ; free physical = 101 ; free virtual = 2843
Finished Rebuilding User Hierarchy : Time (s): cpu = 00:00:33 ; elapsed = 00:01:25 . Memory (MB): peak = 1497.555 ; gain = 567.086 ; free physical = 101 ; free virtual = 2843
Finished Renaming Generated Ports : Time (s): cpu = 00:00:33 ; elapsed = 00:01:25 . Memory (MB): peak = 1497.555 ; gain = 567.086 ; free physical = 101 ; free virtual = 2843
Finished Handling Custom Attributes : Time (s): cpu = 00:00:33 ; elapsed = 00:01:25 . Memory (MB): peak = 1497.555 ; gain = 567.086 ; free physical = 101 ; free virtual = 2843
Finished Renaming Generated Nets : Time (s): cpu = 00:00:33 ; elapsed = 00:01:25 . Memory (MB): peak = 1497.555 ; gain = 567.086 ; free physical = 101 ; free virtual = 2843

Report Cell Usage: 
+------+-----+------+
|      |Cell |Count |
+------+-----+------+
|1     |LUT1 |     2|
|2     |LUT2 |     5|
|3     |LUT3 |     4|
|4     |LUT4 |    11|
|5     |LUT5 |    11|
|6     |LUT6 |    14|
|7     |FDR  |    32|
|8     |FDRE |    61|
|9     |FDSE |     8|
+------+-----+------+
Finished Writing Synthesis Report : Time (s): cpu = 00:00:33 ; elapsed = 00:01:25 . Memory (MB): peak = 1497.555 ; gain = 567.086 ; free physical = 101 ; free virtual = 2843
synth_design: Time (s): cpu = 00:00:29 ; elapsed = 00:00:49 . Memory (MB): peak = 1497.562 ; gain = 476.590 ; free physical = 101 ; free virtual = 2840
